<?xml version="1.0" encoding="UTF-8"?>
<testsuite xmlns:xsi="http://www.w3.org/2001/XMLSchema-instance" xsi:noNamespaceSchemaLocation="https://maven.apache.org/surefire/maven-surefire-plugin/xsd/surefire-test-report.xsd" version="3.0.2" name="com.vdc.pdi.behaviorarchive.repository.BehaviorArchiveRepositoryTest" time="0.172" tests="15" errors="0" skipped="0" failures="0">
  <properties>
[...]
</properties>
  <testcase name="delete_LogicalDelete" classname="行为档案Repository测试" time="0.023">
    <system-out><![CDATA[2026-04-06T00:52:15.905+08:00  INFO 69205 --- [pdi-behavior-archive-test] [           main] t.c.s.AnnotationConfigContextLoaderUtils : Could not detect default configuration classes for test class [com.vdc.pdi.behaviorarchive.repository.BehaviorArchiveRepositoryTest]: BehaviorArchiveRepositoryTest does not declare any static, non-private, non-final, nested classes annotated with @Configuration.
2026-04-06T00:52:15.910+08:00  INFO 69205 --- [pdi-behavior-archive-test] [           main] .b.t.c.SpringBootTestContextBootstrapper : Found @SpringBootConfiguration com.vdc.pdi.behaviorarchive.TestApplication for test class com.vdc.pdi.behaviorarchive.repository.BehaviorArchiveRepositoryTest
2026-04-06T00:52:15.912+08:00 DEBUG 69205 --- [pdi-behavior-archive-test] [           main] o.s.j.datasource.SimpleDriverDataSource  : Creating new JDBC Driver Connection to [jdbc:h2:mem:d79a9649-c6f3-4d1b-aa26-941ac9080456;DB_CLOSE_DELAY=-1;DB_CLOSE_ON_EXIT=false]
2026-04-06T00:52:15.916+08:00 DEBUG 69205 --- [pdi-behavior-archive-test] [           main] org.hibernate.SQL                        : 
    /* <criteria> */ select
        ba1_0.id,
        ba1_0.actual_duration,
        ba1_0.channel_id,
        ba1_0.created_at,
        ba1_0.created_by,
        ba1_0.deleted_at,
        ba1_0.end_time,
        ba1_0.estimated_duration,
        ba1_0.pdi_task_id,
        ba1_0.site_id,
        ba1_0.start_time,
        ba1_0.status,
        ba1_0.updated_at 
    from
        behavior_archive ba1_0
Hibernate: 
    /* <criteria> */ select
        ba1_0.id,
        ba1_0.actual_duration,
        ba1_0.channel_id,
        ba1_0.created_at,
        ba1_0.created_by,
        ba1_0.deleted_at,
        ba1_0.end_time,
        ba1_0.estimated_duration,
        ba1_0.pdi_task_id,
        ba1_0.site_id,
        ba1_0.start_time,
        ba1_0.status,
        ba1_0.updated_at 
    from
        behavior_archive ba1_0
2026-04-06T00:52:15.918+08:00 DEBUG 69205 --- [pdi-behavior-archive-test] [           main] org.hibernate.SQL                        : 
    /* insert for
        com.vdc.pdi.behaviorarchive.domain.entity.BehaviorArchive */insert 
    into
        behavior_archive (actual_duration, channel_id, created_at, created_by, deleted_at, end_time, estimated_duration, pdi_task_id, site_id, start_time, status, updated_at, id) 
    values
        (?, ?, ?, ?, ?, ?, ?, ?, ?, ?, ?, ?, default)
Hibernate: 
    /* insert for
        com.vdc.pdi.behaviorarchive.domain.entity.BehaviorArchive */insert 
    into
        behavior_archive (actual_duration, channel_id, created_at, created_by, deleted_at, end_time, estimated_duration, pdi_task_id, site_id, start_time, status, updated_at, id) 
    values
        (?, ?, ?, ?, ?, ?, ?, ?, ?, ?, ?, ?, default)
2026-04-06T00:52:15.927+08:00 DEBUG 69205 --- [pdi-behavior-archive-test] [           main] org.hibernate.SQL                        : 
    /* update
        for com.vdc.pdi.behaviorarchive.domain.entity.BehaviorArchive */update behavior_archive 
    set
        actual_duration=?,
        channel_id=?,
        created_by=?,
        deleted_at=?,
        end_time=?,
        estimated_duration=?,
        pdi_task_id=?,
        site_id=?,
        start_time=?,
        status=?,
        updated_at=? 
    where
        id=?
Hibernate: 
    /* update
        for com.vdc.pdi.behaviorarchive.domain.entity.BehaviorArchive */update behavior_archive 
    set
        actual_duration=?,
        channel_id=?,
        created_by=?,
        deleted_at=?,
        end_time=?,
        estimated_duration=?,
        pdi_task_id=?,
        site_id=?,
        start_time=?,
        status=?,
        updated_at=? 
    where
        id=?
]]></system-out>
  </testcase>
  <testcase name="findArchivesWithFilters_CombinedFilters" classname="行为档案Repository测试" time="0.017">
    <system-out><![CDATA[2026-04-06T00:52:15.937+08:00 DEBUG 69205 --- [pdi-behavior-archive-test] [           main] o.s.j.datasource.SimpleDriverDataSource  : Creating new JDBC Driver Connection to [jdbc:h2:mem:d79a9649-c6f3-4d1b-aa26-941ac9080456;DB_CLOSE_DELAY=-1;DB_CLOSE_ON_EXIT=false]
2026-04-06T00:52:15.938+08:00 DEBUG 69205 --- [pdi-behavior-archive-test] [           main] org.hibernate.SQL                        : 
    /* <criteria> */ select
        ba1_0.id,
        ba1_0.actual_duration,
        ba1_0.channel_id,
        ba1_0.created_at,
        ba1_0.created_by,
        ba1_0.deleted_at,
        ba1_0.end_time,
        ba1_0.estimated_duration,
        ba1_0.pdi_task_id,
        ba1_0.site_id,
        ba1_0.start_time,
        ba1_0.status,
        ba1_0.updated_at 
    from
        behavior_archive ba1_0
Hibernate: 
    /* <criteria> */ select
        ba1_0.id,
        ba1_0.actual_duration,
        ba1_0.channel_id,
        ba1_0.created_at,
        ba1_0.created_by,
        ba1_0.deleted_at,
        ba1_0.end_time,
        ba1_0.estimated_duration,
        ba1_0.pdi_task_id,
        ba1_0.site_id,
        ba1_0.start_time,
        ba1_0.status,
        ba1_0.updated_at 
    from
        behavior_archive ba1_0
2026-04-06T00:52:15.939+08:00 DEBUG 69205 --- [pdi-behavior-archive-test] [           main] org.hibernate.SQL                        : 
    /* insert for
        com.vdc.pdi.behaviorarchive.domain.entity.BehaviorArchive */insert 
    into
        behavior_archive (actual_duration, channel_id, created_at, created_by, deleted_at, end_time, estimated_duration, pdi_task_id, site_id, start_time, status, updated_at, id) 
    values
        (?, ?, ?, ?, ?, ?, ?, ?, ?, ?, ?, ?, default)
Hibernate: 
    /* insert for
        com.vdc.pdi.behaviorarchive.domain.entity.BehaviorArchive */insert 
    into
        behavior_archive (actual_duration, channel_id, created_at, created_by, deleted_at, end_time, estimated_duration, pdi_task_id, site_id, start_time, status, updated_at, id) 
    values
        (?, ?, ?, ?, ?, ?, ?, ?, ?, ?, ?, ?, default)
2026-04-06T00:52:15.940+08:00 DEBUG 69205 --- [pdi-behavior-archive-test] [           main] org.hibernate.SQL                        : 
    /* insert for
        com.vdc.pdi.behaviorarchive.domain.entity.BehaviorArchive */insert 
    into
        behavior_archive (actual_duration, channel_id, created_at, created_by, deleted_at, end_time, estimated_duration, pdi_task_id, site_id, start_time, status, updated_at, id) 
    values
        (?, ?, ?, ?, ?, ?, ?, ?, ?, ?, ?, ?, default)
Hibernate: 
    /* insert for
        com.vdc.pdi.behaviorarchive.domain.entity.BehaviorArchive */insert 
    into
        behavior_archive (actual_duration, channel_id, created_at, created_by, deleted_at, end_time, estimated_duration, pdi_task_id, site_id, start_time, status, updated_at, id) 
    values
        (?, ?, ?, ?, ?, ?, ?, ?, ?, ?, ?, ?, default)
2026-04-06T00:52:15.940+08:00 DEBUG 69205 --- [pdi-behavior-archive-test] [           main] org.hibernate.SQL                        : 
    /* insert for
        com.vdc.pdi.behaviorarchive.domain.entity.BehaviorArchive */insert 
    into
        behavior_archive (actual_duration, channel_id, created_at, created_by, deleted_at, end_time, estimated_duration, pdi_task_id, site_id, start_time, status, updated_at, id) 
    values
        (?, ?, ?, ?, ?, ?, ?, ?, ?, ?, ?, ?, default)
Hibernate: 
    /* insert for
        com.vdc.pdi.behaviorarchive.domain.entity.BehaviorArchive */insert 
    into
        behavior_archive (actual_duration, channel_id, created_at, created_by, deleted_at, end_time, estimated_duration, pdi_task_id, site_id, start_time, status, updated_at, id) 
    values
        (?, ?, ?, ?, ?, ?, ?, ?, ?, ?, ?, ?, default)
2026-04-06T00:52:15.945+08:00 DEBUG 69205 --- [pdi-behavior-archive-test] [           main] org.hibernate.SQL                        : 
    /* SELECT
        a 
    FROM
        BehaviorArchive a 
    WHERE
        a.deletedAt IS NULL 
        AND (
            :siteId IS NULL 
            OR a.siteId = :siteId
        ) 
        AND (
            :status IS NULL 
            OR a.status = :status
        ) 
        AND (
            :channelId IS NULL 
            OR a.channelId = :channelId
        ) 
        AND (
            :startTimeFrom IS NULL 
            OR a.startTime >= :startTimeFrom
        ) 
        AND (
            :startTimeTo IS NULL 
            OR a.startTime <= :startTimeTo
        ) 
    ORDER BY
        a.startTime DESC */ select
            ba1_0.id,
            ba1_0.actual_duration,
            ba1_0.channel_id,
            ba1_0.created_at,
            ba1_0.created_by,
            ba1_0.deleted_at,
            ba1_0.end_time,
            ba1_0.estimated_duration,
            ba1_0.pdi_task_id,
            ba1_0.site_id,
            ba1_0.start_time,
            ba1_0.status,
            ba1_0.updated_at 
        from
            behavior_archive ba1_0 
        where
            ba1_0.deleted_at is null 
            and (
                ? is null 
                or ba1_0.site_id=?
            ) 
            and (
                ? is null 
                or ba1_0.status=?
            ) 
            and (
                ? is null 
                or ba1_0.channel_id=?
            ) 
            and (
                ? is null 
                or ba1_0.start_time>=?
            ) 
            and (
                ? is null 
                or ba1_0.start_time<=?
            ) 
        order by
            ba1_0.start_time desc 
        offset
            ? rows 
        fetch
            first ? rows only
Hibernate: 
    /* SELECT
        a 
    FROM
        BehaviorArchive a 
    WHERE
        a.deletedAt IS NULL 
        AND (
            :siteId IS NULL 
            OR a.siteId = :siteId
        ) 
        AND (
            :status IS NULL 
            OR a.status = :status
        ) 
        AND (
            :channelId IS NULL 
            OR a.channelId = :channelId
        ) 
        AND (
            :startTimeFrom IS NULL 
            OR a.startTime >= :startTimeFrom
        ) 
        AND (
            :startTimeTo IS NULL 
            OR a.startTime <= :startTimeTo
        ) 
    ORDER BY
        a.startTime DESC */ select
            ba1_0.id,
            ba1_0.actual_duration,
            ba1_0.channel_id,
            ba1_0.created_at,
            ba1_0.created_by,
            ba1_0.deleted_at,
            ba1_0.end_time,
            ba1_0.estimated_duration,
            ba1_0.pdi_task_id,
            ba1_0.site_id,
            ba1_0.start_time,
            ba1_0.status,
            ba1_0.updated_at 
        from
            behavior_archive ba1_0 
        where
            ba1_0.deleted_at is null 
            and (
                ? is null 
                or ba1_0.site_id=?
            ) 
            and (
                ? is null 
                or ba1_0.status=?
            ) 
            and (
                ? is null 
                or ba1_0.channel_id=?
            ) 
            and (
                ? is null 
                or ba1_0.start_time>=?
            ) 
            and (
                ? is null 
                or ba1_0.start_time<=?
            ) 
        order by
            ba1_0.start_time desc 
        offset
            ? rows 
        fetch
            first ? rows only
]]></system-out>
  </testcase>
  <testcase name="update_Success" classname="行为档案Repository测试" time="0.007">
    <system-out><![CDATA[2026-04-06T00:52:15.954+08:00 DEBUG 69205 --- [pdi-behavior-archive-test] [           main] o.s.j.datasource.SimpleDriverDataSource  : Creating new JDBC Driver Connection to [jdbc:h2:mem:d79a9649-c6f3-4d1b-aa26-941ac9080456;DB_CLOSE_DELAY=-1;DB_CLOSE_ON_EXIT=false]
2026-04-06T00:52:15.956+08:00 DEBUG 69205 --- [pdi-behavior-archive-test] [           main] org.hibernate.SQL                        : 
    /* <criteria> */ select
        ba1_0.id,
        ba1_0.actual_duration,
        ba1_0.channel_id,
        ba1_0.created_at,
        ba1_0.created_by,
        ba1_0.deleted_at,
        ba1_0.end_time,
        ba1_0.estimated_duration,
        ba1_0.pdi_task_id,
        ba1_0.site_id,
        ba1_0.start_time,
        ba1_0.status,
        ba1_0.updated_at 
    from
        behavior_archive ba1_0
Hibernate: 
    /* <criteria> */ select
        ba1_0.id,
        ba1_0.actual_duration,
        ba1_0.channel_id,
        ba1_0.created_at,
        ba1_0.created_by,
        ba1_0.deleted_at,
        ba1_0.end_time,
        ba1_0.estimated_duration,
        ba1_0.pdi_task_id,
        ba1_0.site_id,
        ba1_0.start_time,
        ba1_0.status,
        ba1_0.updated_at 
    from
        behavior_archive ba1_0
2026-04-06T00:52:15.958+08:00 DEBUG 69205 --- [pdi-behavior-archive-test] [           main] org.hibernate.SQL                        : 
    /* insert for
        com.vdc.pdi.behaviorarchive.domain.entity.BehaviorArchive */insert 
    into
        behavior_archive (actual_duration, channel_id, created_at, created_by, deleted_at, end_time, estimated_duration, pdi_task_id, site_id, start_time, status, updated_at, id) 
    values
        (?, ?, ?, ?, ?, ?, ?, ?, ?, ?, ?, ?, default)
Hibernate: 
    /* insert for
        com.vdc.pdi.behaviorarchive.domain.entity.BehaviorArchive */insert 
    into
        behavior_archive (actual_duration, channel_id, created_at, created_by, deleted_at, end_time, estimated_duration, pdi_task_id, site_id, start_time, status, updated_at, id) 
    values
        (?, ?, ?, ?, ?, ?, ?, ?, ?, ?, ?, ?, default)
2026-04-06T00:52:15.959+08:00 DEBUG 69205 --- [pdi-behavior-archive-test] [           main] org.hibernate.SQL                        : 
    /* update
        for com.vdc.pdi.behaviorarchive.domain.entity.BehaviorArchive */update behavior_archive 
    set
        actual_duration=?,
        channel_id=?,
        created_by=?,
        deleted_at=?,
        end_time=?,
        estimated_duration=?,
        pdi_task_id=?,
        site_id=?,
        start_time=?,
        status=?,
        updated_at=? 
    where
        id=?
Hibernate: 
    /* update
        for com.vdc.pdi.behaviorarchive.domain.entity.BehaviorArchive */update behavior_archive 
    set
        actual_duration=?,
        channel_id=?,
        created_by=?,
        deleted_at=?,
        end_time=?,
        estimated_duration=?,
        pdi_task_id=?,
        site_id=?,
        start_time=?,
        status=?,
        updated_at=? 
    where
        id=?
]]></system-out>
  </testcase>
  <testcase name="findById_Exists" classname="行为档案Repository测试" time="0.004">
    <system-out><![CDATA[2026-04-06T00:52:15.962+08:00 DEBUG 69205 --- [pdi-behavior-archive-test] [           main] o.s.j.datasource.SimpleDriverDataSource  : Creating new JDBC Driver Connection to [jdbc:h2:mem:d79a9649-c6f3-4d1b-aa26-941ac9080456;DB_CLOSE_DELAY=-1;DB_CLOSE_ON_EXIT=false]
2026-04-06T00:52:15.963+08:00 DEBUG 69205 --- [pdi-behavior-archive-test] [           main] org.hibernate.SQL                        : 
    /* <criteria> */ select
        ba1_0.id,
        ba1_0.actual_duration,
        ba1_0.channel_id,
        ba1_0.created_at,
        ba1_0.created_by,
        ba1_0.deleted_at,
        ba1_0.end_time,
        ba1_0.estimated_duration,
        ba1_0.pdi_task_id,
        ba1_0.site_id,
        ba1_0.start_time,
        ba1_0.status,
        ba1_0.updated_at 
    from
        behavior_archive ba1_0
Hibernate: 
    /* <criteria> */ select
        ba1_0.id,
        ba1_0.actual_duration,
        ba1_0.channel_id,
        ba1_0.created_at,
        ba1_0.created_by,
        ba1_0.deleted_at,
        ba1_0.end_time,
        ba1_0.estimated_duration,
        ba1_0.pdi_task_id,
        ba1_0.site_id,
        ba1_0.start_time,
        ba1_0.status,
        ba1_0.updated_at 
    from
        behavior_archive ba1_0
2026-04-06T00:52:15.964+08:00 DEBUG 69205 --- [pdi-behavior-archive-test] [           main] org.hibernate.SQL                        : 
    /* insert for
        com.vdc.pdi.behaviorarchive.domain.entity.BehaviorArchive */insert 
    into
        behavior_archive (actual_duration, channel_id, created_at, created_by, deleted_at, end_time, estimated_duration, pdi_task_id, site_id, start_time, status, updated_at, id) 
    values
        (?, ?, ?, ?, ?, ?, ?, ?, ?, ?, ?, ?, default)
Hibernate: 
    /* insert for
        com.vdc.pdi.behaviorarchive.domain.entity.BehaviorArchive */insert 
    into
        behavior_archive (actual_duration, channel_id, created_at, created_by, deleted_at, end_time, estimated_duration, pdi_task_id, site_id, start_time, status, updated_at, id) 
    values
        (?, ?, ?, ?, ?, ?, ?, ?, ?, ?, ?, ?, default)
]]></system-out>
  </testcase>
  <testcase name="findArchivesWithFilters_SecondPage" classname="行为档案Repository测试" time="0.027">
    <system-out><![CDATA[2026-04-06T00:52:15.967+08:00 DEBUG 69205 --- [pdi-behavior-archive-test] [           main] o.s.j.datasource.SimpleDriverDataSource  : Creating new JDBC Driver Connection to [jdbc:h2:mem:d79a9649-c6f3-4d1b-aa26-941ac9080456;DB_CLOSE_DELAY=-1;DB_CLOSE_ON_EXIT=false]
2026-04-06T00:52:15.968+08:00 DEBUG 69205 --- [pdi-behavior-archive-test] [           main] org.hibernate.SQL                        : 
    /* <criteria> */ select
        ba1_0.id,
        ba1_0.actual_duration,
        ba1_0.channel_id,
        ba1_0.created_at,
        ba1_0.created_by,
        ba1_0.deleted_at,
        ba1_0.end_time,
        ba1_0.estimated_duration,
        ba1_0.pdi_task_id,
        ba1_0.site_id,
        ba1_0.start_time,
        ba1_0.status,
        ba1_0.updated_at 
    from
        behavior_archive ba1_0
Hibernate: 
    /* <criteria> */ select
        ba1_0.id,
        ba1_0.actual_duration,
        ba1_0.channel_id,
        ba1_0.created_at,
        ba1_0.created_by,
        ba1_0.deleted_at,
        ba1_0.end_time,
        ba1_0.estimated_duration,
        ba1_0.pdi_task_id,
        ba1_0.site_id,
        ba1_0.start_time,
        ba1_0.status,
        ba1_0.updated_at 
    from
        behavior_archive ba1_0
2026-04-06T00:52:15.969+08:00 DEBUG 69205 --- [pdi-behavior-archive-test] [           main] org.hibernate.SQL                        : 
    /* insert for
        com.vdc.pdi.behaviorarchive.domain.entity.BehaviorArchive */insert 
    into
        behavior_archive (actual_duration, channel_id, created_at, created_by, deleted_at, end_time, estimated_duration, pdi_task_id, site_id, start_time, status, updated_at, id) 
    values
        (?, ?, ?, ?, ?, ?, ?, ?, ?, ?, ?, ?, default)
Hibernate: 
    /* insert for
        com.vdc.pdi.behaviorarchive.domain.entity.BehaviorArchive */insert 
    into
        behavior_archive (actual_duration, channel_id, created_at, created_by, deleted_at, end_time, estimated_duration, pdi_task_id, site_id, start_time, status, updated_at, id) 
    values
        (?, ?, ?, ?, ?, ?, ?, ?, ?, ?, ?, ?, default)
2026-04-06T00:52:15.970+08:00 DEBUG 69205 --- [pdi-behavior-archive-test] [           main] org.hibernate.SQL                        : 
    /* insert for
        com.vdc.pdi.behaviorarchive.domain.entity.BehaviorArchive */insert 
    into
        behavior_archive (actual_duration, channel_id, created_at, created_by, deleted_at, end_time, estimated_duration, pdi_task_id, site_id, start_time, status, updated_at, id) 
    values
        (?, ?, ?, ?, ?, ?, ?, ?, ?, ?, ?, ?, default)
Hibernate: 
    /* insert for
        com.vdc.pdi.behaviorarchive.domain.entity.BehaviorArchive */insert 
    into
        behavior_archive (actual_duration, channel_id, created_at, created_by, deleted_at, end_time, estimated_duration, pdi_task_id, site_id, start_time, status, updated_at, id) 
    values
        (?, ?, ?, ?, ?, ?, ?, ?, ?, ?, ?, ?, default)
2026-04-06T00:52:15.970+08:00 DEBUG 69205 --- [pdi-behavior-archive-test] [           main] org.hibernate.SQL                        : 
    /* insert for
        com.vdc.pdi.behaviorarchive.domain.entity.BehaviorArchive */insert 
    into
        behavior_archive (actual_duration, channel_id, created_at, created_by, deleted_at, end_time, estimated_duration, pdi_task_id, site_id, start_time, status, updated_at, id) 
    values
        (?, ?, ?, ?, ?, ?, ?, ?, ?, ?, ?, ?, default)
Hibernate: 
    /* insert for
        com.vdc.pdi.behaviorarchive.domain.entity.BehaviorArchive */insert 
    into
        behavior_archive (actual_duration, channel_id, created_at, created_by, deleted_at, end_time, estimated_duration, pdi_task_id, site_id, start_time, status, updated_at, id) 
    values
        (?, ?, ?, ?, ?, ?, ?, ?, ?, ?, ?, ?, default)
2026-04-06T00:52:15.970+08:00 DEBUG 69205 --- [pdi-behavior-archive-test] [           main] org.hibernate.SQL                        : 
    /* insert for
        com.vdc.pdi.behaviorarchive.domain.entity.BehaviorArchive */insert 
    into
        behavior_archive (actual_duration, channel_id, created_at, created_by, deleted_at, end_time, estimated_duration, pdi_task_id, site_id, start_time, status, updated_at, id) 
    values
        (?, ?, ?, ?, ?, ?, ?, ?, ?, ?, ?, ?, default)
Hibernate: 
    /* insert for
        com.vdc.pdi.behaviorarchive.domain.entity.BehaviorArchive */insert 
    into
        behavior_archive (actual_duration, channel_id, created_at, created_by, deleted_at, end_time, estimated_duration, pdi_task_id, site_id, start_time, status, updated_at, id) 
    values
        (?, ?, ?, ?, ?, ?, ?, ?, ?, ?, ?, ?, default)
2026-04-06T00:52:15.970+08:00 DEBUG 69205 --- [pdi-behavior-archive-test] [           main] org.hibernate.SQL                        : 
    /* insert for
        com.vdc.pdi.behaviorarchive.domain.entity.BehaviorArchive */insert 
    into
        behavior_archive (actual_duration, channel_id, created_at, created_by, deleted_at, end_time, estimated_duration, pdi_task_id, site_id, start_time, status, updated_at, id) 
    values
        (?, ?, ?, ?, ?, ?, ?, ?, ?, ?, ?, ?, default)
Hibernate: 
    /* insert for
        com.vdc.pdi.behaviorarchive.domain.entity.BehaviorArchive */insert 
    into
        behavior_archive (actual_duration, channel_id, created_at, created_by, deleted_at, end_time, estimated_duration, pdi_task_id, site_id, start_time, status, updated_at, id) 
    values
        (?, ?, ?, ?, ?, ?, ?, ?, ?, ?, ?, ?, default)
2026-04-06T00:52:15.971+08:00 DEBUG 69205 --- [pdi-behavior-archive-test] [           main] org.hibernate.SQL                        : 
    /* insert for
        com.vdc.pdi.behaviorarchive.domain.entity.BehaviorArchive */insert 
    into
        behavior_archive (actual_duration, channel_id, created_at, created_by, deleted_at, end_time, estimated_duration, pdi_task_id, site_id, start_time, status, updated_at, id) 
    values
        (?, ?, ?, ?, ?, ?, ?, ?, ?, ?, ?, ?, default)
Hibernate: 
    /* insert for
        com.vdc.pdi.behaviorarchive.domain.entity.BehaviorArchive */insert 
    into
        behavior_archive (actual_duration, channel_id, created_at, created_by, deleted_at, end_time, estimated_duration, pdi_task_id, site_id, start_time, status, updated_at, id) 
    values
        (?, ?, ?, ?, ?, ?, ?, ?, ?, ?, ?, ?, default)
2026-04-06T00:52:15.971+08:00 DEBUG 69205 --- [pdi-behavior-archive-test] [           main] org.hibernate.SQL                        : 
    /* insert for
        com.vdc.pdi.behaviorarchive.domain.entity.BehaviorArchive */insert 
    into
        behavior_archive (actual_duration, channel_id, created_at, created_by, deleted_at, end_time, estimated_duration, pdi_task_id, site_id, start_time, status, updated_at, id) 
    values
        (?, ?, ?, ?, ?, ?, ?, ?, ?, ?, ?, ?, default)
Hibernate: 
    /* insert for
        com.vdc.pdi.behaviorarchive.domain.entity.BehaviorArchive */insert 
    into
        behavior_archive (actual_duration, channel_id, created_at, created_by, deleted_at, end_time, estimated_duration, pdi_task_id, site_id, start_time, status, updated_at, id) 
    values
        (?, ?, ?, ?, ?, ?, ?, ?, ?, ?, ?, ?, default)
2026-04-06T00:52:15.971+08:00 DEBUG 69205 --- [pdi-behavior-archive-test] [           main] org.hibernate.SQL                        : 
    /* insert for
        com.vdc.pdi.behaviorarchive.domain.entity.BehaviorArchive */insert 
    into
        behavior_archive (actual_duration, channel_id, created_at, created_by, deleted_at, end_time, estimated_duration, pdi_task_id, site_id, start_time, status, updated_at, id) 
    values
        (?, ?, ?, ?, ?, ?, ?, ?, ?, ?, ?, ?, default)
Hibernate: 
    /* insert for
        com.vdc.pdi.behaviorarchive.domain.entity.BehaviorArchive */insert 
    into
        behavior_archive (actual_duration, channel_id, created_at, created_by, deleted_at, end_time, estimated_duration, pdi_task_id, site_id, start_time, status, updated_at, id) 
    values
        (?, ?, ?, ?, ?, ?, ?, ?, ?, ?, ?, ?, default)
2026-04-06T00:52:15.972+08:00 DEBUG 69205 --- [pdi-behavior-archive-test] [           main] org.hibernate.SQL                        : 
    /* insert for
        com.vdc.pdi.behaviorarchive.domain.entity.BehaviorArchive */insert 
    into
        behavior_archive (actual_duration, channel_id, created_at, created_by, deleted_at, end_time, estimated_duration, pdi_task_id, site_id, start_time, status, updated_at, id) 
    values
        (?, ?, ?, ?, ?, ?, ?, ?, ?, ?, ?, ?, default)
Hibernate: 
    /* insert for
        com.vdc.pdi.behaviorarchive.domain.entity.BehaviorArchive */insert 
    into
        behavior_archive (actual_duration, channel_id, created_at, created_by, deleted_at, end_time, estimated_duration, pdi_task_id, site_id, start_time, status, updated_at, id) 
    values
        (?, ?, ?, ?, ?, ?, ?, ?, ?, ?, ?, ?, default)
2026-04-06T00:52:15.973+08:00 DEBUG 69205 --- [pdi-behavior-archive-test] [           main] org.hibernate.SQL                        : 
    /* insert for
        com.vdc.pdi.behaviorarchive.domain.entity.BehaviorArchive */insert 
    into
        behavior_archive (actual_duration, channel_id, created_at, created_by, deleted_at, end_time, estimated_duration, pdi_task_id, site_id, start_time, status, updated_at, id) 
    values
        (?, ?, ?, ?, ?, ?, ?, ?, ?, ?, ?, ?, default)
Hibernate: 
    /* insert for
        com.vdc.pdi.behaviorarchive.domain.entity.BehaviorArchive */insert 
    into
        behavior_archive (actual_duration, channel_id, created_at, created_by, deleted_at, end_time, estimated_duration, pdi_task_id, site_id, start_time, status, updated_at, id) 
    values
        (?, ?, ?, ?, ?, ?, ?, ?, ?, ?, ?, ?, default)
2026-04-06T00:52:15.974+08:00 DEBUG 69205 --- [pdi-behavior-archive-test] [           main] org.hibernate.SQL                        : 
    /* insert for
        com.vdc.pdi.behaviorarchive.domain.entity.BehaviorArchive */insert 
    into
        behavior_archive (actual_duration, channel_id, created_at, created_by, deleted_at, end_time, estimated_duration, pdi_task_id, site_id, start_time, status, updated_at, id) 
    values
        (?, ?, ?, ?, ?, ?, ?, ?, ?, ?, ?, ?, default)
Hibernate: 
    /* insert for
        com.vdc.pdi.behaviorarchive.domain.entity.BehaviorArchive */insert 
    into
        behavior_archive (actual_duration, channel_id, created_at, created_by, deleted_at, end_time, estimated_duration, pdi_task_id, site_id, start_time, status, updated_at, id) 
    values
        (?, ?, ?, ?, ?, ?, ?, ?, ?, ?, ?, ?, default)
2026-04-06T00:52:15.974+08:00 DEBUG 69205 --- [pdi-behavior-archive-test] [           main] org.hibernate.SQL                        : 
    /* insert for
        com.vdc.pdi.behaviorarchive.domain.entity.BehaviorArchive */insert 
    into
        behavior_archive (actual_duration, channel_id, created_at, created_by, deleted_at, end_time, estimated_duration, pdi_task_id, site_id, start_time, status, updated_at, id) 
    values
        (?, ?, ?, ?, ?, ?, ?, ?, ?, ?, ?, ?, default)
Hibernate: 
    /* insert for
        com.vdc.pdi.behaviorarchive.domain.entity.BehaviorArchive */insert 
    into
        behavior_archive (actual_duration, channel_id, created_at, created_by, deleted_at, end_time, estimated_duration, pdi_task_id, site_id, start_time, status, updated_at, id) 
    values
        (?, ?, ?, ?, ?, ?, ?, ?, ?, ?, ?, ?, default)
2026-04-06T00:52:15.975+08:00 DEBUG 69205 --- [pdi-behavior-archive-test] [           main] org.hibernate.SQL                        : 
    /* insert for
        com.vdc.pdi.behaviorarchive.domain.entity.BehaviorArchive */insert 
    into
        behavior_archive (actual_duration, channel_id, created_at, created_by, deleted_at, end_time, estimated_duration, pdi_task_id, site_id, start_time, status, updated_at, id) 
    values
        (?, ?, ?, ?, ?, ?, ?, ?, ?, ?, ?, ?, default)
Hibernate: 
    /* insert for
        com.vdc.pdi.behaviorarchive.domain.entity.BehaviorArchive */insert 
    into
        behavior_archive (actual_duration, channel_id, created_at, created_by, deleted_at, end_time, estimated_duration, pdi_task_id, site_id, start_time, status, updated_at, id) 
    values
        (?, ?, ?, ?, ?, ?, ?, ?, ?, ?, ?, ?, default)
2026-04-06T00:52:15.975+08:00 DEBUG 69205 --- [pdi-behavior-archive-test] [           main] org.hibernate.SQL                        : 
    /* insert for
        com.vdc.pdi.behaviorarchive.domain.entity.BehaviorArchive */insert 
    into
        behavior_archive (actual_duration, channel_id, created_at, created_by, deleted_at, end_time, estimated_duration, pdi_task_id, site_id, start_time, status, updated_at, id) 
    values
        (?, ?, ?, ?, ?, ?, ?, ?, ?, ?, ?, ?, default)
Hibernate: 
    /* insert for
        com.vdc.pdi.behaviorarchive.domain.entity.BehaviorArchive */insert 
    into
        behavior_archive (actual_duration, channel_id, created_at, created_by, deleted_at, end_time, estimated_duration, pdi_task_id, site_id, start_time, status, updated_at, id) 
    values
        (?, ?, ?, ?, ?, ?, ?, ?, ?, ?, ?, ?, default)
2026-04-06T00:52:15.976+08:00 DEBUG 69205 --- [pdi-behavior-archive-test] [           main] org.hibernate.SQL                        : 
    /* insert for
        com.vdc.pdi.behaviorarchive.domain.entity.BehaviorArchive */insert 
    into
        behavior_archive (actual_duration, channel_id, created_at, created_by, deleted_at, end_time, estimated_duration, pdi_task_id, site_id, start_time, status, updated_at, id) 
    values
        (?, ?, ?, ?, ?, ?, ?, ?, ?, ?, ?, ?, default)
Hibernate: 
    /* insert for
        com.vdc.pdi.behaviorarchive.domain.entity.BehaviorArchive */insert 
    into
        behavior_archive (actual_duration, channel_id, created_at, created_by, deleted_at, end_time, estimated_duration, pdi_task_id, site_id, start_time, status, updated_at, id) 
    values
        (?, ?, ?, ?, ?, ?, ?, ?, ?, ?, ?, ?, default)
2026-04-06T00:52:15.976+08:00 DEBUG 69205 --- [pdi-behavior-archive-test] [           main] org.hibernate.SQL                        : 
    /* insert for
        com.vdc.pdi.behaviorarchive.domain.entity.BehaviorArchive */insert 
    into
        behavior_archive (actual_duration, channel_id, created_at, created_by, deleted_at, end_time, estimated_duration, pdi_task_id, site_id, start_time, status, updated_at, id) 
    values
        (?, ?, ?, ?, ?, ?, ?, ?, ?, ?, ?, ?, default)
Hibernate: 
    /* insert for
        com.vdc.pdi.behaviorarchive.domain.entity.BehaviorArchive */insert 
    into
        behavior_archive (actual_duration, channel_id, created_at, created_by, deleted_at, end_time, estimated_duration, pdi_task_id, site_id, start_time, status, updated_at, id) 
    values
        (?, ?, ?, ?, ?, ?, ?, ?, ?, ?, ?, ?, default)
2026-04-06T00:52:15.976+08:00 DEBUG 69205 --- [pdi-behavior-archive-test] [           main] org.hibernate.SQL                        : 
    /* insert for
        com.vdc.pdi.behaviorarchive.domain.entity.BehaviorArchive */insert 
    into
        behavior_archive (actual_duration, channel_id, created_at, created_by, deleted_at, end_time, estimated_duration, pdi_task_id, site_id, start_time, status, updated_at, id) 
    values
        (?, ?, ?, ?, ?, ?, ?, ?, ?, ?, ?, ?, default)
Hibernate: 
    /* insert for
        com.vdc.pdi.behaviorarchive.domain.entity.BehaviorArchive */insert 
    into
        behavior_archive (actual_duration, channel_id, created_at, created_by, deleted_at, end_time, estimated_duration, pdi_task_id, site_id, start_time, status, updated_at, id) 
    values
        (?, ?, ?, ?, ?, ?, ?, ?, ?, ?, ?, ?, default)
2026-04-06T00:52:15.977+08:00 DEBUG 69205 --- [pdi-behavior-archive-test] [           main] org.hibernate.SQL                        : 
    /* insert for
        com.vdc.pdi.behaviorarchive.domain.entity.BehaviorArchive */insert 
    into
        behavior_archive (actual_duration, channel_id, created_at, created_by, deleted_at, end_time, estimated_duration, pdi_task_id, site_id, start_time, status, updated_at, id) 
    values
        (?, ?, ?, ?, ?, ?, ?, ?, ?, ?, ?, ?, default)
Hibernate: 
    /* insert for
        com.vdc.pdi.behaviorarchive.domain.entity.BehaviorArchive */insert 
    into
        behavior_archive (actual_duration, channel_id, created_at, created_by, deleted_at, end_time, estimated_duration, pdi_task_id, site_id, start_time, status, updated_at, id) 
    values
        (?, ?, ?, ?, ?, ?, ?, ?, ?, ?, ?, ?, default)
2026-04-06T00:52:15.977+08:00 DEBUG 69205 --- [pdi-behavior-archive-test] [           main] org.hibernate.SQL                        : 
    /* insert for
        com.vdc.pdi.behaviorarchive.domain.entity.BehaviorArchive */insert 
    into
        behavior_archive (actual_duration, channel_id, created_at, created_by, deleted_at, end_time, estimated_duration, pdi_task_id, site_id, start_time, status, updated_at, id) 
    values
        (?, ?, ?, ?, ?, ?, ?, ?, ?, ?, ?, ?, default)
Hibernate: 
    /* insert for
        com.vdc.pdi.behaviorarchive.domain.entity.BehaviorArchive */insert 
    into
        behavior_archive (actual_duration, channel_id, created_at, created_by, deleted_at, end_time, estimated_duration, pdi_task_id, site_id, start_time, status, updated_at, id) 
    values
        (?, ?, ?, ?, ?, ?, ?, ?, ?, ?, ?, ?, default)
2026-04-06T00:52:15.978+08:00 DEBUG 69205 --- [pdi-behavior-archive-test] [           main] org.hibernate.SQL                        : 
    /* insert for
        com.vdc.pdi.behaviorarchive.domain.entity.BehaviorArchive */insert 
    into
        behavior_archive (actual_duration, channel_id, created_at, created_by, deleted_at, end_time, estimated_duration, pdi_task_id, site_id, start_time, status, updated_at, id) 
    values
        (?, ?, ?, ?, ?, ?, ?, ?, ?, ?, ?, ?, default)
Hibernate: 
    /* insert for
        com.vdc.pdi.behaviorarchive.domain.entity.BehaviorArchive */insert 
    into
        behavior_archive (actual_duration, channel_id, created_at, created_by, deleted_at, end_time, estimated_duration, pdi_task_id, site_id, start_time, status, updated_at, id) 
    values
        (?, ?, ?, ?, ?, ?, ?, ?, ?, ?, ?, ?, default)
2026-04-06T00:52:15.981+08:00 DEBUG 69205 --- [pdi-behavior-archive-test] [           main] org.hibernate.SQL                        : 
    /* insert for
        com.vdc.pdi.behaviorarchive.domain.entity.BehaviorArchive */insert 
    into
        behavior_archive (actual_duration, channel_id, created_at, created_by, deleted_at, end_time, estimated_duration, pdi_task_id, site_id, start_time, status, updated_at, id) 
    values
        (?, ?, ?, ?, ?, ?, ?, ?, ?, ?, ?, ?, default)
Hibernate: 
    /* insert for
        com.vdc.pdi.behaviorarchive.domain.entity.BehaviorArchive */insert 
    into
        behavior_archive (actual_duration, channel_id, created_at, created_by, deleted_at, end_time, estimated_duration, pdi_task_id, site_id, start_time, status, updated_at, id) 
    values
        (?, ?, ?, ?, ?, ?, ?, ?, ?, ?, ?, ?, default)
2026-04-06T00:52:15.981+08:00 DEBUG 69205 --- [pdi-behavior-archive-test] [           main] org.hibernate.SQL                        : 
    /* insert for
        com.vdc.pdi.behaviorarchive.domain.entity.BehaviorArchive */insert 
    into
        behavior_archive (actual_duration, channel_id, created_at, created_by, deleted_at, end_time, estimated_duration, pdi_task_id, site_id, start_time, status, updated_at, id) 
    values
        (?, ?, ?, ?, ?, ?, ?, ?, ?, ?, ?, ?, default)
Hibernate: 
    /* insert for
        com.vdc.pdi.behaviorarchive.domain.entity.BehaviorArchive */insert 
    into
        behavior_archive (actual_duration, channel_id, created_at, created_by, deleted_at, end_time, estimated_duration, pdi_task_id, site_id, start_time, status, updated_at, id) 
    values
        (?, ?, ?, ?, ?, ?, ?, ?, ?, ?, ?, ?, default)
2026-04-06T00:52:15.982+08:00 DEBUG 69205 --- [pdi-behavior-archive-test] [           main] org.hibernate.SQL                        : 
    /* insert for
        com.vdc.pdi.behaviorarchive.domain.entity.BehaviorArchive */insert 
    into
        behavior_archive (actual_duration, channel_id, created_at, created_by, deleted_at, end_time, estimated_duration, pdi_task_id, site_id, start_time, status, updated_at, id) 
    values
        (?, ?, ?, ?, ?, ?, ?, ?, ?, ?, ?, ?, default)
Hibernate: 
    /* insert for
        com.vdc.pdi.behaviorarchive.domain.entity.BehaviorArchive */insert 
    into
        behavior_archive (actual_duration, channel_id, created_at, created_by, deleted_at, end_time, estimated_duration, pdi_task_id, site_id, start_time, status, updated_at, id) 
    values
        (?, ?, ?, ?, ?, ?, ?, ?, ?, ?, ?, ?, default)
2026-04-06T00:52:15.982+08:00 DEBUG 69205 --- [pdi-behavior-archive-test] [           main] org.hibernate.SQL                        : 
    /* insert for
        com.vdc.pdi.behaviorarchive.domain.entity.BehaviorArchive */insert 
    into
        behavior_archive (actual_duration, channel_id, created_at, created_by, deleted_at, end_time, estimated_duration, pdi_task_id, site_id, start_time, status, updated_at, id) 
    values
        (?, ?, ?, ?, ?, ?, ?, ?, ?, ?, ?, ?, default)
Hibernate: 
    /* insert for
        com.vdc.pdi.behaviorarchive.domain.entity.BehaviorArchive */insert 
    into
        behavior_archive (actual_duration, channel_id, created_at, created_by, deleted_at, end_time, estimated_duration, pdi_task_id, site_id, start_time, status, updated_at, id) 
    values
        (?, ?, ?, ?, ?, ?, ?, ?, ?, ?, ?, ?, default)
2026-04-06T00:52:15.983+08:00 DEBUG 69205 --- [pdi-behavior-archive-test] [           main] org.hibernate.SQL                        : 
    /* insert for
        com.vdc.pdi.behaviorarchive.domain.entity.BehaviorArchive */insert 
    into
        behavior_archive (actual_duration, channel_id, created_at, created_by, deleted_at, end_time, estimated_duration, pdi_task_id, site_id, start_time, status, updated_at, id) 
    values
        (?, ?, ?, ?, ?, ?, ?, ?, ?, ?, ?, ?, default)
Hibernate: 
    /* insert for
        com.vdc.pdi.behaviorarchive.domain.entity.BehaviorArchive */insert 
    into
        behavior_archive (actual_duration, channel_id, created_at, created_by, deleted_at, end_time, estimated_duration, pdi_task_id, site_id, start_time, status, updated_at, id) 
    values
        (?, ?, ?, ?, ?, ?, ?, ?, ?, ?, ?, ?, default)
2026-04-06T00:52:15.985+08:00 DEBUG 69205 --- [pdi-behavior-archive-test] [           main] org.hibernate.SQL                        : 
    /* SELECT
        a 
    FROM
        BehaviorArchive a 
    WHERE
        a.deletedAt IS NULL 
        AND (
            :siteId IS NULL 
            OR a.siteId = :siteId
        ) 
        AND (
            :status IS NULL 
            OR a.status = :status
        ) 
        AND (
            :channelId IS NULL 
            OR a.channelId = :channelId
        ) 
        AND (
            :startTimeFrom IS NULL 
            OR a.startTime >= :startTimeFrom
        ) 
        AND (
            :startTimeTo IS NULL 
            OR a.startTime <= :startTimeTo
        ) 
    ORDER BY
        a.startTime DESC */ select
            ba1_0.id,
            ba1_0.actual_duration,
            ba1_0.channel_id,
            ba1_0.created_at,
            ba1_0.created_by,
            ba1_0.deleted_at,
            ba1_0.end_time,
            ba1_0.estimated_duration,
            ba1_0.pdi_task_id,
            ba1_0.site_id,
            ba1_0.start_time,
            ba1_0.status,
            ba1_0.updated_at 
        from
            behavior_archive ba1_0 
        where
            ba1_0.deleted_at is null 
            and (
                ? is null 
                or ba1_0.site_id=?
            ) 
            and (
                ? is null 
                or ba1_0.status=?
            ) 
            and (
                ? is null 
                or ba1_0.channel_id=?
            ) 
            and (
                ? is null 
                or ba1_0.start_time>=?
            ) 
            and (
                ? is null 
                or ba1_0.start_time<=?
            ) 
        order by
            ba1_0.start_time desc 
        offset
            ? rows 
        fetch
            first ? rows only
Hibernate: 
    /* SELECT
        a 
    FROM
        BehaviorArchive a 
    WHERE
        a.deletedAt IS NULL 
        AND (
            :siteId IS NULL 
            OR a.siteId = :siteId
        ) 
        AND (
            :status IS NULL 
            OR a.status = :status
        ) 
        AND (
            :channelId IS NULL 
            OR a.channelId = :channelId
        ) 
        AND (
            :startTimeFrom IS NULL 
            OR a.startTime >= :startTimeFrom
        ) 
        AND (
            :startTimeTo IS NULL 
            OR a.startTime <= :startTimeTo
        ) 
    ORDER BY
        a.startTime DESC */ select
            ba1_0.id,
            ba1_0.actual_duration,
            ba1_0.channel_id,
            ba1_0.created_at,
            ba1_0.created_by,
            ba1_0.deleted_at,
            ba1_0.end_time,
            ba1_0.estimated_duration,
            ba1_0.pdi_task_id,
            ba1_0.site_id,
            ba1_0.start_time,
            ba1_0.status,
            ba1_0.updated_at 
        from
            behavior_archive ba1_0 
        where
            ba1_0.deleted_at is null 
            and (
                ? is null 
                or ba1_0.site_id=?
            ) 
            and (
                ? is null 
                or ba1_0.status=?
            ) 
            and (
                ? is null 
                or ba1_0.channel_id=?
            ) 
            and (
                ? is null 
                or ba1_0.start_time>=?
            ) 
            and (
                ? is null 
                or ba1_0.start_time<=?
            ) 
        order by
            ba1_0.start_time desc 
        offset
            ? rows 
        fetch
            first ? rows only
2026-04-06T00:52:15.988+08:00 DEBUG 69205 --- [pdi-behavior-archive-test] [           main] org.hibernate.SQL                        : 
    /* SELECT
        count(a) 
    FROM
        BehaviorArchive a 
    WHERE
        a.deletedAt IS NULL 
        AND (
            :siteId IS NULL 
            OR a.siteId = :siteId
        ) 
        AND (
            :status IS NULL 
            OR a.status = :status
        ) 
        AND (
            :channelId IS NULL 
            OR a.channelId = :channelId
        ) 
        AND (
            :startTimeFrom IS NULL 
            OR a.startTime >= :startTimeFrom
        ) 
        AND (
            :startTimeTo IS NULL 
            OR a.startTime <= :startTimeTo
        ) */ select
            count(ba1_0.id) 
        from
            behavior_archive ba1_0 
        where
            ba1_0.deleted_at is null 
            and (
                ? is null 
                or ba1_0.site_id=?
            ) 
            and (
                ? is null 
                or ba1_0.status=?
            ) 
            and (
                ? is null 
                or ba1_0.channel_id=?
            ) 
            and (
                ? is null 
                or ba1_0.start_time>=?
            ) 
            and (
                ? is null 
                or ba1_0.start_time<=?
            )
Hibernate: 
    /* SELECT
        count(a) 
    FROM
        BehaviorArchive a 
    WHERE
        a.deletedAt IS NULL 
        AND (
            :siteId IS NULL 
            OR a.siteId = :siteId
        ) 
        AND (
            :status IS NULL 
            OR a.status = :status
        ) 
        AND (
            :channelId IS NULL 
            OR a.channelId = :channelId
        ) 
        AND (
            :startTimeFrom IS NULL 
            OR a.startTime >= :startTimeFrom
        ) 
        AND (
            :startTimeTo IS NULL 
            OR a.startTime <= :startTimeTo
        ) */ select
            count(ba1_0.id) 
        from
            behavior_archive ba1_0 
        where
            ba1_0.deleted_at is null 
            and (
                ? is null 
                or ba1_0.site_id=?
            ) 
            and (
                ? is null 
                or ba1_0.status=?
            ) 
            and (
                ? is null 
                or ba1_0.channel_id=?
            ) 
            and (
                ? is null 
                or ba1_0.start_time>=?
            ) 
            and (
                ? is null 
                or ba1_0.start_time<=?
            )
]]></system-out>
  </testcase>
  <testcase name="findByPdiTaskId_Exists" classname="行为档案Repository测试" time="0.007">
    <system-out><![CDATA[2026-04-06T00:52:15.994+08:00 DEBUG 69205 --- [pdi-behavior-archive-test] [           main] o.s.j.datasource.SimpleDriverDataSource  : Creating new JDBC Driver Connection to [jdbc:h2:mem:d79a9649-c6f3-4d1b-aa26-941ac9080456;DB_CLOSE_DELAY=-1;DB_CLOSE_ON_EXIT=false]
2026-04-06T00:52:15.995+08:00 DEBUG 69205 --- [pdi-behavior-archive-test] [           main] org.hibernate.SQL                        : 
    /* <criteria> */ select
        ba1_0.id,
        ba1_0.actual_duration,
        ba1_0.channel_id,
        ba1_0.created_at,
        ba1_0.created_by,
        ba1_0.deleted_at,
        ba1_0.end_time,
        ba1_0.estimated_duration,
        ba1_0.pdi_task_id,
        ba1_0.site_id,
        ba1_0.start_time,
        ba1_0.status,
        ba1_0.updated_at 
    from
        behavior_archive ba1_0
Hibernate: 
    /* <criteria> */ select
        ba1_0.id,
        ba1_0.actual_duration,
        ba1_0.channel_id,
        ba1_0.created_at,
        ba1_0.created_by,
        ba1_0.deleted_at,
        ba1_0.end_time,
        ba1_0.estimated_duration,
        ba1_0.pdi_task_id,
        ba1_0.site_id,
        ba1_0.start_time,
        ba1_0.status,
        ba1_0.updated_at 
    from
        behavior_archive ba1_0
2026-04-06T00:52:15.997+08:00 DEBUG 69205 --- [pdi-behavior-archive-test] [           main] org.hibernate.SQL                        : 
    /* insert for
        com.vdc.pdi.behaviorarchive.domain.entity.BehaviorArchive */insert 
    into
        behavior_archive (actual_duration, channel_id, created_at, created_by, deleted_at, end_time, estimated_duration, pdi_task_id, site_id, start_time, status, updated_at, id) 
    values
        (?, ?, ?, ?, ?, ?, ?, ?, ?, ?, ?, ?, default)
Hibernate: 
    /* insert for
        com.vdc.pdi.behaviorarchive.domain.entity.BehaviorArchive */insert 
    into
        behavior_archive (actual_duration, channel_id, created_at, created_by, deleted_at, end_time, estimated_duration, pdi_task_id, site_id, start_time, status, updated_at, id) 
    values
        (?, ?, ?, ?, ?, ?, ?, ?, ?, ?, ?, ?, default)
2026-04-06T00:52:15.998+08:00 DEBUG 69205 --- [pdi-behavior-archive-test] [           main] org.hibernate.SQL                        : 
    /* <criteria> */ select
        ba1_0.id,
        ba1_0.actual_duration,
        ba1_0.channel_id,
        ba1_0.created_at,
        ba1_0.created_by,
        ba1_0.deleted_at,
        ba1_0.end_time,
        ba1_0.estimated_duration,
        ba1_0.pdi_task_id,
        ba1_0.site_id,
        ba1_0.start_time,
        ba1_0.status,
        ba1_0.updated_at 
    from
        behavior_archive ba1_0 
    where
        ba1_0.pdi_task_id=?
Hibernate: 
    /* <criteria> */ select
        ba1_0.id,
        ba1_0.actual_duration,
        ba1_0.channel_id,
        ba1_0.created_at,
        ba1_0.created_by,
        ba1_0.deleted_at,
        ba1_0.end_time,
        ba1_0.estimated_duration,
        ba1_0.pdi_task_id,
        ba1_0.site_id,
        ba1_0.start_time,
        ba1_0.status,
        ba1_0.updated_at 
    from
        behavior_archive ba1_0 
    where
        ba1_0.pdi_task_id=?
]]></system-out>
  </testcase>
  <testcase name="countByStatusAndDeletedAtIsNull" classname="行为档案Repository测试" time="0.006">
    <system-out><![CDATA[2026-04-06T00:52:16.001+08:00 DEBUG 69205 --- [pdi-behavior-archive-test] [           main] o.s.j.datasource.SimpleDriverDataSource  : Creating new JDBC Driver Connection to [jdbc:h2:mem:d79a9649-c6f3-4d1b-aa26-941ac9080456;DB_CLOSE_DELAY=-1;DB_CLOSE_ON_EXIT=false]
2026-04-06T00:52:16.002+08:00 DEBUG 69205 --- [pdi-behavior-archive-test] [           main] org.hibernate.SQL                        : 
    /* <criteria> */ select
        ba1_0.id,
        ba1_0.actual_duration,
        ba1_0.channel_id,
        ba1_0.created_at,
        ba1_0.created_by,
        ba1_0.deleted_at,
        ba1_0.end_time,
        ba1_0.estimated_duration,
        ba1_0.pdi_task_id,
        ba1_0.site_id,
        ba1_0.start_time,
        ba1_0.status,
        ba1_0.updated_at 
    from
        behavior_archive ba1_0
Hibernate: 
    /* <criteria> */ select
        ba1_0.id,
        ba1_0.actual_duration,
        ba1_0.channel_id,
        ba1_0.created_at,
        ba1_0.created_by,
        ba1_0.deleted_at,
        ba1_0.end_time,
        ba1_0.estimated_duration,
        ba1_0.pdi_task_id,
        ba1_0.site_id,
        ba1_0.start_time,
        ba1_0.status,
        ba1_0.updated_at 
    from
        behavior_archive ba1_0
2026-04-06T00:52:16.003+08:00 DEBUG 69205 --- [pdi-behavior-archive-test] [           main] org.hibernate.SQL                        : 
    /* insert for
        com.vdc.pdi.behaviorarchive.domain.entity.BehaviorArchive */insert 
    into
        behavior_archive (actual_duration, channel_id, created_at, created_by, deleted_at, end_time, estimated_duration, pdi_task_id, site_id, start_time, status, updated_at, id) 
    values
        (?, ?, ?, ?, ?, ?, ?, ?, ?, ?, ?, ?, default)
Hibernate: 
    /* insert for
        com.vdc.pdi.behaviorarchive.domain.entity.BehaviorArchive */insert 
    into
        behavior_archive (actual_duration, channel_id, created_at, created_by, deleted_at, end_time, estimated_duration, pdi_task_id, site_id, start_time, status, updated_at, id) 
    values
        (?, ?, ?, ?, ?, ?, ?, ?, ?, ?, ?, ?, default)
2026-04-06T00:52:16.004+08:00 DEBUG 69205 --- [pdi-behavior-archive-test] [           main] org.hibernate.SQL                        : 
    /* insert for
        com.vdc.pdi.behaviorarchive.domain.entity.BehaviorArchive */insert 
    into
        behavior_archive (actual_duration, channel_id, created_at, created_by, deleted_at, end_time, estimated_duration, pdi_task_id, site_id, start_time, status, updated_at, id) 
    values
        (?, ?, ?, ?, ?, ?, ?, ?, ?, ?, ?, ?, default)
Hibernate: 
    /* insert for
        com.vdc.pdi.behaviorarchive.domain.entity.BehaviorArchive */insert 
    into
        behavior_archive (actual_duration, channel_id, created_at, created_by, deleted_at, end_time, estimated_duration, pdi_task_id, site_id, start_time, status, updated_at, id) 
    values
        (?, ?, ?, ?, ?, ?, ?, ?, ?, ?, ?, ?, default)
2026-04-06T00:52:16.004+08:00 DEBUG 69205 --- [pdi-behavior-archive-test] [           main] org.hibernate.SQL                        : 
    /* insert for
        com.vdc.pdi.behaviorarchive.domain.entity.BehaviorArchive */insert 
    into
        behavior_archive (actual_duration, channel_id, created_at, created_by, deleted_at, end_time, estimated_duration, pdi_task_id, site_id, start_time, status, updated_at, id) 
    values
        (?, ?, ?, ?, ?, ?, ?, ?, ?, ?, ?, ?, default)
Hibernate: 
    /* insert for
        com.vdc.pdi.behaviorarchive.domain.entity.BehaviorArchive */insert 
    into
        behavior_archive (actual_duration, channel_id, created_at, created_by, deleted_at, end_time, estimated_duration, pdi_task_id, site_id, start_time, status, updated_at, id) 
    values
        (?, ?, ?, ?, ?, ?, ?, ?, ?, ?, ?, ?, default)
2026-04-06T00:52:16.006+08:00 DEBUG 69205 --- [pdi-behavior-archive-test] [           main] org.hibernate.SQL                        : 
    /* <criteria> */ select
        count(ba1_0.id) 
    from
        behavior_archive ba1_0 
    where
        ba1_0.status=? 
        and ba1_0.deleted_at is null
Hibernate: 
    /* <criteria> */ select
        count(ba1_0.id) 
    from
        behavior_archive ba1_0 
    where
        ba1_0.status=? 
        and ba1_0.deleted_at is null
]]></system-out>
  </testcase>
  <testcase name="findArchivesWithFilters_BySiteId" classname="行为档案Repository测试" time="0.006">
    <system-out><![CDATA[2026-04-06T00:52:16.009+08:00 DEBUG 69205 --- [pdi-behavior-archive-test] [           main] o.s.j.datasource.SimpleDriverDataSource  : Creating new JDBC Driver Connection to [jdbc:h2:mem:d79a9649-c6f3-4d1b-aa26-941ac9080456;DB_CLOSE_DELAY=-1;DB_CLOSE_ON_EXIT=false]
2026-04-06T00:52:16.010+08:00 DEBUG 69205 --- [pdi-behavior-archive-test] [           main] org.hibernate.SQL                        : 
    /* <criteria> */ select
        ba1_0.id,
        ba1_0.actual_duration,
        ba1_0.channel_id,
        ba1_0.created_at,
        ba1_0.created_by,
        ba1_0.deleted_at,
        ba1_0.end_time,
        ba1_0.estimated_duration,
        ba1_0.pdi_task_id,
        ba1_0.site_id,
        ba1_0.start_time,
        ba1_0.status,
        ba1_0.updated_at 
    from
        behavior_archive ba1_0
Hibernate: 
    /* <criteria> */ select
        ba1_0.id,
        ba1_0.actual_duration,
        ba1_0.channel_id,
        ba1_0.created_at,
        ba1_0.created_by,
        ba1_0.deleted_at,
        ba1_0.end_time,
        ba1_0.estimated_duration,
        ba1_0.pdi_task_id,
        ba1_0.site_id,
        ba1_0.start_time,
        ba1_0.status,
        ba1_0.updated_at 
    from
        behavior_archive ba1_0
2026-04-06T00:52:16.012+08:00 DEBUG 69205 --- [pdi-behavior-archive-test] [           main] org.hibernate.SQL                        : 
    /* insert for
        com.vdc.pdi.behaviorarchive.domain.entity.BehaviorArchive */insert 
    into
        behavior_archive (actual_duration, channel_id, created_at, created_by, deleted_at, end_time, estimated_duration, pdi_task_id, site_id, start_time, status, updated_at, id) 
    values
        (?, ?, ?, ?, ?, ?, ?, ?, ?, ?, ?, ?, default)
Hibernate: 
    /* insert for
        com.vdc.pdi.behaviorarchive.domain.entity.BehaviorArchive */insert 
    into
        behavior_archive (actual_duration, channel_id, created_at, created_by, deleted_at, end_time, estimated_duration, pdi_task_id, site_id, start_time, status, updated_at, id) 
    values
        (?, ?, ?, ?, ?, ?, ?, ?, ?, ?, ?, ?, default)
2026-04-06T00:52:16.012+08:00 DEBUG 69205 --- [pdi-behavior-archive-test] [           main] org.hibernate.SQL                        : 
    /* insert for
        com.vdc.pdi.behaviorarchive.domain.entity.BehaviorArchive */insert 
    into
        behavior_archive (actual_duration, channel_id, created_at, created_by, deleted_at, end_time, estimated_duration, pdi_task_id, site_id, start_time, status, updated_at, id) 
    values
        (?, ?, ?, ?, ?, ?, ?, ?, ?, ?, ?, ?, default)
Hibernate: 
    /* insert for
        com.vdc.pdi.behaviorarchive.domain.entity.BehaviorArchive */insert 
    into
        behavior_archive (actual_duration, channel_id, created_at, created_by, deleted_at, end_time, estimated_duration, pdi_task_id, site_id, start_time, status, updated_at, id) 
    values
        (?, ?, ?, ?, ?, ?, ?, ?, ?, ?, ?, ?, default)
2026-04-06T00:52:16.013+08:00 DEBUG 69205 --- [pdi-behavior-archive-test] [           main] org.hibernate.SQL                        : 
    /* SELECT
        a 
    FROM
        BehaviorArchive a 
    WHERE
        a.deletedAt IS NULL 
        AND (
            :siteId IS NULL 
            OR a.siteId = :siteId
        ) 
        AND (
            :status IS NULL 
            OR a.status = :status
        ) 
        AND (
            :channelId IS NULL 
            OR a.channelId = :channelId
        ) 
        AND (
            :startTimeFrom IS NULL 
            OR a.startTime >= :startTimeFrom
        ) 
        AND (
            :startTimeTo IS NULL 
            OR a.startTime <= :startTimeTo
        ) 
    ORDER BY
        a.startTime DESC */ select
            ba1_0.id,
            ba1_0.actual_duration,
            ba1_0.channel_id,
            ba1_0.created_at,
            ba1_0.created_by,
            ba1_0.deleted_at,
            ba1_0.end_time,
            ba1_0.estimated_duration,
            ba1_0.pdi_task_id,
            ba1_0.site_id,
            ba1_0.start_time,
            ba1_0.status,
            ba1_0.updated_at 
        from
            behavior_archive ba1_0 
        where
            ba1_0.deleted_at is null 
            and (
                ? is null 
                or ba1_0.site_id=?
            ) 
            and (
                ? is null 
                or ba1_0.status=?
            ) 
            and (
                ? is null 
                or ba1_0.channel_id=?
            ) 
            and (
                ? is null 
                or ba1_0.start_time>=?
            ) 
            and (
                ? is null 
                or ba1_0.start_time<=?
            ) 
        order by
            ba1_0.start_time desc 
        offset
            ? rows 
        fetch
            first ? rows only
Hibernate: 
    /* SELECT
        a 
    FROM
        BehaviorArchive a 
    WHERE
        a.deletedAt IS NULL 
        AND (
            :siteId IS NULL 
            OR a.siteId = :siteId
        ) 
        AND (
            :status IS NULL 
            OR a.status = :status
        ) 
        AND (
            :channelId IS NULL 
            OR a.channelId = :channelId
        ) 
        AND (
            :startTimeFrom IS NULL 
            OR a.startTime >= :startTimeFrom
        ) 
        AND (
            :startTimeTo IS NULL 
            OR a.startTime <= :startTimeTo
        ) 
    ORDER BY
        a.startTime DESC */ select
            ba1_0.id,
            ba1_0.actual_duration,
            ba1_0.channel_id,
            ba1_0.created_at,
            ba1_0.created_by,
            ba1_0.deleted_at,
            ba1_0.end_time,
            ba1_0.estimated_duration,
            ba1_0.pdi_task_id,
            ba1_0.site_id,
            ba1_0.start_time,
            ba1_0.status,
            ba1_0.updated_at 
        from
            behavior_archive ba1_0 
        where
            ba1_0.deleted_at is null 
            and (
                ? is null 
                or ba1_0.site_id=?
            ) 
            and (
                ? is null 
                or ba1_0.status=?
            ) 
            and (
                ? is null 
                or ba1_0.channel_id=?
            ) 
            and (
                ? is null 
                or ba1_0.start_time>=?
            ) 
            and (
                ? is null 
                or ba1_0.start_time<=?
            ) 
        order by
            ba1_0.start_time desc 
        offset
            ? rows 
        fetch
            first ? rows only
]]></system-out>
  </testcase>
  <testcase name="findArchivesWithFilters_ByStatus" classname="行为档案Repository测试" time="0.009">
    <system-out><![CDATA[2026-04-06T00:52:16.016+08:00 DEBUG 69205 --- [pdi-behavior-archive-test] [           main] o.s.j.datasource.SimpleDriverDataSource  : Creating new JDBC Driver Connection to [jdbc:h2:mem:d79a9649-c6f3-4d1b-aa26-941ac9080456;DB_CLOSE_DELAY=-1;DB_CLOSE_ON_EXIT=false]
2026-04-06T00:52:16.017+08:00 DEBUG 69205 --- [pdi-behavior-archive-test] [           main] org.hibernate.SQL                        : 
    /* <criteria> */ select
        ba1_0.id,
        ba1_0.actual_duration,
        ba1_0.channel_id,
        ba1_0.created_at,
        ba1_0.created_by,
        ba1_0.deleted_at,
        ba1_0.end_time,
        ba1_0.estimated_duration,
        ba1_0.pdi_task_id,
        ba1_0.site_id,
        ba1_0.start_time,
        ba1_0.status,
        ba1_0.updated_at 
    from
        behavior_archive ba1_0
Hibernate: 
    /* <criteria> */ select
        ba1_0.id,
        ba1_0.actual_duration,
        ba1_0.channel_id,
        ba1_0.created_at,
        ba1_0.created_by,
        ba1_0.deleted_at,
        ba1_0.end_time,
        ba1_0.estimated_duration,
        ba1_0.pdi_task_id,
        ba1_0.site_id,
        ba1_0.start_time,
        ba1_0.status,
        ba1_0.updated_at 
    from
        behavior_archive ba1_0
2026-04-06T00:52:16.017+08:00 DEBUG 69205 --- [pdi-behavior-archive-test] [           main] org.hibernate.SQL                        : 
    /* insert for
        com.vdc.pdi.behaviorarchive.domain.entity.BehaviorArchive */insert 
    into
        behavior_archive (actual_duration, channel_id, created_at, created_by, deleted_at, end_time, estimated_duration, pdi_task_id, site_id, start_time, status, updated_at, id) 
    values
        (?, ?, ?, ?, ?, ?, ?, ?, ?, ?, ?, ?, default)
Hibernate: 
    /* insert for
        com.vdc.pdi.behaviorarchive.domain.entity.BehaviorArchive */insert 
    into
        behavior_archive (actual_duration, channel_id, created_at, created_by, deleted_at, end_time, estimated_duration, pdi_task_id, site_id, start_time, status, updated_at, id) 
    values
        (?, ?, ?, ?, ?, ?, ?, ?, ?, ?, ?, ?, default)
2026-04-06T00:52:16.018+08:00 DEBUG 69205 --- [pdi-behavior-archive-test] [           main] org.hibernate.SQL                        : 
    /* insert for
        com.vdc.pdi.behaviorarchive.domain.entity.BehaviorArchive */insert 
    into
        behavior_archive (actual_duration, channel_id, created_at, created_by, deleted_at, end_time, estimated_duration, pdi_task_id, site_id, start_time, status, updated_at, id) 
    values
        (?, ?, ?, ?, ?, ?, ?, ?, ?, ?, ?, ?, default)
Hibernate: 
    /* insert for
        com.vdc.pdi.behaviorarchive.domain.entity.BehaviorArchive */insert 
    into
        behavior_archive (actual_duration, channel_id, created_at, created_by, deleted_at, end_time, estimated_duration, pdi_task_id, site_id, start_time, status, updated_at, id) 
    values
        (?, ?, ?, ?, ?, ?, ?, ?, ?, ?, ?, ?, default)
2026-04-06T00:52:16.019+08:00 DEBUG 69205 --- [pdi-behavior-archive-test] [           main] org.hibernate.SQL                        : 
    /* SELECT
        a 
    FROM
        BehaviorArchive a 
    WHERE
        a.deletedAt IS NULL 
        AND (
            :siteId IS NULL 
            OR a.siteId = :siteId
        ) 
        AND (
            :status IS NULL 
            OR a.status = :status
        ) 
        AND (
            :channelId IS NULL 
            OR a.channelId = :channelId
        ) 
        AND (
            :startTimeFrom IS NULL 
            OR a.startTime >= :startTimeFrom
        ) 
        AND (
            :startTimeTo IS NULL 
            OR a.startTime <= :startTimeTo
        ) 
    ORDER BY
        a.startTime DESC */ select
            ba1_0.id,
            ba1_0.actual_duration,
            ba1_0.channel_id,
            ba1_0.created_at,
            ba1_0.created_by,
            ba1_0.deleted_at,
            ba1_0.end_time,
            ba1_0.estimated_duration,
            ba1_0.pdi_task_id,
            ba1_0.site_id,
            ba1_0.start_time,
            ba1_0.status,
            ba1_0.updated_at 
        from
            behavior_archive ba1_0 
        where
            ba1_0.deleted_at is null 
            and (
                ? is null 
                or ba1_0.site_id=?
            ) 
            and (
                ? is null 
                or ba1_0.status=?
            ) 
            and (
                ? is null 
                or ba1_0.channel_id=?
            ) 
            and (
                ? is null 
                or ba1_0.start_time>=?
            ) 
            and (
                ? is null 
                or ba1_0.start_time<=?
            ) 
        order by
            ba1_0.start_time desc 
        offset
            ? rows 
        fetch
            first ? rows only
Hibernate: 
    /* SELECT
        a 
    FROM
        BehaviorArchive a 
    WHERE
        a.deletedAt IS NULL 
        AND (
            :siteId IS NULL 
            OR a.siteId = :siteId
        ) 
        AND (
            :status IS NULL 
            OR a.status = :status
        ) 
        AND (
            :channelId IS NULL 
            OR a.channelId = :channelId
        ) 
        AND (
            :startTimeFrom IS NULL 
            OR a.startTime >= :startTimeFrom
        ) 
        AND (
            :startTimeTo IS NULL 
            OR a.startTime <= :startTimeTo
        ) 
    ORDER BY
        a.startTime DESC */ select
            ba1_0.id,
            ba1_0.actual_duration,
            ba1_0.channel_id,
            ba1_0.created_at,
            ba1_0.created_by,
            ba1_0.deleted_at,
            ba1_0.end_time,
            ba1_0.estimated_duration,
            ba1_0.pdi_task_id,
            ba1_0.site_id,
            ba1_0.start_time,
            ba1_0.status,
            ba1_0.updated_at 
        from
            behavior_archive ba1_0 
        where
            ba1_0.deleted_at is null 
            and (
                ? is null 
                or ba1_0.site_id=?
            ) 
            and (
                ? is null 
                or ba1_0.status=?
            ) 
            and (
                ? is null 
                or ba1_0.channel_id=?
            ) 
            and (
                ? is null 
                or ba1_0.start_time>=?
            ) 
            and (
                ? is null 
                or ba1_0.start_time<=?
            ) 
        order by
            ba1_0.start_time desc 
        offset
            ? rows 
        fetch
            first ? rows only
]]></system-out>
  </testcase>
  <testcase name="findArchivesWithFilters_Pagination" classname="行为档案Repository测试" time="0.016">
    <system-out><![CDATA[2026-04-06T00:52:16.025+08:00 DEBUG 69205 --- [pdi-behavior-archive-test] [           main] o.s.j.datasource.SimpleDriverDataSource  : Creating new JDBC Driver Connection to [jdbc:h2:mem:d79a9649-c6f3-4d1b-aa26-941ac9080456;DB_CLOSE_DELAY=-1;DB_CLOSE_ON_EXIT=false]
2026-04-06T00:52:16.027+08:00 DEBUG 69205 --- [pdi-behavior-archive-test] [           main] org.hibernate.SQL                        : 
    /* <criteria> */ select
        ba1_0.id,
        ba1_0.actual_duration,
        ba1_0.channel_id,
        ba1_0.created_at,
        ba1_0.created_by,
        ba1_0.deleted_at,
        ba1_0.end_time,
        ba1_0.estimated_duration,
        ba1_0.pdi_task_id,
        ba1_0.site_id,
        ba1_0.start_time,
        ba1_0.status,
        ba1_0.updated_at 
    from
        behavior_archive ba1_0
Hibernate: 
    /* <criteria> */ select
        ba1_0.id,
        ba1_0.actual_duration,
        ba1_0.channel_id,
        ba1_0.created_at,
        ba1_0.created_by,
        ba1_0.deleted_at,
        ba1_0.end_time,
        ba1_0.estimated_duration,
        ba1_0.pdi_task_id,
        ba1_0.site_id,
        ba1_0.start_time,
        ba1_0.status,
        ba1_0.updated_at 
    from
        behavior_archive ba1_0
2026-04-06T00:52:16.028+08:00 DEBUG 69205 --- [pdi-behavior-archive-test] [           main] org.hibernate.SQL                        : 
    /* insert for
        com.vdc.pdi.behaviorarchive.domain.entity.BehaviorArchive */insert 
    into
        behavior_archive (actual_duration, channel_id, created_at, created_by, deleted_at, end_time, estimated_duration, pdi_task_id, site_id, start_time, status, updated_at, id) 
    values
        (?, ?, ?, ?, ?, ?, ?, ?, ?, ?, ?, ?, default)
Hibernate: 
    /* insert for
        com.vdc.pdi.behaviorarchive.domain.entity.BehaviorArchive */insert 
    into
        behavior_archive (actual_duration, channel_id, created_at, created_by, deleted_at, end_time, estimated_duration, pdi_task_id, site_id, start_time, status, updated_at, id) 
    values
        (?, ?, ?, ?, ?, ?, ?, ?, ?, ?, ?, ?, default)
2026-04-06T00:52:16.028+08:00 DEBUG 69205 --- [pdi-behavior-archive-test] [           main] org.hibernate.SQL                        : 
    /* insert for
        com.vdc.pdi.behaviorarchive.domain.entity.BehaviorArchive */insert 
    into
        behavior_archive (actual_duration, channel_id, created_at, created_by, deleted_at, end_time, estimated_duration, pdi_task_id, site_id, start_time, status, updated_at, id) 
    values
        (?, ?, ?, ?, ?, ?, ?, ?, ?, ?, ?, ?, default)
Hibernate: 
    /* insert for
        com.vdc.pdi.behaviorarchive.domain.entity.BehaviorArchive */insert 
    into
        behavior_archive (actual_duration, channel_id, created_at, created_by, deleted_at, end_time, estimated_duration, pdi_task_id, site_id, start_time, status, updated_at, id) 
    values
        (?, ?, ?, ?, ?, ?, ?, ?, ?, ?, ?, ?, default)
2026-04-06T00:52:16.029+08:00 DEBUG 69205 --- [pdi-behavior-archive-test] [           main] org.hibernate.SQL                        : 
    /* insert for
        com.vdc.pdi.behaviorarchive.domain.entity.BehaviorArchive */insert 
    into
        behavior_archive (actual_duration, channel_id, created_at, created_by, deleted_at, end_time, estimated_duration, pdi_task_id, site_id, start_time, status, updated_at, id) 
    values
        (?, ?, ?, ?, ?, ?, ?, ?, ?, ?, ?, ?, default)
Hibernate: 
    /* insert for
        com.vdc.pdi.behaviorarchive.domain.entity.BehaviorArchive */insert 
    into
        behavior_archive (actual_duration, channel_id, created_at, created_by, deleted_at, end_time, estimated_duration, pdi_task_id, site_id, start_time, status, updated_at, id) 
    values
        (?, ?, ?, ?, ?, ?, ?, ?, ?, ?, ?, ?, default)
2026-04-06T00:52:16.029+08:00 DEBUG 69205 --- [pdi-behavior-archive-test] [           main] org.hibernate.SQL                        : 
    /* insert for
        com.vdc.pdi.behaviorarchive.domain.entity.BehaviorArchive */insert 
    into
        behavior_archive (actual_duration, channel_id, created_at, created_by, deleted_at, end_time, estimated_duration, pdi_task_id, site_id, start_time, status, updated_at, id) 
    values
        (?, ?, ?, ?, ?, ?, ?, ?, ?, ?, ?, ?, default)
Hibernate: 
    /* insert for
        com.vdc.pdi.behaviorarchive.domain.entity.BehaviorArchive */insert 
    into
        behavior_archive (actual_duration, channel_id, created_at, created_by, deleted_at, end_time, estimated_duration, pdi_task_id, site_id, start_time, status, updated_at, id) 
    values
        (?, ?, ?, ?, ?, ?, ?, ?, ?, ?, ?, ?, default)
2026-04-06T00:52:16.029+08:00 DEBUG 69205 --- [pdi-behavior-archive-test] [           main] org.hibernate.SQL                        : 
    /* insert for
        com.vdc.pdi.behaviorarchive.domain.entity.BehaviorArchive */insert 
    into
        behavior_archive (actual_duration, channel_id, created_at, created_by, deleted_at, end_time, estimated_duration, pdi_task_id, site_id, start_time, status, updated_at, id) 
    values
        (?, ?, ?, ?, ?, ?, ?, ?, ?, ?, ?, ?, default)
Hibernate: 
    /* insert for
        com.vdc.pdi.behaviorarchive.domain.entity.BehaviorArchive */insert 
    into
        behavior_archive (actual_duration, channel_id, created_at, created_by, deleted_at, end_time, estimated_duration, pdi_task_id, site_id, start_time, status, updated_at, id) 
    values
        (?, ?, ?, ?, ?, ?, ?, ?, ?, ?, ?, ?, default)
2026-04-06T00:52:16.030+08:00 DEBUG 69205 --- [pdi-behavior-archive-test] [           main] org.hibernate.SQL                        : 
    /* insert for
        com.vdc.pdi.behaviorarchive.domain.entity.BehaviorArchive */insert 
    into
        behavior_archive (actual_duration, channel_id, created_at, created_by, deleted_at, end_time, estimated_duration, pdi_task_id, site_id, start_time, status, updated_at, id) 
    values
        (?, ?, ?, ?, ?, ?, ?, ?, ?, ?, ?, ?, default)
Hibernate: 
    /* insert for
        com.vdc.pdi.behaviorarchive.domain.entity.BehaviorArchive */insert 
    into
        behavior_archive (actual_duration, channel_id, created_at, created_by, deleted_at, end_time, estimated_duration, pdi_task_id, site_id, start_time, status, updated_at, id) 
    values
        (?, ?, ?, ?, ?, ?, ?, ?, ?, ?, ?, ?, default)
2026-04-06T00:52:16.030+08:00 DEBUG 69205 --- [pdi-behavior-archive-test] [           main] org.hibernate.SQL                        : 
    /* insert for
        com.vdc.pdi.behaviorarchive.domain.entity.BehaviorArchive */insert 
    into
        behavior_archive (actual_duration, channel_id, created_at, created_by, deleted_at, end_time, estimated_duration, pdi_task_id, site_id, start_time, status, updated_at, id) 
    values
        (?, ?, ?, ?, ?, ?, ?, ?, ?, ?, ?, ?, default)
Hibernate: 
    /* insert for
        com.vdc.pdi.behaviorarchive.domain.entity.BehaviorArchive */insert 
    into
        behavior_archive (actual_duration, channel_id, created_at, created_by, deleted_at, end_time, estimated_duration, pdi_task_id, site_id, start_time, status, updated_at, id) 
    values
        (?, ?, ?, ?, ?, ?, ?, ?, ?, ?, ?, ?, default)
2026-04-06T00:52:16.030+08:00 DEBUG 69205 --- [pdi-behavior-archive-test] [           main] org.hibernate.SQL                        : 
    /* insert for
        com.vdc.pdi.behaviorarchive.domain.entity.BehaviorArchive */insert 
    into
        behavior_archive (actual_duration, channel_id, created_at, created_by, deleted_at, end_time, estimated_duration, pdi_task_id, site_id, start_time, status, updated_at, id) 
    values
        (?, ?, ?, ?, ?, ?, ?, ?, ?, ?, ?, ?, default)
Hibernate: 
    /* insert for
        com.vdc.pdi.behaviorarchive.domain.entity.BehaviorArchive */insert 
    into
        behavior_archive (actual_duration, channel_id, created_at, created_by, deleted_at, end_time, estimated_duration, pdi_task_id, site_id, start_time, status, updated_at, id) 
    values
        (?, ?, ?, ?, ?, ?, ?, ?, ?, ?, ?, ?, default)
2026-04-06T00:52:16.031+08:00 DEBUG 69205 --- [pdi-behavior-archive-test] [           main] org.hibernate.SQL                        : 
    /* insert for
        com.vdc.pdi.behaviorarchive.domain.entity.BehaviorArchive */insert 
    into
        behavior_archive (actual_duration, channel_id, created_at, created_by, deleted_at, end_time, estimated_duration, pdi_task_id, site_id, start_time, status, updated_at, id) 
    values
        (?, ?, ?, ?, ?, ?, ?, ?, ?, ?, ?, ?, default)
Hibernate: 
    /* insert for
        com.vdc.pdi.behaviorarchive.domain.entity.BehaviorArchive */insert 
    into
        behavior_archive (actual_duration, channel_id, created_at, created_by, deleted_at, end_time, estimated_duration, pdi_task_id, site_id, start_time, status, updated_at, id) 
    values
        (?, ?, ?, ?, ?, ?, ?, ?, ?, ?, ?, ?, default)
2026-04-06T00:52:16.031+08:00 DEBUG 69205 --- [pdi-behavior-archive-test] [           main] org.hibernate.SQL                        : 
    /* insert for
        com.vdc.pdi.behaviorarchive.domain.entity.BehaviorArchive */insert 
    into
        behavior_archive (actual_duration, channel_id, created_at, created_by, deleted_at, end_time, estimated_duration, pdi_task_id, site_id, start_time, status, updated_at, id) 
    values
        (?, ?, ?, ?, ?, ?, ?, ?, ?, ?, ?, ?, default)
Hibernate: 
    /* insert for
        com.vdc.pdi.behaviorarchive.domain.entity.BehaviorArchive */insert 
    into
        behavior_archive (actual_duration, channel_id, created_at, created_by, deleted_at, end_time, estimated_duration, pdi_task_id, site_id, start_time, status, updated_at, id) 
    values
        (?, ?, ?, ?, ?, ?, ?, ?, ?, ?, ?, ?, default)
2026-04-06T00:52:16.031+08:00 DEBUG 69205 --- [pdi-behavior-archive-test] [           main] org.hibernate.SQL                        : 
    /* insert for
        com.vdc.pdi.behaviorarchive.domain.entity.BehaviorArchive */insert 
    into
        behavior_archive (actual_duration, channel_id, created_at, created_by, deleted_at, end_time, estimated_duration, pdi_task_id, site_id, start_time, status, updated_at, id) 
    values
        (?, ?, ?, ?, ?, ?, ?, ?, ?, ?, ?, ?, default)
Hibernate: 
    /* insert for
        com.vdc.pdi.behaviorarchive.domain.entity.BehaviorArchive */insert 
    into
        behavior_archive (actual_duration, channel_id, created_at, created_by, deleted_at, end_time, estimated_duration, pdi_task_id, site_id, start_time, status, updated_at, id) 
    values
        (?, ?, ?, ?, ?, ?, ?, ?, ?, ?, ?, ?, default)
2026-04-06T00:52:16.032+08:00 DEBUG 69205 --- [pdi-behavior-archive-test] [           main] org.hibernate.SQL                        : 
    /* insert for
        com.vdc.pdi.behaviorarchive.domain.entity.BehaviorArchive */insert 
    into
        behavior_archive (actual_duration, channel_id, created_at, created_by, deleted_at, end_time, estimated_duration, pdi_task_id, site_id, start_time, status, updated_at, id) 
    values
        (?, ?, ?, ?, ?, ?, ?, ?, ?, ?, ?, ?, default)
Hibernate: 
    /* insert for
        com.vdc.pdi.behaviorarchive.domain.entity.BehaviorArchive */insert 
    into
        behavior_archive (actual_duration, channel_id, created_at, created_by, deleted_at, end_time, estimated_duration, pdi_task_id, site_id, start_time, status, updated_at, id) 
    values
        (?, ?, ?, ?, ?, ?, ?, ?, ?, ?, ?, ?, default)
2026-04-06T00:52:16.032+08:00 DEBUG 69205 --- [pdi-behavior-archive-test] [           main] org.hibernate.SQL                        : 
    /* insert for
        com.vdc.pdi.behaviorarchive.domain.entity.BehaviorArchive */insert 
    into
        behavior_archive (actual_duration, channel_id, created_at, created_by, deleted_at, end_time, estimated_duration, pdi_task_id, site_id, start_time, status, updated_at, id) 
    values
        (?, ?, ?, ?, ?, ?, ?, ?, ?, ?, ?, ?, default)
Hibernate: 
    /* insert for
        com.vdc.pdi.behaviorarchive.domain.entity.BehaviorArchive */insert 
    into
        behavior_archive (actual_duration, channel_id, created_at, created_by, deleted_at, end_time, estimated_duration, pdi_task_id, site_id, start_time, status, updated_at, id) 
    values
        (?, ?, ?, ?, ?, ?, ?, ?, ?, ?, ?, ?, default)
2026-04-06T00:52:16.032+08:00 DEBUG 69205 --- [pdi-behavior-archive-test] [           main] org.hibernate.SQL                        : 
    /* insert for
        com.vdc.pdi.behaviorarchive.domain.entity.BehaviorArchive */insert 
    into
        behavior_archive (actual_duration, channel_id, created_at, created_by, deleted_at, end_time, estimated_duration, pdi_task_id, site_id, start_time, status, updated_at, id) 
    values
        (?, ?, ?, ?, ?, ?, ?, ?, ?, ?, ?, ?, default)
Hibernate: 
    /* insert for
        com.vdc.pdi.behaviorarchive.domain.entity.BehaviorArchive */insert 
    into
        behavior_archive (actual_duration, channel_id, created_at, created_by, deleted_at, end_time, estimated_duration, pdi_task_id, site_id, start_time, status, updated_at, id) 
    values
        (?, ?, ?, ?, ?, ?, ?, ?, ?, ?, ?, ?, default)
2026-04-06T00:52:16.033+08:00 DEBUG 69205 --- [pdi-behavior-archive-test] [           main] org.hibernate.SQL                        : 
[...]
        ) 
        AND (
            :startTimeTo IS NULL 
            OR a.startTime <= :startTimeTo
        ) */ select
            count(ba1_0.id) 
        from
            behavior_archive ba1_0 
        where
            ba1_0.deleted_at is null 
            and (
                ? is null 
                or ba1_0.site_id=?
            ) 
            and (
                ? is null 
                or ba1_0.status=?
            ) 
            and (
                ? is null 
                or ba1_0.channel_id=?
            ) 
            and (
                ? is null 
                or ba1_0.start_time>=?
            ) 
            and (
                ? is null 
                or ba1_0.start_time<=?
            )
Hibernate: 
    /* SELECT
        count(a) 
    FROM
        BehaviorArchive a 
    WHERE
        a.deletedAt IS NULL 
        AND (
            :siteId IS NULL 
            OR a.siteId = :siteId
        ) 
        AND (
            :status IS NULL 
            OR a.status = :status
        ) 
        AND (
            :channelId IS NULL 
            OR a.channelId = :channelId
        ) 
        AND (
            :startTimeFrom IS NULL 
            OR a.startTime >= :startTimeFrom
        ) 
        AND (
            :startTimeTo IS NULL 
            OR a.startTime <= :startTimeTo
        ) */ select
            count(ba1_0.id) 
        from
            behavior_archive ba1_0 
        where
            ba1_0.deleted_at is null 
            and (
                ? is null 
                or ba1_0.site_id=?
            ) 
            and (
                ? is null 
                or ba1_0.status=?
            ) 
            and (
                ? is null 
                or ba1_0.channel_id=?
            ) 
            and (
                ? is null 
                or ba1_0.start_time>=?
            ) 
            and (
                ? is null 
                or ba1_0.start_time<=?
            )
]]></system-out>
  </testcase>
  <testcase name="countBySiteIdAndDeletedAtIsNull" classname="行为档案Repository测试" time="0.007">
    <system-out><![CDATA[2026-04-06T00:52:16.043+08:00 DEBUG 69205 --- [pdi-behavior-archive-test] [           main] o.s.j.datasource.SimpleDriverDataSource  : Creating new JDBC Driver Connection to [jdbc:h2:mem:d79a9649-c6f3-4d1b-aa26-941ac9080456;DB_CLOSE_DELAY=-1;DB_CLOSE_ON_EXIT=false]
2026-04-06T00:52:16.044+08:00 DEBUG 69205 --- [pdi-behavior-archive-test] [           main] org.hibernate.SQL                        : 
    /* <criteria> */ select
        ba1_0.id,
        ba1_0.actual_duration,
        ba1_0.channel_id,
        ba1_0.created_at,
        ba1_0.created_by,
        ba1_0.deleted_at,
        ba1_0.end_time,
        ba1_0.estimated_duration,
        ba1_0.pdi_task_id,
        ba1_0.site_id,
        ba1_0.start_time,
        ba1_0.status,
        ba1_0.updated_at 
    from
        behavior_archive ba1_0
Hibernate: 
    /* <criteria> */ select
        ba1_0.id,
        ba1_0.actual_duration,
        ba1_0.channel_id,
        ba1_0.created_at,
        ba1_0.created_by,
        ba1_0.deleted_at,
        ba1_0.end_time,
        ba1_0.estimated_duration,
        ba1_0.pdi_task_id,
        ba1_0.site_id,
        ba1_0.start_time,
        ba1_0.status,
        ba1_0.updated_at 
    from
        behavior_archive ba1_0
2026-04-06T00:52:16.046+08:00 DEBUG 69205 --- [pdi-behavior-archive-test] [           main] org.hibernate.SQL                        : 
    /* insert for
        com.vdc.pdi.behaviorarchive.domain.entity.BehaviorArchive */insert 
    into
        behavior_archive (actual_duration, channel_id, created_at, created_by, deleted_at, end_time, estimated_duration, pdi_task_id, site_id, start_time, status, updated_at, id) 
    values
        (?, ?, ?, ?, ?, ?, ?, ?, ?, ?, ?, ?, default)
Hibernate: 
    /* insert for
        com.vdc.pdi.behaviorarchive.domain.entity.BehaviorArchive */insert 
    into
        behavior_archive (actual_duration, channel_id, created_at, created_by, deleted_at, end_time, estimated_duration, pdi_task_id, site_id, start_time, status, updated_at, id) 
    values
        (?, ?, ?, ?, ?, ?, ?, ?, ?, ?, ?, ?, default)
2026-04-06T00:52:16.046+08:00 DEBUG 69205 --- [pdi-behavior-archive-test] [           main] org.hibernate.SQL                        : 
    /* insert for
        com.vdc.pdi.behaviorarchive.domain.entity.BehaviorArchive */insert 
    into
        behavior_archive (actual_duration, channel_id, created_at, created_by, deleted_at, end_time, estimated_duration, pdi_task_id, site_id, start_time, status, updated_at, id) 
    values
        (?, ?, ?, ?, ?, ?, ?, ?, ?, ?, ?, ?, default)
Hibernate: 
    /* insert for
        com.vdc.pdi.behaviorarchive.domain.entity.BehaviorArchive */insert 
    into
        behavior_archive (actual_duration, channel_id, created_at, created_by, deleted_at, end_time, estimated_duration, pdi_task_id, site_id, start_time, status, updated_at, id) 
    values
        (?, ?, ?, ?, ?, ?, ?, ?, ?, ?, ?, ?, default)
2026-04-06T00:52:16.047+08:00 DEBUG 69205 --- [pdi-behavior-archive-test] [           main] org.hibernate.SQL                        : 
    /* insert for
        com.vdc.pdi.behaviorarchive.domain.entity.BehaviorArchive */insert 
    into
        behavior_archive (actual_duration, channel_id, created_at, created_by, deleted_at, end_time, estimated_duration, pdi_task_id, site_id, start_time, status, updated_at, id) 
    values
        (?, ?, ?, ?, ?, ?, ?, ?, ?, ?, ?, ?, default)
Hibernate: 
    /* insert for
        com.vdc.pdi.behaviorarchive.domain.entity.BehaviorArchive */insert 
    into
        behavior_archive (actual_duration, channel_id, created_at, created_by, deleted_at, end_time, estimated_duration, pdi_task_id, site_id, start_time, status, updated_at, id) 
    values
        (?, ?, ?, ?, ?, ?, ?, ?, ?, ?, ?, ?, default)
2026-04-06T00:52:16.048+08:00 DEBUG 69205 --- [pdi-behavior-archive-test] [           main] org.hibernate.SQL                        : 
    /* <criteria> */ select
        count(ba1_0.id) 
    from
        behavior_archive ba1_0 
    where
        ba1_0.site_id=? 
        and ba1_0.deleted_at is null
Hibernate: 
    /* <criteria> */ select
        count(ba1_0.id) 
    from
        behavior_archive ba1_0 
    where
        ba1_0.site_id=? 
        and ba1_0.deleted_at is null
]]></system-out>
  </testcase>
  <testcase name="findById_NotExists" classname="行为档案Repository测试" time="0.006">
    <system-out><![CDATA[2026-04-06T00:52:16.051+08:00 DEBUG 69205 --- [pdi-behavior-archive-test] [           main] o.s.j.datasource.SimpleDriverDataSource  : Creating new JDBC Driver Connection to [jdbc:h2:mem:d79a9649-c6f3-4d1b-aa26-941ac9080456;DB_CLOSE_DELAY=-1;DB_CLOSE_ON_EXIT=false]
2026-04-06T00:52:16.053+08:00 DEBUG 69205 --- [pdi-behavior-archive-test] [           main] org.hibernate.SQL                        : 
    /* <criteria> */ select
        ba1_0.id,
        ba1_0.actual_duration,
        ba1_0.channel_id,
        ba1_0.created_at,
        ba1_0.created_by,
        ba1_0.deleted_at,
        ba1_0.end_time,
        ba1_0.estimated_duration,
        ba1_0.pdi_task_id,
        ba1_0.site_id,
        ba1_0.start_time,
        ba1_0.status,
        ba1_0.updated_at 
    from
        behavior_archive ba1_0
Hibernate: 
    /* <criteria> */ select
        ba1_0.id,
        ba1_0.actual_duration,
        ba1_0.channel_id,
        ba1_0.created_at,
        ba1_0.created_by,
        ba1_0.deleted_at,
        ba1_0.end_time,
        ba1_0.estimated_duration,
        ba1_0.pdi_task_id,
        ba1_0.site_id,
        ba1_0.start_time,
        ba1_0.status,
        ba1_0.updated_at 
    from
        behavior_archive ba1_0
2026-04-06T00:52:16.055+08:00 DEBUG 69205 --- [pdi-behavior-archive-test] [           main] org.hibernate.SQL                        : 
    select
        ba1_0.id,
        ba1_0.actual_duration,
        ba1_0.channel_id,
        ba1_0.created_at,
        ba1_0.created_by,
        ba1_0.deleted_at,
        ba1_0.end_time,
        ba1_0.estimated_duration,
        ba1_0.pdi_task_id,
        ba1_0.site_id,
        ba1_0.start_time,
        ba1_0.status,
        ba1_0.updated_at 
    from
        behavior_archive ba1_0 
    where
        ba1_0.id=?
Hibernate: 
    select
        ba1_0.id,
        ba1_0.actual_duration,
        ba1_0.channel_id,
        ba1_0.created_at,
        ba1_0.created_by,
        ba1_0.deleted_at,
        ba1_0.end_time,
        ba1_0.estimated_duration,
        ba1_0.pdi_task_id,
        ba1_0.site_id,
        ba1_0.start_time,
        ba1_0.status,
        ba1_0.updated_at 
    from
        behavior_archive ba1_0 
    where
        ba1_0.id=?
]]></system-out>
  </testcase>
  <testcase name="findArchivesWithFilters_ByTimeRange" classname="行为档案Repository测试" time="0.007">
    <system-out><![CDATA[2026-04-06T00:52:16.057+08:00 DEBUG 69205 --- [pdi-behavior-archive-test] [           main] o.s.j.datasource.SimpleDriverDataSource  : Creating new JDBC Driver Connection to [jdbc:h2:mem:d79a9649-c6f3-4d1b-aa26-941ac9080456;DB_CLOSE_DELAY=-1;DB_CLOSE_ON_EXIT=false]
2026-04-06T00:52:16.059+08:00 DEBUG 69205 --- [pdi-behavior-archive-test] [           main] org.hibernate.SQL                        : 
    /* <criteria> */ select
        ba1_0.id,
        ba1_0.actual_duration,
        ba1_0.channel_id,
        ba1_0.created_at,
        ba1_0.created_by,
        ba1_0.deleted_at,
        ba1_0.end_time,
        ba1_0.estimated_duration,
        ba1_0.pdi_task_id,
        ba1_0.site_id,
        ba1_0.start_time,
        ba1_0.status,
        ba1_0.updated_at 
    from
        behavior_archive ba1_0
Hibernate: 
    /* <criteria> */ select
        ba1_0.id,
        ba1_0.actual_duration,
        ba1_0.channel_id,
        ba1_0.created_at,
        ba1_0.created_by,
        ba1_0.deleted_at,
        ba1_0.end_time,
        ba1_0.estimated_duration,
        ba1_0.pdi_task_id,
        ba1_0.site_id,
        ba1_0.start_time,
        ba1_0.status,
        ba1_0.updated_at 
    from
        behavior_archive ba1_0
2026-04-06T00:52:16.060+08:00 DEBUG 69205 --- [pdi-behavior-archive-test] [           main] org.hibernate.SQL                        : 
    /* insert for
        com.vdc.pdi.behaviorarchive.domain.entity.BehaviorArchive */insert 
    into
        behavior_archive (actual_duration, channel_id, created_at, created_by, deleted_at, end_time, estimated_duration, pdi_task_id, site_id, start_time, status, updated_at, id) 
    values
        (?, ?, ?, ?, ?, ?, ?, ?, ?, ?, ?, ?, default)
Hibernate: 
    /* insert for
        com.vdc.pdi.behaviorarchive.domain.entity.BehaviorArchive */insert 
    into
        behavior_archive (actual_duration, channel_id, created_at, created_by, deleted_at, end_time, estimated_duration, pdi_task_id, site_id, start_time, status, updated_at, id) 
    values
        (?, ?, ?, ?, ?, ?, ?, ?, ?, ?, ?, ?, default)
2026-04-06T00:52:16.061+08:00 DEBUG 69205 --- [pdi-behavior-archive-test] [           main] org.hibernate.SQL                        : 
    /* insert for
        com.vdc.pdi.behaviorarchive.domain.entity.BehaviorArchive */insert 
    into
        behavior_archive (actual_duration, channel_id, created_at, created_by, deleted_at, end_time, estimated_duration, pdi_task_id, site_id, start_time, status, updated_at, id) 
    values
        (?, ?, ?, ?, ?, ?, ?, ?, ?, ?, ?, ?, default)
Hibernate: 
    /* insert for
        com.vdc.pdi.behaviorarchive.domain.entity.BehaviorArchive */insert 
    into
        behavior_archive (actual_duration, channel_id, created_at, created_by, deleted_at, end_time, estimated_duration, pdi_task_id, site_id, start_time, status, updated_at, id) 
    values
        (?, ?, ?, ?, ?, ?, ?, ?, ?, ?, ?, ?, default)
2026-04-06T00:52:16.062+08:00 DEBUG 69205 --- [pdi-behavior-archive-test] [           main] org.hibernate.SQL                        : 
    /* SELECT
        a 
    FROM
        BehaviorArchive a 
    WHERE
        a.deletedAt IS NULL 
        AND (
            :siteId IS NULL 
            OR a.siteId = :siteId
        ) 
        AND (
            :status IS NULL 
            OR a.status = :status
        ) 
        AND (
            :channelId IS NULL 
            OR a.channelId = :channelId
        ) 
        AND (
            :startTimeFrom IS NULL 
            OR a.startTime >= :startTimeFrom
        ) 
        AND (
            :startTimeTo IS NULL 
            OR a.startTime <= :startTimeTo
        ) 
    ORDER BY
        a.startTime DESC */ select
            ba1_0.id,
            ba1_0.actual_duration,
            ba1_0.channel_id,
            ba1_0.created_at,
            ba1_0.created_by,
            ba1_0.deleted_at,
            ba1_0.end_time,
            ba1_0.estimated_duration,
            ba1_0.pdi_task_id,
            ba1_0.site_id,
            ba1_0.start_time,
            ba1_0.status,
            ba1_0.updated_at 
        from
            behavior_archive ba1_0 
        where
            ba1_0.deleted_at is null 
            and (
                ? is null 
                or ba1_0.site_id=?
            ) 
            and (
                ? is null 
                or ba1_0.status=?
            ) 
            and (
                ? is null 
                or ba1_0.channel_id=?
            ) 
            and (
                ? is null 
                or ba1_0.start_time>=?
            ) 
            and (
                ? is null 
                or ba1_0.start_time<=?
            ) 
        order by
            ba1_0.start_time desc 
        offset
            ? rows 
        fetch
            first ? rows only
Hibernate: 
    /* SELECT
        a 
    FROM
        BehaviorArchive a 
    WHERE
        a.deletedAt IS NULL 
        AND (
            :siteId IS NULL 
            OR a.siteId = :siteId
        ) 
        AND (
            :status IS NULL 
            OR a.status = :status
        ) 
        AND (
            :channelId IS NULL 
            OR a.channelId = :channelId
        ) 
        AND (
            :startTimeFrom IS NULL 
            OR a.startTime >= :startTimeFrom
        ) 
        AND (
            :startTimeTo IS NULL 
            OR a.startTime <= :startTimeTo
        ) 
    ORDER BY
        a.startTime DESC */ select
            ba1_0.id,
            ba1_0.actual_duration,
            ba1_0.channel_id,
            ba1_0.created_at,
            ba1_0.created_by,
            ba1_0.deleted_at,
            ba1_0.end_time,
            ba1_0.estimated_duration,
            ba1_0.pdi_task_id,
            ba1_0.site_id,
            ba1_0.start_time,
            ba1_0.status,
            ba1_0.updated_at 
        from
            behavior_archive ba1_0 
        where
            ba1_0.deleted_at is null 
            and (
                ? is null 
                or ba1_0.site_id=?
            ) 
            and (
                ? is null 
                or ba1_0.status=?
            ) 
            and (
                ? is null 
                or ba1_0.channel_id=?
            ) 
            and (
                ? is null 
                or ba1_0.start_time>=?
            ) 
            and (
                ? is null 
                or ba1_0.start_time<=?
            ) 
        order by
            ba1_0.start_time desc 
        offset
            ? rows 
        fetch
            first ? rows only
]]></system-out>
  </testcase>
  <testcase name="findByPdiTaskId_NotExists" classname="行为档案Repository测试" time="0.004">
    <system-out><![CDATA[2026-04-06T00:52:16.066+08:00 DEBUG 69205 --- [pdi-behavior-archive-test] [           main] o.s.j.datasource.SimpleDriverDataSource  : Creating new JDBC Driver Connection to [jdbc:h2:mem:d79a9649-c6f3-4d1b-aa26-941ac9080456;DB_CLOSE_DELAY=-1;DB_CLOSE_ON_EXIT=false]
2026-04-06T00:52:16.067+08:00 DEBUG 69205 --- [pdi-behavior-archive-test] [           main] org.hibernate.SQL                        : 
    /* <criteria> */ select
        ba1_0.id,
        ba1_0.actual_duration,
        ba1_0.channel_id,
        ba1_0.created_at,
        ba1_0.created_by,
        ba1_0.deleted_at,
        ba1_0.end_time,
        ba1_0.estimated_duration,
        ba1_0.pdi_task_id,
        ba1_0.site_id,
        ba1_0.start_time,
        ba1_0.status,
        ba1_0.updated_at 
    from
        behavior_archive ba1_0
Hibernate: 
    /* <criteria> */ select
        ba1_0.id,
        ba1_0.actual_duration,
        ba1_0.channel_id,
        ba1_0.created_at,
        ba1_0.created_by,
        ba1_0.deleted_at,
        ba1_0.end_time,
        ba1_0.estimated_duration,
        ba1_0.pdi_task_id,
        ba1_0.site_id,
        ba1_0.start_time,
        ba1_0.status,
        ba1_0.updated_at 
    from
        behavior_archive ba1_0
2026-04-06T00:52:16.068+08:00 DEBUG 69205 --- [pdi-behavior-archive-test] [           main] org.hibernate.SQL                        : 
    /* <criteria> */ select
        ba1_0.id,
        ba1_0.actual_duration,
        ba1_0.channel_id,
        ba1_0.created_at,
        ba1_0.created_by,
        ba1_0.deleted_at,
        ba1_0.end_time,
        ba1_0.estimated_duration,
        ba1_0.pdi_task_id,
        ba1_0.site_id,
        ba1_0.start_time,
        ba1_0.status,
        ba1_0.updated_at 
    from
        behavior_archive ba1_0 
    where
        ba1_0.pdi_task_id=?
Hibernate: 
    /* <criteria> */ select
        ba1_0.id,
        ba1_0.actual_duration,
        ba1_0.channel_id,
        ba1_0.created_at,
        ba1_0.created_by,
        ba1_0.deleted_at,
        ba1_0.end_time,
        ba1_0.estimated_duration,
        ba1_0.pdi_task_id,
        ba1_0.site_id,
        ba1_0.start_time,
        ba1_0.status,
        ba1_0.updated_at 
    from
        behavior_archive ba1_0 
    where
        ba1_0.pdi_task_id=?
]]></system-out>
  </testcase>
  <testcase name="save_Success" classname="行为档案Repository测试" time="0.005">
    <system-out><![CDATA[2026-04-06T00:52:16.070+08:00 DEBUG 69205 --- [pdi-behavior-archive-test] [           main] o.s.j.datasource.SimpleDriverDataSource  : Creating new JDBC Driver Connection to [jdbc:h2:mem:d79a9649-c6f3-4d1b-aa26-941ac9080456;DB_CLOSE_DELAY=-1;DB_CLOSE_ON_EXIT=false]
2026-04-06T00:52:16.071+08:00 DEBUG 69205 --- [pdi-behavior-archive-test] [           main] org.hibernate.SQL                        : 
    /* <criteria> */ select
        ba1_0.id,
        ba1_0.actual_duration,
        ba1_0.channel_id,
        ba1_0.created_at,
        ba1_0.created_by,
        ba1_0.deleted_at,
        ba1_0.end_time,
        ba1_0.estimated_duration,
        ba1_0.pdi_task_id,
        ba1_0.site_id,
        ba1_0.start_time,
        ba1_0.status,
        ba1_0.updated_at 
    from
        behavior_archive ba1_0
Hibernate: 
    /* <criteria> */ select
        ba1_0.id,
        ba1_0.actual_duration,
        ba1_0.channel_id,
        ba1_0.created_at,
        ba1_0.created_by,
        ba1_0.deleted_at,
        ba1_0.end_time,
        ba1_0.estimated_duration,
        ba1_0.pdi_task_id,
        ba1_0.site_id,
        ba1_0.start_time,
        ba1_0.status,
        ba1_0.updated_at 
    from
        behavior_archive ba1_0
2026-04-06T00:52:16.073+08:00 DEBUG 69205 --- [pdi-behavior-archive-test] [           main] org.hibernate.SQL                        : 
    /* insert for
        com.vdc.pdi.behaviorarchive.domain.entity.BehaviorArchive */insert 
    into
        behavior_archive (actual_duration, channel_id, created_at, created_by, deleted_at, end_time, estimated_duration, pdi_task_id, site_id, start_time, status, updated_at, id) 
    values
        (?, ?, ?, ?, ?, ?, ?, ?, ?, ?, ?, ?, default)
Hibernate: 
    /* insert for
        com.vdc.pdi.behaviorarchive.domain.entity.BehaviorArchive */insert 
    into
        behavior_archive (actual_duration, channel_id, created_at, created_by, deleted_at, end_time, estimated_duration, pdi_task_id, site_id, start_time, status, updated_at, id) 
    values
        (?, ?, ?, ?, ?, ?, ?, ?, ?, ?, ?, ?, default)
]]></system-out>
  </testcase>
</testsuite>