<?xml version="1.0" encoding="UTF-8"?>
<testsuite xmlns:xsi="http://www.w3.org/2001/XMLSchema-instance" xsi:noNamespaceSchemaLocation="https://maven.apache.org/surefire/maven-surefire-plugin/xsd/surefire-test-report.xsd" version="3.0.2" name="com.vdc.pdi.behaviorarchive.service.BehaviorArchiveServiceTest" time="0.101" tests="14" errors="0" skipped="0" failures="0">
  <properties>
[...]
</properties>
  <testcase name="calculateArchiveStatus_Unqualified_ZeroEstimatedDuration" classname="行为档案服务测试" time="0.068"/>
  <testcase name="calculateArchiveStatus_Unqualified" classname="行为档案服务测试" time="0.001"/>
  <testcase name="queryArchiveList_EmptyResult" classname="行为档案服务测试" time="0.003"/>
  <testcase name="calculateArchiveStatus_InProgress" classname="行为档案服务测试" time="0.001"/>
  <testcase name="queryArchiveList_Success" classname="行为档案服务测试" time="0.002"/>
  <testcase name="calculateArchiveStatus_Unqualified_NoEstimatedDuration" classname="行为档案服务测试" time="0.002"/>
  <testcase name="getArchiveDetail_PdiTaskNotFound" classname="行为档案服务测试" time="0.001"/>
  <testcase name="createOrUpdateArchive_UpdateExisting" classname="行为档案服务测试" time="0.006">
    <system-out><![CDATA[2026-04-06T00:52:18.157+08:00  INFO 69205 --- [pdi-behavior-archive-test] [           main] c.v.p.b.s.i.BehaviorArchiveServiceImpl   : 更新档案, id=1001
]]></system-out>
  </testcase>
  <testcase name="getArchiveDetail_Success" classname="行为档案服务测试" time="0.002"/>
  <testcase name="calculateArchiveStatus_Qualified_Boundary" classname="行为档案服务测试" time="0.001"/>
  <testcase name="queryArchiveList_WithFilters" classname="行为档案服务测试" time="0.002"/>
  <testcase name="calculateArchiveStatus_Qualified" classname="行为档案服务测试" time="0.001"/>
  <testcase name="createOrUpdateArchive_CreateNew" classname="行为档案服务测试" time="0.002">
    <system-out><![CDATA[2026-04-06T00:52:18.172+08:00  INFO 69205 --- [pdi-behavior-archive-test] [           main] c.v.p.b.s.i.BehaviorArchiveServiceImpl   : 创建新档案, pdiTaskId=2001
]]></system-out>
  </testcase>
  <testcase name="getArchiveDetail_NotFound" classname="行为档案服务测试" time="0.002"/>
</testsuite>