<?xml version="1.0" encoding="UTF-8"?>
<testsuite xmlns:xsi="http://www.w3.org/2001/XMLSchema-instance" xsi:noNamespaceSchemaLocation="https://maven.apache.org/surefire/maven-surefire-plugin/xsd/surefire-test-report.xsd" version="3.0.2" name="com.vdc.pdi.behaviorarchive.integration.ArchiveIntegrationTest" time="1.39" tests="9" errors="2" skipped="0" failures="3">
  <properties>
[...]
</properties>
  <testcase name="statusCalculation_Integration" classname="档案模块集成测试" time="0.013">
    <system-out><![CDATA[2026-04-06T00:52:16.078+08:00  INFO 69205 --- [pdi-behavior-archive-test] [           main] t.c.s.AnnotationConfigContextLoaderUtils : Could not detect default configuration classes for test class [com.vdc.pdi.behaviorarchive.integration.ArchiveIntegrationTest]: ArchiveIntegrationTest does not declare any static, non-private, non-final, nested classes annotated with @Configuration.
2026-04-06T00:52:16.085+08:00  INFO 69205 --- [pdi-behavior-archive-test] [           main] .b.t.c.SpringBootTestContextBootstrapper : Found @SpringBootConfiguration com.vdc.pdi.behaviorarchive.TestApplication for test class com.vdc.pdi.behaviorarchive.integration.ArchiveIntegrationTest

  .   ____          _            __ _ _
 /\\ / ___'_ __ _ _(_)_ __  __ _ \ \ \ \
( ( )\___ | '_ | '_| | '_ \/ _` | \ \ \ \
 \\/  ___)| |_)| | | | | || (_| |  ) ) ) )
  '  |____| .__|_| |_|_| |_\__, | / / / /
 =========|_|==============|___/=/_/_/_/
 :: Spring Boot ::                (v3.2.4)

2026-04-06T00:52:16.109+08:00  INFO 69205 --- [pdi-behavior-archive-test] [           main] c.v.p.b.i.ArchiveIntegrationTest         : Starting ArchiveIntegrationTest using Java 17.0.12 with PID 69205 (started by apple in /Users/apple/Desktop/设计文件/通用设计文件/tongyong_project/backend/pdi-behavior-archive)
2026-04-06T00:52:16.109+08:00 DEBUG 69205 --- [pdi-behavior-archive-test] [           main] c.v.p.b.i.ArchiveIntegrationTest         : Running with Spring Boot v3.2.4, Spring v6.1.5
2026-04-06T00:52:16.109+08:00  INFO 69205 --- [pdi-behavior-archive-test] [           main] c.v.p.b.i.ArchiveIntegrationTest         : The following 1 profile is active: "test"
2026-04-06T00:52:16.255+08:00  INFO 69205 --- [pdi-behavior-archive-test] [           main] .s.d.r.c.RepositoryConfigurationDelegate : Bootstrapping Spring Data JPA repositories in DEFAULT mode.
2026-04-06T00:52:16.258+08:00  INFO 69205 --- [pdi-behavior-archive-test] [           main] .s.d.r.c.RepositoryConfigurationDelegate : Finished Spring Data repository scanning in 3 ms. Found 4 JPA repository interfaces.
2026-04-06T00:52:16.571+08:00  INFO 69205 --- [pdi-behavior-archive-test] [           main] o.s.b.w.embedded.tomcat.TomcatWebServer  : Tomcat initialized with port 0 (http)
2026-04-06T00:52:16.578+08:00  INFO 69205 --- [pdi-behavior-archive-test] [           main] o.apache.catalina.core.StandardService   : Starting service [Tomcat]
2026-04-06T00:52:16.578+08:00  INFO 69205 --- [pdi-behavior-archive-test] [           main] o.apache.catalina.core.StandardEngine    : Starting Servlet engine: [Apache Tomcat/10.1.19]
2026-04-06T00:52:16.621+08:00  INFO 69205 --- [pdi-behavior-archive-test] [           main] o.a.c.c.C.[Tomcat].[localhost].[/]       : Initializing Spring embedded WebApplicationContext
2026-04-06T00:52:16.621+08:00  INFO 69205 --- [pdi-behavior-archive-test] [           main] w.s.c.ServletWebServerApplicationContext : Root WebApplicationContext: initialization completed in 511 ms
2026-04-06T00:52:16.635+08:00  INFO 69205 --- [pdi-behavior-archive-test] [           main] com.zaxxer.hikari.HikariDataSource       : HikariPool-1 - Starting...
2026-04-06T00:52:16.640+08:00  INFO 69205 --- [pdi-behavior-archive-test] [           main] com.zaxxer.hikari.pool.HikariPool        : HikariPool-1 - Added connection conn30: url=jdbc:h2:mem:testdb user=SA
2026-04-06T00:52:16.641+08:00  INFO 69205 --- [pdi-behavior-archive-test] [           main] com.zaxxer.hikari.HikariDataSource       : HikariPool-1 - Start completed.
2026-04-06T00:52:16.645+08:00  INFO 69205 --- [pdi-behavior-archive-test] [           main] o.s.b.a.h2.H2ConsoleAutoConfiguration    : H2 console available at '/h2-console'. Database available at 'jdbc:h2:mem:testdb'
2026-04-06T00:52:16.692+08:00  INFO 69205 --- [pdi-behavior-archive-test] [           main] o.hibernate.jpa.internal.util.LogHelper  : HHH000204: Processing PersistenceUnitInfo [name: default]
2026-04-06T00:52:16.695+08:00  INFO 69205 --- [pdi-behavior-archive-test] [           main] o.h.c.internal.RegionFactoryInitiator    : HHH000026: Second-level cache disabled
2026-04-06T00:52:16.697+08:00  INFO 69205 --- [pdi-behavior-archive-test] [           main] o.s.o.j.p.SpringPersistenceUnitInfo      : No LoadTimeWeaver setup: ignoring JPA class transformer
2026-04-06T00:52:16.698+08:00  WARN 69205 --- [pdi-behavior-archive-test] [           main] org.hibernate.orm.deprecation            : HHH90000025: H2Dialect does not need to be specified explicitly using 'hibernate.dialect' (remove the property setting and it will be selected by default)
2026-04-06T00:52:16.757+08:00  INFO 69205 --- [pdi-behavior-archive-test] [           main] o.h.e.t.j.p.i.JtaPlatformInitiator       : HHH000489: No JTA platform available (set 'hibernate.transaction.jta.platform' to enable JTA platform integration)
2026-04-06T00:52:16.757+08:00 DEBUG 69205 --- [pdi-behavior-archive-test] [           main] org.hibernate.SQL                        : 
    drop table if exists archive_timeline cascade 
Hibernate: 
    drop table if exists archive_timeline cascade 
2026-04-06T00:52:16.758+08:00 DEBUG 69205 --- [pdi-behavior-archive-test] [           main] org.hibernate.SQL                        : 
    drop table if exists behavior_archive cascade 
Hibernate: 
    drop table if exists behavior_archive cascade 
2026-04-06T00:52:16.758+08:00 DEBUG 69205 --- [pdi-behavior-archive-test] [           main] org.hibernate.SQL                        : 
    drop table if exists pdi_task cascade 
Hibernate: 
    drop table if exists pdi_task cascade 
2026-04-06T00:52:16.758+08:00 DEBUG 69205 --- [pdi-behavior-archive-test] [           main] org.hibernate.SQL                        : 
    drop table if exists state_stream cascade 
Hibernate: 
    drop table if exists state_stream cascade 
2026-04-06T00:52:16.758+08:00 DEBUG 69205 --- [pdi-behavior-archive-test] [           main] org.hibernate.SQL                        : 
    create table archive_timeline (
        seq integer not null,
        archive_id bigint not null,
        created_at timestamp(6) not null,
        created_by bigint,
        deleted_at timestamp(6),
        event_time timestamp(6) not null,
        id bigint generated by default as identity,
        site_id bigint not null,
        updated_at timestamp(6),
        action varchar(100),
        image_url varchar(500),
        primary key (id),
        constraint idx_timeline_seq unique (archive_id, seq)
    )
Hibernate: 
    create table archive_timeline (
        seq integer not null,
        archive_id bigint not null,
        created_at timestamp(6) not null,
        created_by bigint,
        deleted_at timestamp(6),
        event_time timestamp(6) not null,
        id bigint generated by default as identity,
        site_id bigint not null,
        updated_at timestamp(6),
        action varchar(100),
        image_url varchar(500),
        primary key (id),
        constraint idx_timeline_seq unique (archive_id, seq)
    )
2026-04-06T00:52:16.759+08:00 DEBUG 69205 --- [pdi-behavior-archive-test] [           main] org.hibernate.SQL                        : 
    create table behavior_archive (
        actual_duration integer,
        estimated_duration integer,
        status integer not null,
        channel_id bigint not null,
        created_at timestamp(6) not null,
        created_by bigint,
        deleted_at timestamp(6),
        end_time timestamp(6),
        id bigint generated by default as identity,
        pdi_task_id bigint not null,
        site_id bigint not null,
        start_time timestamp(6) not null,
        updated_at timestamp(6),
        primary key (id),
        constraint idx_archive_pdi_task_id unique (pdi_task_id)
    )
Hibernate: 
    create table behavior_archive (
        actual_duration integer,
        estimated_duration integer,
        status integer not null,
        channel_id bigint not null,
        created_at timestamp(6) not null,
        created_by bigint,
        deleted_at timestamp(6),
        end_time timestamp(6),
        id bigint generated by default as identity,
        pdi_task_id bigint not null,
        site_id bigint not null,
        start_time timestamp(6) not null,
        updated_at timestamp(6),
        primary key (id),
        constraint idx_archive_pdi_task_id unique (pdi_task_id)
    )
2026-04-06T00:52:16.759+08:00 DEBUG 69205 --- [pdi-behavior-archive-test] [           main] org.hibernate.SQL                        : 
    create table pdi_task (
        actual_duration integer,
        estimated_duration integer,
        result integer,
        channel_id bigint not null,
        created_at timestamp(6) not null,
        created_by bigint,
        deleted_at timestamp(6),
        end_time timestamp(6),
        id bigint generated by default as identity,
        site_id bigint not null,
        start_time timestamp(6) not null,
        updated_at timestamp(6),
        primary key (id)
    )
Hibernate: 
    create table pdi_task (
        actual_duration integer,
        estimated_duration integer,
        result integer,
        channel_id bigint not null,
        created_at timestamp(6) not null,
        created_by bigint,
        deleted_at timestamp(6),
        end_time timestamp(6),
        id bigint generated by default as identity,
        site_id bigint not null,
        start_time timestamp(6) not null,
        updated_at timestamp(6),
        primary key (id)
    )
2026-04-06T00:52:16.760+08:00 DEBUG 69205 --- [pdi-behavior-archive-test] [           main] org.hibernate.SQL                        : 
    create table state_stream (
        door_open integer,
        entering_exiting integer,
        person_present integer,
        state_code integer,
        channel_id bigint not null,
        created_at timestamp(6) not null,
        created_by bigint,
        deleted_at timestamp(6),
        event_time timestamp(6) not null,
        id bigint generated by default as identity,
        site_id bigint not null,
        updated_at timestamp(6),
        image_url varchar(500),
        primary key (id)
    )
Hibernate: 
    create table state_stream (
        door_open integer,
        entering_exiting integer,
        person_present integer,
        state_code integer,
        channel_id bigint not null,
        created_at timestamp(6) not null,
        created_by bigint,
        deleted_at timestamp(6),
        event_time timestamp(6) not null,
        id bigint generated by default as identity,
        site_id bigint not null,
        updated_at timestamp(6),
        image_url varchar(500),
        primary key (id)
    )
2026-04-06T00:52:16.760+08:00 DEBUG 69205 --- [pdi-behavior-archive-test] [           main] org.hibernate.SQL                        : 
    create index idx_timeline_archive_id 
       on archive_timeline (archive_id)
Hibernate: 
    create index idx_timeline_archive_id 
       on archive_timeline (archive_id)
2026-04-06T00:52:16.761+08:00 DEBUG 69205 --- [pdi-behavior-archive-test] [           main] org.hibernate.SQL                        : 
    create index idx_archive_site_id 
       on behavior_archive (site_id)
Hibernate: 
    create index idx_archive_site_id 
       on behavior_archive (site_id)
2026-04-06T00:52:16.761+08:00 DEBUG 69205 --- [pdi-behavior-archive-test] [           main] org.hibernate.SQL                        : 
    create index idx_archive_status 
       on behavior_archive (status)
Hibernate: 
    create index idx_archive_status 
       on behavior_archive (status)
2026-04-06T00:52:16.761+08:00 DEBUG 69205 --- [pdi-behavior-archive-test] [           main] org.hibernate.SQL                        : 
    create index idx_archive_start_time 
       on behavior_archive (start_time)
Hibernate: 
    create index idx_archive_start_time 
       on behavior_archive (start_time)
2026-04-06T00:52:16.761+08:00 DEBUG 69205 --- [pdi-behavior-archive-test] [           main] org.hibernate.SQL                        : 
    create index idx_state_channel_id 
       on state_stream (channel_id)
Hibernate: 
    create index idx_state_channel_id 
       on state_stream (channel_id)
2026-04-06T00:52:16.761+08:00 DEBUG 69205 --- [pdi-behavior-archive-test] [           main] org.hibernate.SQL                        : 
    create index idx_state_event_time 
       on state_stream (event_time)
Hibernate: 
    create index idx_state_event_time 
       on state_stream (event_time)
2026-04-06T00:52:16.761+08:00 DEBUG 69205 --- [pdi-behavior-archive-test] [           main] org.hibernate.SQL                        : 
    create index idx_state_code 
       on state_stream (state_code)
Hibernate: 
    create index idx_state_code 
       on state_stream (state_code)
2026-04-06T00:52:16.762+08:00  INFO 69205 --- [pdi-behavior-archive-test] [           main] j.LocalContainerEntityManagerFactoryBean : Initialized JPA EntityManagerFactory for persistence unit 'default'
2026-04-06T00:52:16.915+08:00  WARN 69205 --- [pdi-behavior-archive-test] [           main] JpaBaseConfiguration$JpaWebConfiguration : spring.jpa.open-in-view is enabled by default. Therefore, database queries may be performed during view rendering. Explicitly configure spring.jpa.open-in-view to disable this warning
2026-04-06T00:52:17.126+08:00  WARN 69205 --- [pdi-behavior-archive-test] [           main] .s.s.UserDetailsServiceAutoConfiguration : 

Using generated security password: e128359d-2d22-42c4-8fdc-1587586b01a7

This generated password is for development use only. Your security configuration must be updated before running your application in production.

2026-04-06T00:52:17.193+08:00  INFO 69205 --- [pdi-behavior-archive-test] [           main] o.s.s.web.DefaultSecurityFilterChain     : Will secure any request with [org.springframework.security.web.session.DisableEncodeUrlFilter@3ad7a94, org.springframework.security.web.context.request.async.WebAsyncManagerIntegrationFilter@648374fa, org.springframework.security.web.context.SecurityContextHolderFilter@8d95ac8, org.springframework.security.web.header.HeaderWriterFilter@24f89b6b, org.springframework.web.filter.CorsFilter@66df5adb, org.springframework.security.web.csrf.CsrfFilter@1fbe8592, org.springframework.security.web.authentication.logout.LogoutFilter@154b5e43, org.springframework.security.web.authentication.UsernamePasswordAuthenticationFilter@3dc86e03, org.springframework.security.web.authentication.ui.DefaultLoginPageGeneratingFilter@11757914, org.springframework.security.web.authentication.ui.DefaultLogoutPageGeneratingFilter@6b133599, org.springframework.security.web.authentication.www.BasicAuthenticationFilter@5a77b7cc, org.springframework.security.web.savedrequest.RequestCacheAwareFilter@22be8211, org.springframework.security.web.servletapi.SecurityContextHolderAwareRequestFilter@1267fcea, org.springframework.security.web.authentication.AnonymousAuthenticationFilter@3829bb5, org.springframework.security.web.access.ExceptionTranslationFilter@3977c7e4, org.springframework.security.web.access.intercept.AuthorizationFilter@6bf6b454]
2026-04-06T00:52:17.250+08:00  INFO 69205 --- [pdi-behavior-archive-test] [           main] o.s.b.w.embedded.tomcat.TomcatWebServer  : Tomcat started on port 65443 (http) with context path ''
2026-04-06T00:52:17.257+08:00  INFO 69205 --- [pdi-behavior-archive-test] [           main] c.v.p.b.i.ArchiveIntegrationTest         : Started ArchiveIntegrationTest in 1.168 seconds (process running for 4.563)
2026-04-06T00:52:17.267+08:00 DEBUG 69205 --- [pdi-behavior-archive-test] [           main] org.hibernate.SQL                        : 
    /* <criteria> */ select
        at1_0.id,
        at1_0.action,
        at1_0.archive_id,
        at1_0.created_at,
        at1_0.created_by,
        at1_0.deleted_at,
        at1_0.event_time,
        at1_0.image_url,
        at1_0.seq,
        at1_0.site_id,
        at1_0.updated_at 
    from
        archive_timeline at1_0
Hibernate: 
    /* <criteria> */ select
        at1_0.id,
        at1_0.action,
        at1_0.archive_id,
        at1_0.created_at,
        at1_0.created_by,
        at1_0.deleted_at,
        at1_0.event_time,
        at1_0.image_url,
        at1_0.seq,
        at1_0.site_id,
        at1_0.updated_at 
    from
        archive_timeline at1_0
2026-04-06T00:52:17.273+08:00 DEBUG 69205 --- [pdi-behavior-archive-test] [           main] org.hibernate.SQL                        : 
    /* <criteria> */ select
        ba1_0.id,
        ba1_0.actual_duration,
        ba1_0.channel_id,
        ba1_0.created_at,
        ba1_0.created_by,
        ba1_0.deleted_at,
        ba1_0.end_time,
        ba1_0.estimated_duration,
        ba1_0.pdi_task_id,
        ba1_0.site_id,
        ba1_0.start_time,
        ba1_0.status,
        ba1_0.updated_at 
    from
        behavior_archive ba1_0
Hibernate: 
    /* <criteria> */ select
        ba1_0.id,
        ba1_0.actual_duration,
        ba1_0.channel_id,
        ba1_0.created_at,
        ba1_0.created_by,
        ba1_0.deleted_at,
        ba1_0.end_time,
        ba1_0.estimated_duration,
        ba1_0.pdi_task_id,
        ba1_0.site_id,
        ba1_0.start_time,
        ba1_0.status,
        ba1_0.updated_at 
    from
        behavior_archive ba1_0
2026-04-06T00:52:17.274+08:00 DEBUG 69205 --- [pdi-behavior-archive-test] [           main] org.hibernate.SQL                        : 
    /* <criteria> */ select
        pt1_0.id,
        pt1_0.actual_duration,
        pt1_0.channel_id,
        pt1_0.created_at,
        pt1_0.created_by,
        pt1_0.deleted_at,
        pt1_0.end_time,
        pt1_0.estimated_duration,
        pt1_0.result,
        pt1_0.site_id,
        pt1_0.start_time,
        pt1_0.updated_at 
    from
        pdi_task pt1_0
Hibernate: 
    /* <criteria> */ select
        pt1_0.id,
        pt1_0.actual_duration,
        pt1_0.channel_id,
        pt1_0.created_at,
        pt1_0.created_by,
        pt1_0.deleted_at,
        pt1_0.end_time,
        pt1_0.estimated_duration,
        pt1_0.result,
        pt1_0.site_id,
        pt1_0.start_time,
        pt1_0.updated_at 
    from
        pdi_task pt1_0
]]></system-out>
  </testcase>
  <testcase name="timelineAssembly_FullFlow_CompletedTask" classname="档案模块集成测试" time="0.025">
    <error message="could not execute statement [NULL not allowed for column &quot;SITE_ID&quot;; SQL statement:&#10;/* insert for com.vdc.pdi.behaviorarchive.domain.entity.ArchiveTimeline */insert into archive_timeline (action,archive_id,created_at,created_by,deleted_at,event_time [23502-224]] [/* insert for com.vdc.pdi.behaviorarchive.domain.entity.ArchiveTimeline */insert into archive_timeline (action,archive_id,created_at,created_by,deleted_at,event_time,image_url,seq,site_id,updated_at,id) values (?,?,?,?,?,?,?,?,?,?,default)]; SQL [/* insert for com.vdc.pdi.behaviorarchive.domain.entity.ArchiveTimeline */insert into archive_timeline (action,archive_id,created_at,created_by,deleted_at,event_time,image_url,seq,site_id,updated_at,id) values (?,?,?,?,?,?,?,?,?,?,default)]; constraint [null]" type="org.springframework.dao.DataIntegrityViolationException"><![CDATA[org.springframework.dao.DataIntegrityViolationException: 
could not execute statement [NULL not allowed for column "SITE_ID"; SQL statement:
/* insert for com.vdc.pdi.behaviorarchive.domain.entity.ArchiveTimeline */insert into archive_timeline (action,archive_id,created_at,created_by,deleted_at,event_time [23502-224]] [/* insert for com.vdc.pdi.behaviorarchive.domain.entity.ArchiveTimeline */insert into archive_timeline (action,archive_id,created_at,created_by,deleted_at,event_time,image_url,seq,site_id,updated_at,id) values (?,?,?,?,?,?,?,?,?,?,default)]; SQL [/* insert for com.vdc.pdi.behaviorarchive.domain.entity.ArchiveTimeline */insert into archive_timeline (action,archive_id,created_at,created_by,deleted_at,event_time,image_url,seq,site_id,updated_at,id) values (?,?,?,?,?,?,?,?,?,?,default)]; constraint [null]
	at org.springframework.orm.jpa.vendor.HibernateJpaDialect.convertHibernateAccessException(HibernateJpaDialect.java:290)
	at org.springframework.orm.jpa.vendor.HibernateJpaDialect.translateExceptionIfPossible(HibernateJpaDialect.java:241)
	at org.springframework.orm.jpa.AbstractEntityManagerFactoryBean.translateExceptionIfPossible(AbstractEntityManagerFactoryBean.java:550)
	at org.springframework.dao.support.ChainedPersistenceExceptionTranslator.translateExceptionIfPossible(ChainedPersistenceExceptionTranslator.java:61)
	at org.springframework.dao.support.DataAccessUtils.translateIfNecessary(DataAccessUtils.java:335)
	at org.springframework.dao.support.PersistenceExceptionTranslationInterceptor.invoke(PersistenceExceptionTranslationInterceptor.java:152)
	at org.springframework.aop.framework.ReflectiveMethodInvocation.proceed(ReflectiveMethodInvocation.java:184)
	at org.springframework.data.jpa.repository.support.CrudMethodMetadataPostProcessor$CrudMethodMetadataPopulatingMethodInterceptor.invoke(CrudMethodMetadataPostProcessor.java:164)
	at org.springframework.aop.framework.ReflectiveMethodInvocation.proceed(ReflectiveMethodInvocation.java:184)
	at org.springframework.aop.interceptor.ExposeInvocationInterceptor.invoke(ExposeInvocationInterceptor.java:97)
	at org.springframework.aop.framework.ReflectiveMethodInvocation.proceed(ReflectiveMethodInvocation.java:184)
	at org.springframework.aop.framework.JdkDynamicAopProxy.invoke(JdkDynamicAopProxy.java:220)
	at jdk.proxy2/jdk.proxy2.$Proxy138.save(Unknown Source)
	at com.vdc.pdi.behaviorarchive.integration.ArchiveIntegrationTest.timelineAssembly_FullFlow_CompletedTask(ArchiveIntegrationTest.java:217)
	at java.base/java.lang.reflect.Method.invoke(Method.java:568)
	at java.base/java.util.ArrayList.forEach(ArrayList.java:1511)
	at java.base/java.util.ArrayList.forEach(ArrayList.java:1511)
Caused by: org.hibernate.exception.ConstraintViolationException: could not execute statement [NULL not allowed for column "SITE_ID"; SQL statement:
/* insert for com.vdc.pdi.behaviorarchive.domain.entity.ArchiveTimeline */insert into archive_timeline (action,archive_id,created_at,created_by,deleted_at,event_time [23502-224]] [/* insert for com.vdc.pdi.behaviorarchive.domain.entity.ArchiveTimeline */insert into archive_timeline (action,archive_id,created_at,created_by,deleted_at,event_time,image_url,seq,site_id,updated_at,id) values (?,?,?,?,?,?,?,?,?,?,default)]
	at org.hibernate.exception.internal.SQLExceptionTypeDelegate.convert(SQLExceptionTypeDelegate.java:62)
	at org.hibernate.exception.internal.StandardSQLExceptionConverter.convert(StandardSQLExceptionConverter.java:58)
	at org.hibernate.engine.jdbc.spi.SqlExceptionHelper.convert(SqlExceptionHelper.java:108)
	at org.hibernate.engine.jdbc.internal.ResultSetReturnImpl.executeUpdate(ResultSetReturnImpl.java:197)
	at org.hibernate.id.insert.GetGeneratedKeysDelegate.performInsert(GetGeneratedKeysDelegate.java:107)
	at org.hibernate.engine.jdbc.mutation.internal.MutationExecutorPostInsertSingleTable.execute(MutationExecutorPostInsertSingleTable.java:100)
	at org.hibernate.persister.entity.mutation.InsertCoordinator.doStaticInserts(InsertCoordinator.java:175)
	at org.hibernate.persister.entity.mutation.InsertCoordinator.coordinateInsert(InsertCoordinator.java:113)
	at org.hibernate.persister.entity.AbstractEntityPersister.insert(AbstractEntityPersister.java:2868)
	at org.hibernate.action.internal.EntityIdentityInsertAction.execute(EntityIdentityInsertAction.java:81)
	at org.hibernate.engine.spi.ActionQueue.execute(ActionQueue.java:670)
	at org.hibernate.engine.spi.ActionQueue.addResolvedEntityInsertAction(ActionQueue.java:291)
	at org.hibernate.engine.spi.ActionQueue.addInsertAction(ActionQueue.java:272)
	at org.hibernate.engine.spi.ActionQueue.addAction(ActionQueue.java:322)
	at org.hibernate.event.internal.AbstractSaveEventListener.addInsertAction(AbstractSaveEventListener.java:386)
	at org.hibernate.event.internal.AbstractSaveEventListener.performSaveOrReplicate(AbstractSaveEventListener.java:300)
	at org.hibernate.event.internal.AbstractSaveEventListener.performSave(AbstractSaveEventListener.java:219)
	at org.hibernate.event.internal.AbstractSaveEventListener.saveWithGeneratedId(AbstractSaveEventListener.java:134)
	at org.hibernate.event.internal.DefaultPersistEventListener.entityIsTransient(DefaultPersistEventListener.java:175)
	at org.hibernate.event.internal.DefaultPersistEventListener.persist(DefaultPersistEventListener.java:93)
	at org.hibernate.event.internal.DefaultPersistEventListener.onPersist(DefaultPersistEventListener.java:77)
	at org.hibernate.event.internal.DefaultPersistEventListener.onPersist(DefaultPersistEventListener.java:54)
	at org.hibernate.event.service.internal.EventListenerGroupImpl.fireEventOnEachListener(EventListenerGroupImpl.java:127)
	at org.hibernate.internal.SessionImpl.firePersist(SessionImpl.java:754)
	at org.hibernate.internal.SessionImpl.persist(SessionImpl.java:738)
	at java.base/jdk.internal.reflect.NativeMethodAccessorImpl.invoke0(Native Method)
	at java.base/jdk.internal.reflect.NativeMethodAccessorImpl.invoke(NativeMethodAccessorImpl.java:77)
	at java.base/jdk.internal.reflect.DelegatingMethodAccessorImpl.invoke(DelegatingMethodAccessorImpl.java:43)
	at java.base/java.lang.reflect.Method.invoke(Method.java:568)
	at org.springframework.orm.jpa.SharedEntityManagerCreator$SharedEntityManagerInvocationHandler.invoke(SharedEntityManagerCreator.java:319)
	at jdk.proxy2/jdk.proxy2.$Proxy128.persist(Unknown Source)
	at org.springframework.data.jpa.repository.support.SimpleJpaRepository.save(SimpleJpaRepository.java:618)
	at java.base/jdk.internal.reflect.NativeMethodAccessorImpl.invoke0(Native Method)
	at java.base/jdk.internal.reflect.NativeMethodAccessorImpl.invoke(NativeMethodAccessorImpl.java:77)
	at java.base/jdk.internal.reflect.DelegatingMethodAccessorImpl.invoke(DelegatingMethodAccessorImpl.java:43)
	at java.base/java.lang.reflect.Method.invoke(Method.java:568)
	at org.springframework.aop.support.AopUtils.invokeJoinpointUsingReflection(AopUtils.java:351)
	at org.springframework.data.repository.core.support.RepositoryMethodInvoker$RepositoryFragmentMethodInvoker.lambda$new$0(RepositoryMethodInvoker.java:277)
	at org.springframework.data.repository.core.support.RepositoryMethodInvoker.doInvoke(RepositoryMethodInvoker.java:170)
	at org.springframework.data.repository.core.support.RepositoryMethodInvoker.invoke(RepositoryMethodInvoker.java:158)
	at org.springframework.data.repository.core.support.RepositoryComposition$RepositoryFragments.invoke(RepositoryComposition.java:516)
	at org.springframework.data.repository.core.support.RepositoryComposition.invoke(RepositoryComposition.java:285)
	at org.springframework.data.repository.core.support.RepositoryFactorySupport$ImplementationMethodExecutionInterceptor.invoke(RepositoryFactorySupport.java:628)
	at org.springframework.aop.framework.ReflectiveMethodInvocation.proceed(ReflectiveMethodInvocation.java:184)
	at org.springframework.data.repository.core.support.QueryExecutorMethodInterceptor.doInvoke(QueryExecutorMethodInterceptor.java:168)
	at org.springframework.data.repository.core.support.QueryExecutorMethodInterceptor.invoke(QueryExecutorMethodInterceptor.java:143)
	at org.springframework.aop.framework.ReflectiveMethodInvocation.proceed(ReflectiveMethodInvocation.java:184)
	at org.springframework.data.projection.DefaultMethodInvokingMethodInterceptor.invoke(DefaultMethodInvokingMethodInterceptor.java:70)
	at org.springframework.aop.framework.ReflectiveMethodInvocation.proceed(ReflectiveMethodInvocation.java:184)
	at org.springframework.transaction.interceptor.TransactionInterceptor$1.proceedWithInvocation(TransactionInterceptor.java:123)
	at org.springframework.transaction.interceptor.TransactionAspectSupport.invokeWithinTransaction(TransactionAspectSupport.java:392)
	at org.springframework.transaction.interceptor.TransactionInterceptor.invoke(TransactionInterceptor.java:119)
	at org.springframework.aop.framework.ReflectiveMethodInvocation.proceed(ReflectiveMethodInvocation.java:184)
	at org.springframework.dao.support.PersistenceExceptionTranslationInterceptor.invoke(PersistenceExceptionTranslationInterceptor.java:137)
	... 11 more
Caused by: org.h2.jdbc.JdbcSQLIntegrityConstraintViolationException: NULL not allowed for column "SITE_ID"; SQL statement:
/* insert for com.vdc.pdi.behaviorarchive.domain.entity.ArchiveTimeline */insert into archive_timeline (action,archive_id,created_at,created_by,deleted_at,event_time [23502-224]
	at org.h2.message.DbException.getJdbcSQLException(DbException.java:520)
	at org.h2.message.DbException.getJdbcSQLException(DbException.java:489)
	at org.h2.message.DbException.get(DbException.java:223)
	at org.h2.message.DbException.get(DbException.java:199)
	at org.h2.table.Column.validateConvertUpdateSequence(Column.java:365)
	at org.h2.table.Table.convertInsertRow(Table.java:936)
	at org.h2.command.dml.Insert.insertRows(Insert.java:167)
	at org.h2.command.dml.Insert.update(Insert.java:135)
	at org.h2.command.CommandContainer.executeUpdateWithGeneratedKeys(CommandContainer.java:242)
	at org.h2.command.CommandContainer.update(CommandContainer.java:163)
	at org.h2.command.Command.executeUpdate(Command.java:256)
	at org.h2.jdbc.JdbcPreparedStatement.executeUpdateInternal(JdbcPreparedStatement.java:216)
	at org.h2.jdbc.JdbcPreparedStatement.executeUpdate(JdbcPreparedStatement.java:174)
	at com.zaxxer.hikari.pool.ProxyPreparedStatement.executeUpdate(ProxyPreparedStatement.java:61)
	at com.zaxxer.hikari.pool.HikariProxyPreparedStatement.executeUpdate(HikariProxyPreparedStatement.java)
	at org.hibernate.engine.jdbc.internal.ResultSetReturnImpl.executeUpdate(ResultSetReturnImpl.java:194)
	... 61 more
]]></error>
    <system-out><![CDATA[2026-04-06T00:52:17.278+08:00 DEBUG 69205 --- [pdi-behavior-archive-test] [           main] org.hibernate.SQL                        : 
    /* <criteria> */ select
        at1_0.id,
        at1_0.action,
        at1_0.archive_id,
        at1_0.created_at,
        at1_0.created_by,
        at1_0.deleted_at,
        at1_0.event_time,
        at1_0.image_url,
        at1_0.seq,
        at1_0.site_id,
        at1_0.updated_at 
    from
        archive_timeline at1_0
Hibernate: 
    /* <criteria> */ select
        at1_0.id,
        at1_0.action,
        at1_0.archive_id,
        at1_0.created_at,
        at1_0.created_by,
        at1_0.deleted_at,
        at1_0.event_time,
        at1_0.image_url,
        at1_0.seq,
        at1_0.site_id,
        at1_0.updated_at 
    from
        archive_timeline at1_0
2026-04-06T00:52:17.279+08:00 DEBUG 69205 --- [pdi-behavior-archive-test] [           main] org.hibernate.SQL                        : 
    /* <criteria> */ select
        ba1_0.id,
        ba1_0.actual_duration,
        ba1_0.channel_id,
        ba1_0.created_at,
        ba1_0.created_by,
        ba1_0.deleted_at,
        ba1_0.end_time,
        ba1_0.estimated_duration,
        ba1_0.pdi_task_id,
        ba1_0.site_id,
        ba1_0.start_time,
        ba1_0.status,
        ba1_0.updated_at 
    from
        behavior_archive ba1_0
Hibernate: 
    /* <criteria> */ select
        ba1_0.id,
        ba1_0.actual_duration,
        ba1_0.channel_id,
        ba1_0.created_at,
        ba1_0.created_by,
        ba1_0.deleted_at,
        ba1_0.end_time,
        ba1_0.estimated_duration,
        ba1_0.pdi_task_id,
        ba1_0.site_id,
        ba1_0.start_time,
        ba1_0.status,
        ba1_0.updated_at 
    from
        behavior_archive ba1_0
2026-04-06T00:52:17.280+08:00 DEBUG 69205 --- [pdi-behavior-archive-test] [           main] org.hibernate.SQL                        : 
    /* <criteria> */ select
        pt1_0.id,
        pt1_0.actual_duration,
        pt1_0.channel_id,
        pt1_0.created_at,
        pt1_0.created_by,
        pt1_0.deleted_at,
        pt1_0.end_time,
        pt1_0.estimated_duration,
        pt1_0.result,
        pt1_0.site_id,
        pt1_0.start_time,
        pt1_0.updated_at 
    from
        pdi_task pt1_0
Hibernate: 
    /* <criteria> */ select
        pt1_0.id,
        pt1_0.actual_duration,
        pt1_0.channel_id,
        pt1_0.created_at,
        pt1_0.created_by,
        pt1_0.deleted_at,
        pt1_0.end_time,
        pt1_0.estimated_duration,
        pt1_0.result,
        pt1_0.site_id,
        pt1_0.start_time,
        pt1_0.updated_at 
    from
        pdi_task pt1_0
2026-04-06T00:52:17.288+08:00 DEBUG 69205 --- [pdi-behavior-archive-test] [           main] org.hibernate.SQL                        : 
    /* insert for
        com.vdc.pdi.behaviorarchive.domain.entity.PdiTask */insert 
    into
        pdi_task (actual_duration, channel_id, created_at, created_by, deleted_at, end_time, estimated_duration, result, site_id, start_time, updated_at, id) 
    values
        (?, ?, ?, ?, ?, ?, ?, ?, ?, ?, ?, default)
Hibernate: 
    /* insert for
        com.vdc.pdi.behaviorarchive.domain.entity.PdiTask */insert 
    into
        pdi_task (actual_duration, channel_id, created_at, created_by, deleted_at, end_time, estimated_duration, result, site_id, start_time, updated_at, id) 
    values
        (?, ?, ?, ?, ?, ?, ?, ?, ?, ?, ?, default)
2026-04-06T00:52:17.290+08:00 DEBUG 69205 --- [pdi-behavior-archive-test] [           main] org.hibernate.SQL                        : 
    /* insert for
        com.vdc.pdi.behaviorarchive.domain.entity.BehaviorArchive */insert 
    into
        behavior_archive (actual_duration, channel_id, created_at, created_by, deleted_at, end_time, estimated_duration, pdi_task_id, site_id, start_time, status, updated_at, id) 
    values
        (?, ?, ?, ?, ?, ?, ?, ?, ?, ?, ?, ?, default)
Hibernate: 
    /* insert for
        com.vdc.pdi.behaviorarchive.domain.entity.BehaviorArchive */insert 
    into
        behavior_archive (actual_duration, channel_id, created_at, created_by, deleted_at, end_time, estimated_duration, pdi_task_id, site_id, start_time, status, updated_at, id) 
    values
        (?, ?, ?, ?, ?, ?, ?, ?, ?, ?, ?, ?, default)
2026-04-06T00:52:17.299+08:00 DEBUG 69205 --- [pdi-behavior-archive-test] [           main] org.hibernate.SQL                        : 
    /* insert for
        com.vdc.pdi.behaviorarchive.domain.entity.ArchiveTimeline */insert 
    into
        archive_timeline (action, archive_id, created_at, created_by, deleted_at, event_time, image_url, seq, site_id, updated_at, id) 
    values
        (?, ?, ?, ?, ?, ?, ?, ?, ?, ?, default)
Hibernate: 
    /* insert for
        com.vdc.pdi.behaviorarchive.domain.entity.ArchiveTimeline */insert 
    into
        archive_timeline (action, archive_id, created_at, created_by, deleted_at, event_time, image_url, seq, site_id, updated_at, id) 
    values
        (?, ?, ?, ?, ?, ?, ?, ?, ?, ?, default)
2026-04-06T00:52:17.300+08:00  WARN 69205 --- [pdi-behavior-archive-test] [           main] o.h.engine.jdbc.spi.SqlExceptionHelper   : SQL Error: 23502, SQLState: 23502
2026-04-06T00:52:17.300+08:00 ERROR 69205 --- [pdi-behavior-archive-test] [           main] o.h.engine.jdbc.spi.SqlExceptionHelper   : NULL not allowed for column "SITE_ID"; SQL statement:
/* insert for com.vdc.pdi.behaviorarchive.domain.entity.ArchiveTimeline */insert into archive_timeline (action,archive_id,created_at,created_by,deleted_at,event_time [23502-224]
]]></system-out>
  </testcase>
  <testcase name="archiveFullFlow_CreateQueryUpdate" classname="档案模块集成测试" time="0.014">
    <system-out><![CDATA[2026-04-06T00:52:17.303+08:00 DEBUG 69205 --- [pdi-behavior-archive-test] [           main] org.hibernate.SQL                        : 
    /* <criteria> */ select
        at1_0.id,
        at1_0.action,
        at1_0.archive_id,
        at1_0.created_at,
        at1_0.created_by,
        at1_0.deleted_at,
        at1_0.event_time,
        at1_0.image_url,
        at1_0.seq,
        at1_0.site_id,
        at1_0.updated_at 
    from
        archive_timeline at1_0
Hibernate: 
    /* <criteria> */ select
        at1_0.id,
        at1_0.action,
        at1_0.archive_id,
        at1_0.created_at,
        at1_0.created_by,
        at1_0.deleted_at,
        at1_0.event_time,
        at1_0.image_url,
        at1_0.seq,
        at1_0.site_id,
        at1_0.updated_at 
    from
        archive_timeline at1_0
2026-04-06T00:52:17.304+08:00 DEBUG 69205 --- [pdi-behavior-archive-test] [           main] org.hibernate.SQL                        : 
    /* <criteria> */ select
        ba1_0.id,
        ba1_0.actual_duration,
        ba1_0.channel_id,
        ba1_0.created_at,
        ba1_0.created_by,
        ba1_0.deleted_at,
        ba1_0.end_time,
        ba1_0.estimated_duration,
        ba1_0.pdi_task_id,
        ba1_0.site_id,
        ba1_0.start_time,
        ba1_0.status,
        ba1_0.updated_at 
    from
        behavior_archive ba1_0
Hibernate: 
    /* <criteria> */ select
        ba1_0.id,
        ba1_0.actual_duration,
        ba1_0.channel_id,
        ba1_0.created_at,
        ba1_0.created_by,
        ba1_0.deleted_at,
        ba1_0.end_time,
        ba1_0.estimated_duration,
        ba1_0.pdi_task_id,
        ba1_0.site_id,
        ba1_0.start_time,
        ba1_0.status,
        ba1_0.updated_at 
    from
        behavior_archive ba1_0
2026-04-06T00:52:17.305+08:00 DEBUG 69205 --- [pdi-behavior-archive-test] [           main] org.hibernate.SQL                        : 
    /* <criteria> */ select
        pt1_0.id,
        pt1_0.actual_duration,
        pt1_0.channel_id,
        pt1_0.created_at,
        pt1_0.created_by,
        pt1_0.deleted_at,
        pt1_0.end_time,
        pt1_0.estimated_duration,
        pt1_0.result,
        pt1_0.site_id,
        pt1_0.start_time,
        pt1_0.updated_at 
    from
        pdi_task pt1_0
Hibernate: 
    /* <criteria> */ select
        pt1_0.id,
        pt1_0.actual_duration,
        pt1_0.channel_id,
        pt1_0.created_at,
        pt1_0.created_by,
        pt1_0.deleted_at,
        pt1_0.end_time,
        pt1_0.estimated_duration,
        pt1_0.result,
        pt1_0.site_id,
        pt1_0.start_time,
        pt1_0.updated_at 
    from
        pdi_task pt1_0
2026-04-06T00:52:17.305+08:00 DEBUG 69205 --- [pdi-behavior-archive-test] [           main] org.hibernate.SQL                        : 
    /* insert for
        com.vdc.pdi.behaviorarchive.domain.entity.PdiTask */insert 
    into
        pdi_task (actual_duration, channel_id, created_at, created_by, deleted_at, end_time, estimated_duration, result, site_id, start_time, updated_at, id) 
    values
        (?, ?, ?, ?, ?, ?, ?, ?, ?, ?, ?, default)
Hibernate: 
    /* insert for
        com.vdc.pdi.behaviorarchive.domain.entity.PdiTask */insert 
    into
        pdi_task (actual_duration, channel_id, created_at, created_by, deleted_at, end_time, estimated_duration, result, site_id, start_time, updated_at, id) 
    values
        (?, ?, ?, ?, ?, ?, ?, ?, ?, ?, ?, default)
2026-04-06T00:52:17.307+08:00  INFO 69205 --- [pdi-behavior-archive-test] [           main] c.v.p.b.s.i.BehaviorArchiveServiceImpl   : 创建新档案, pdiTaskId=2
2026-04-06T00:52:17.307+08:00 DEBUG 69205 --- [pdi-behavior-archive-test] [           main] org.hibernate.SQL                        : 
    /* insert for
        com.vdc.pdi.behaviorarchive.domain.entity.BehaviorArchive */insert 
    into
        behavior_archive (actual_duration, channel_id, created_at, created_by, deleted_at, end_time, estimated_duration, pdi_task_id, site_id, start_time, status, updated_at, id) 
    values
        (?, ?, ?, ?, ?, ?, ?, ?, ?, ?, ?, ?, default)
Hibernate: 
    /* insert for
        com.vdc.pdi.behaviorarchive.domain.entity.BehaviorArchive */insert 
    into
        behavior_archive (actual_duration, channel_id, created_at, created_by, deleted_at, end_time, estimated_duration, pdi_task_id, site_id, start_time, status, updated_at, id) 
    values
        (?, ?, ?, ?, ?, ?, ?, ?, ?, ?, ?, ?, default)
2026-04-06T00:52:17.310+08:00 DEBUG 69205 --- [pdi-behavior-archive-test] [           main] org.hibernate.SQL                        : 
    /* <criteria> */ select
        ss1_0.id,
        ss1_0.channel_id,
        ss1_0.created_at,
        ss1_0.created_by,
        ss1_0.deleted_at,
        ss1_0.door_open,
        ss1_0.entering_exiting,
        ss1_0.event_time,
        ss1_0.image_url,
        ss1_0.person_present,
        ss1_0.site_id,
        ss1_0.state_code,
        ss1_0.updated_at 
    from
        state_stream ss1_0 
    where
        ss1_0.channel_id=? 
        and ss1_0.state_code=? 
        and ss1_0.event_time>=? 
    order by
        ss1_0.event_time 
    fetch
        first ? rows only
Hibernate: 
    /* <criteria> */ select
        ss1_0.id,
        ss1_0.channel_id,
        ss1_0.created_at,
        ss1_0.created_by,
        ss1_0.deleted_at,
        ss1_0.door_open,
        ss1_0.entering_exiting,
        ss1_0.event_time,
        ss1_0.image_url,
        ss1_0.person_present,
        ss1_0.site_id,
        ss1_0.state_code,
        ss1_0.updated_at 
    from
        state_stream ss1_0 
    where
        ss1_0.channel_id=? 
        and ss1_0.state_code=? 
        and ss1_0.event_time>=? 
    order by
        ss1_0.event_time 
    fetch
        first ? rows only
2026-04-06T00:52:17.312+08:00 DEBUG 69205 --- [pdi-behavior-archive-test] [           main] org.hibernate.SQL                        : 
    /* <criteria> */ select
        at1_0.id,
        at1_0.action,
        at1_0.archive_id,
        at1_0.created_at,
        at1_0.created_by,
        at1_0.deleted_at,
        at1_0.event_time,
        at1_0.image_url,
        at1_0.seq,
        at1_0.site_id,
        at1_0.updated_at 
    from
        archive_timeline at1_0 
    where
        at1_0.archive_id=? 
        and at1_0.seq>? 
    order by
        at1_0.seq
Hibernate: 
    /* <criteria> */ select
        at1_0.id,
        at1_0.action,
        at1_0.archive_id,
        at1_0.created_at,
        at1_0.created_by,
        at1_0.deleted_at,
        at1_0.event_time,
        at1_0.image_url,
        at1_0.seq,
        at1_0.site_id,
        at1_0.updated_at 
    from
        archive_timeline at1_0 
    where
        at1_0.archive_id=? 
        and at1_0.seq>? 
    order by
        at1_0.seq
2026-04-06T00:52:17.313+08:00  INFO 69205 --- [pdi-behavior-archive-test] [           main] c.v.p.b.s.i.BehaviorArchiveServiceImpl   : 更新档案, id=2
]]></system-out>
  </testcase>
  <testcase name="timelineAssembly_FullFlow_StartAndEndOnly" classname="档案模块集成测试" time="0.013">
    <system-out><![CDATA[2026-04-06T00:52:17.318+08:00 DEBUG 69205 --- [pdi-behavior-archive-test] [           main] org.hibernate.SQL                        : 
    /* <criteria> */ select
        at1_0.id,
        at1_0.action,
        at1_0.archive_id,
        at1_0.created_at,
        at1_0.created_by,
        at1_0.deleted_at,
        at1_0.event_time,
        at1_0.image_url,
        at1_0.seq,
        at1_0.site_id,
        at1_0.updated_at 
    from
        archive_timeline at1_0
Hibernate: 
    /* <criteria> */ select
        at1_0.id,
        at1_0.action,
        at1_0.archive_id,
        at1_0.created_at,
        at1_0.created_by,
        at1_0.deleted_at,
        at1_0.event_time,
        at1_0.image_url,
        at1_0.seq,
        at1_0.site_id,
        at1_0.updated_at 
    from
        archive_timeline at1_0
2026-04-06T00:52:17.318+08:00 DEBUG 69205 --- [pdi-behavior-archive-test] [           main] org.hibernate.SQL                        : 
    /* <criteria> */ select
        ba1_0.id,
        ba1_0.actual_duration,
        ba1_0.channel_id,
        ba1_0.created_at,
        ba1_0.created_by,
        ba1_0.deleted_at,
        ba1_0.end_time,
        ba1_0.estimated_duration,
        ba1_0.pdi_task_id,
        ba1_0.site_id,
        ba1_0.start_time,
        ba1_0.status,
        ba1_0.updated_at 
    from
        behavior_archive ba1_0
Hibernate: 
    /* <criteria> */ select
        ba1_0.id,
        ba1_0.actual_duration,
        ba1_0.channel_id,
        ba1_0.created_at,
        ba1_0.created_by,
        ba1_0.deleted_at,
        ba1_0.end_time,
        ba1_0.estimated_duration,
        ba1_0.pdi_task_id,
        ba1_0.site_id,
        ba1_0.start_time,
        ba1_0.status,
        ba1_0.updated_at 
    from
        behavior_archive ba1_0
2026-04-06T00:52:17.319+08:00 DEBUG 69205 --- [pdi-behavior-archive-test] [           main] org.hibernate.SQL                        : 
    /* <criteria> */ select
        pt1_0.id,
        pt1_0.actual_duration,
        pt1_0.channel_id,
        pt1_0.created_at,
        pt1_0.created_by,
        pt1_0.deleted_at,
        pt1_0.end_time,
        pt1_0.estimated_duration,
        pt1_0.result,
        pt1_0.site_id,
        pt1_0.start_time,
        pt1_0.updated_at 
    from
        pdi_task pt1_0
Hibernate: 
    /* <criteria> */ select
        pt1_0.id,
        pt1_0.actual_duration,
        pt1_0.channel_id,
        pt1_0.created_at,
        pt1_0.created_by,
        pt1_0.deleted_at,
        pt1_0.end_time,
        pt1_0.estimated_duration,
        pt1_0.result,
        pt1_0.site_id,
        pt1_0.start_time,
        pt1_0.updated_at 
    from
        pdi_task pt1_0
2026-04-06T00:52:17.320+08:00 DEBUG 69205 --- [pdi-behavior-archive-test] [           main] org.hibernate.SQL                        : 
    /* insert for
        com.vdc.pdi.behaviorarchive.domain.entity.PdiTask */insert 
    into
        pdi_task (actual_duration, channel_id, created_at, created_by, deleted_at, end_time, estimated_duration, result, site_id, start_time, updated_at, id) 
    values
        (?, ?, ?, ?, ?, ?, ?, ?, ?, ?, ?, default)
Hibernate: 
    /* insert for
        com.vdc.pdi.behaviorarchive.domain.entity.PdiTask */insert 
    into
        pdi_task (actual_duration, channel_id, created_at, created_by, deleted_at, end_time, estimated_duration, result, site_id, start_time, updated_at, id) 
    values
        (?, ?, ?, ?, ?, ?, ?, ?, ?, ?, ?, default)
2026-04-06T00:52:17.320+08:00 DEBUG 69205 --- [pdi-behavior-archive-test] [           main] org.hibernate.SQL                        : 
    /* insert for
        com.vdc.pdi.behaviorarchive.domain.entity.BehaviorArchive */insert 
    into
        behavior_archive (actual_duration, channel_id, created_at, created_by, deleted_at, end_time, estimated_duration, pdi_task_id, site_id, start_time, status, updated_at, id) 
    values
        (?, ?, ?, ?, ?, ?, ?, ?, ?, ?, ?, ?, default)
Hibernate: 
    /* insert for
        com.vdc.pdi.behaviorarchive.domain.entity.BehaviorArchive */insert 
    into
        behavior_archive (actual_duration, channel_id, created_at, created_by, deleted_at, end_time, estimated_duration, pdi_task_id, site_id, start_time, status, updated_at, id) 
    values
        (?, ?, ?, ?, ?, ?, ?, ?, ?, ?, ?, ?, default)
2026-04-06T00:52:17.321+08:00 DEBUG 69205 --- [pdi-behavior-archive-test] [           main] org.hibernate.SQL                        : 
    /* <criteria> */ select
        ss1_0.id,
        ss1_0.channel_id,
        ss1_0.created_at,
        ss1_0.created_by,
        ss1_0.deleted_at,
        ss1_0.door_open,
        ss1_0.entering_exiting,
        ss1_0.event_time,
        ss1_0.image_url,
        ss1_0.person_present,
        ss1_0.site_id,
        ss1_0.state_code,
        ss1_0.updated_at 
    from
        state_stream ss1_0 
    where
        ss1_0.channel_id=? 
        and ss1_0.state_code=? 
        and ss1_0.event_time>=? 
    order by
        ss1_0.event_time 
    fetch
        first ? rows only
Hibernate: 
    /* <criteria> */ select
        ss1_0.id,
        ss1_0.channel_id,
        ss1_0.created_at,
        ss1_0.created_by,
        ss1_0.deleted_at,
        ss1_0.door_open,
        ss1_0.entering_exiting,
        ss1_0.event_time,
        ss1_0.image_url,
        ss1_0.person_present,
        ss1_0.site_id,
        ss1_0.state_code,
        ss1_0.updated_at 
    from
        state_stream ss1_0 
    where
        ss1_0.channel_id=? 
        and ss1_0.state_code=? 
        and ss1_0.event_time>=? 
    order by
        ss1_0.event_time 
    fetch
        first ? rows only
2026-04-06T00:52:17.323+08:00 DEBUG 69205 --- [pdi-behavior-archive-test] [           main] org.hibernate.SQL                        : 
    /* <criteria> */ select
        at1_0.id,
        at1_0.action,
        at1_0.archive_id,
        at1_0.created_at,
        at1_0.created_by,
        at1_0.deleted_at,
        at1_0.event_time,
        at1_0.image_url,
        at1_0.seq,
        at1_0.site_id,
        at1_0.updated_at 
    from
        archive_timeline at1_0 
    where
        at1_0.archive_id=? 
        and at1_0.seq>? 
    order by
        at1_0.seq
Hibernate: 
    /* <criteria> */ select
        at1_0.id,
        at1_0.action,
        at1_0.archive_id,
        at1_0.created_at,
        at1_0.created_by,
        at1_0.deleted_at,
        at1_0.event_time,
        at1_0.image_url,
        at1_0.seq,
        at1_0.site_id,
        at1_0.updated_at 
    from
        archive_timeline at1_0 
    where
        at1_0.archive_id=? 
        and at1_0.seq>? 
    order by
        at1_0.seq
2026-04-06T00:52:17.325+08:00 DEBUG 69205 --- [pdi-behavior-archive-test] [           main] org.hibernate.SQL                        : 
    /* <criteria> */ select
        ss1_0.id,
        ss1_0.channel_id,
        ss1_0.created_at,
        ss1_0.created_by,
        ss1_0.deleted_at,
        ss1_0.door_open,
        ss1_0.entering_exiting,
        ss1_0.event_time,
        ss1_0.image_url,
        ss1_0.person_present,
        ss1_0.site_id,
        ss1_0.state_code,
        ss1_0.updated_at 
    from
        state_stream ss1_0 
    where
        ss1_0.channel_id=? 
        and ss1_0.state_code in (?, ?) 
        and ss1_0.event_time<=? 
    order by
        ss1_0.event_time desc 
    fetch
        first ? rows only
Hibernate: 
    /* <criteria> */ select
        ss1_0.id,
        ss1_0.channel_id,
        ss1_0.created_at,
        ss1_0.created_by,
        ss1_0.deleted_at,
        ss1_0.door_open,
        ss1_0.entering_exiting,
        ss1_0.event_time,
        ss1_0.image_url,
        ss1_0.person_present,
        ss1_0.site_id,
        ss1_0.state_code,
        ss1_0.updated_at 
    from
        state_stream ss1_0 
    where
        ss1_0.channel_id=? 
        and ss1_0.state_code in (?, ?) 
        and ss1_0.event_time<=? 
    order by
        ss1_0.event_time desc 
    fetch
        first ? rows only
]]></system-out>
  </testcase>
  <testcase name="archiveFullFlow_Unqualified" classname="档案模块集成测试" time="0.005">
    <system-out><![CDATA[2026-04-06T00:52:17.332+08:00 DEBUG 69205 --- [pdi-behavior-archive-test] [           main] org.hibernate.SQL                        : 
    /* <criteria> */ select
        at1_0.id,
        at1_0.action,
        at1_0.archive_id,
        at1_0.created_at,
        at1_0.created_by,
        at1_0.deleted_at,
        at1_0.event_time,
        at1_0.image_url,
        at1_0.seq,
        at1_0.site_id,
        at1_0.updated_at 
    from
        archive_timeline at1_0
Hibernate: 
    /* <criteria> */ select
        at1_0.id,
        at1_0.action,
        at1_0.archive_id,
        at1_0.created_at,
        at1_0.created_by,
        at1_0.deleted_at,
        at1_0.event_time,
        at1_0.image_url,
        at1_0.seq,
        at1_0.site_id,
        at1_0.updated_at 
    from
        archive_timeline at1_0
2026-04-06T00:52:17.332+08:00 DEBUG 69205 --- [pdi-behavior-archive-test] [           main] org.hibernate.SQL                        : 
    /* <criteria> */ select
        ba1_0.id,
        ba1_0.actual_duration,
        ba1_0.channel_id,
        ba1_0.created_at,
        ba1_0.created_by,
        ba1_0.deleted_at,
        ba1_0.end_time,
        ba1_0.estimated_duration,
        ba1_0.pdi_task_id,
        ba1_0.site_id,
        ba1_0.start_time,
        ba1_0.status,
        ba1_0.updated_at 
    from
        behavior_archive ba1_0
Hibernate: 
    /* <criteria> */ select
        ba1_0.id,
        ba1_0.actual_duration,
        ba1_0.channel_id,
        ba1_0.created_at,
        ba1_0.created_by,
        ba1_0.deleted_at,
        ba1_0.end_time,
        ba1_0.estimated_duration,
        ba1_0.pdi_task_id,
        ba1_0.site_id,
        ba1_0.start_time,
        ba1_0.status,
        ba1_0.updated_at 
    from
        behavior_archive ba1_0
2026-04-06T00:52:17.333+08:00 DEBUG 69205 --- [pdi-behavior-archive-test] [           main] org.hibernate.SQL                        : 
    /* <criteria> */ select
        pt1_0.id,
        pt1_0.actual_duration,
        pt1_0.channel_id,
        pt1_0.created_at,
        pt1_0.created_by,
        pt1_0.deleted_at,
        pt1_0.end_time,
        pt1_0.estimated_duration,
        pt1_0.result,
        pt1_0.site_id,
        pt1_0.start_time,
        pt1_0.updated_at 
    from
        pdi_task pt1_0
Hibernate: 
    /* <criteria> */ select
        pt1_0.id,
        pt1_0.actual_duration,
        pt1_0.channel_id,
        pt1_0.created_at,
        pt1_0.created_by,
        pt1_0.deleted_at,
        pt1_0.end_time,
        pt1_0.estimated_duration,
        pt1_0.result,
        pt1_0.site_id,
        pt1_0.start_time,
        pt1_0.updated_at 
    from
        pdi_task pt1_0
2026-04-06T00:52:17.333+08:00 DEBUG 69205 --- [pdi-behavior-archive-test] [           main] org.hibernate.SQL                        : 
    /* insert for
        com.vdc.pdi.behaviorarchive.domain.entity.PdiTask */insert 
    into
        pdi_task (actual_duration, channel_id, created_at, created_by, deleted_at, end_time, estimated_duration, result, site_id, start_time, updated_at, id) 
    values
        (?, ?, ?, ?, ?, ?, ?, ?, ?, ?, ?, default)
Hibernate: 
    /* insert for
        com.vdc.pdi.behaviorarchive.domain.entity.PdiTask */insert 
    into
        pdi_task (actual_duration, channel_id, created_at, created_by, deleted_at, end_time, estimated_duration, result, site_id, start_time, updated_at, id) 
    values
        (?, ?, ?, ?, ?, ?, ?, ?, ?, ?, ?, default)
2026-04-06T00:52:17.334+08:00  INFO 69205 --- [pdi-behavior-archive-test] [           main] c.v.p.b.s.i.BehaviorArchiveServiceImpl   : 创建新档案, pdiTaskId=4
2026-04-06T00:52:17.334+08:00 DEBUG 69205 --- [pdi-behavior-archive-test] [           main] org.hibernate.SQL                        : 
    /* insert for
        com.vdc.pdi.behaviorarchive.domain.entity.BehaviorArchive */insert 
    into
        behavior_archive (actual_duration, channel_id, created_at, created_by, deleted_at, end_time, estimated_duration, pdi_task_id, site_id, start_time, status, updated_at, id) 
    values
        (?, ?, ?, ?, ?, ?, ?, ?, ?, ?, ?, ?, default)
Hibernate: 
    /* insert for
        com.vdc.pdi.behaviorarchive.domain.entity.BehaviorArchive */insert 
    into
        behavior_archive (actual_duration, channel_id, created_at, created_by, deleted_at, end_time, estimated_duration, pdi_task_id, site_id, start_time, status, updated_at, id) 
    values
        (?, ?, ?, ?, ?, ?, ?, ?, ?, ?, ?, ?, default)
2026-04-06T00:52:17.334+08:00  INFO 69205 --- [pdi-behavior-archive-test] [           main] c.v.p.b.s.i.BehaviorArchiveServiceImpl   : 更新档案, id=4
]]></system-out>
  </testcase>
  <testcase name="apiIntegration_ListArchives" classname="档案模块集成测试" time="0.107">
    <failure message="&#10;expected: 200 OK&#10; but was: 401 UNAUTHORIZED" type="org.opentest4j.AssertionFailedError"><![CDATA[org.opentest4j.AssertionFailedError: 

expected: 200 OK
 but was: 401 UNAUTHORIZED
	at java.base/jdk.internal.reflect.NativeConstructorAccessorImpl.newInstance0(Native Method)
	at java.base/jdk.internal.reflect.NativeConstructorAccessorImpl.newInstance(NativeConstructorAccessorImpl.java:77)
	at java.base/jdk.internal.reflect.DelegatingConstructorAccessorImpl.newInstance(DelegatingConstructorAccessorImpl.java:45)
	at java.base/java.lang.reflect.Constructor.newInstanceWithCaller(Constructor.java:499)
	at com.vdc.pdi.behaviorarchive.integration.ArchiveIntegrationTest.apiIntegration_ListArchives(ArchiveIntegrationTest.java:343)
	at java.base/java.lang.reflect.Method.invoke(Method.java:568)
	at java.base/java.util.ArrayList.forEach(ArrayList.java:1511)
	at java.base/java.util.ArrayList.forEach(ArrayList.java:1511)
]]></failure>
    <system-out><![CDATA[2026-04-06T00:52:17.337+08:00 DEBUG 69205 --- [pdi-behavior-archive-test] [           main] org.hibernate.SQL                        : 
    /* <criteria> */ select
        at1_0.id,
        at1_0.action,
        at1_0.archive_id,
        at1_0.created_at,
        at1_0.created_by,
        at1_0.deleted_at,
        at1_0.event_time,
        at1_0.image_url,
        at1_0.seq,
        at1_0.site_id,
        at1_0.updated_at 
    from
        archive_timeline at1_0
Hibernate: 
    /* <criteria> */ select
        at1_0.id,
        at1_0.action,
        at1_0.archive_id,
        at1_0.created_at,
        at1_0.created_by,
        at1_0.deleted_at,
        at1_0.event_time,
        at1_0.image_url,
        at1_0.seq,
        at1_0.site_id,
        at1_0.updated_at 
    from
        archive_timeline at1_0
2026-04-06T00:52:17.338+08:00 DEBUG 69205 --- [pdi-behavior-archive-test] [           main] org.hibernate.SQL                        : 
    /* <criteria> */ select
        ba1_0.id,
        ba1_0.actual_duration,
        ba1_0.channel_id,
        ba1_0.created_at,
        ba1_0.created_by,
        ba1_0.deleted_at,
        ba1_0.end_time,
        ba1_0.estimated_duration,
        ba1_0.pdi_task_id,
        ba1_0.site_id,
        ba1_0.start_time,
        ba1_0.status,
        ba1_0.updated_at 
    from
        behavior_archive ba1_0
Hibernate: 
    /* <criteria> */ select
        ba1_0.id,
        ba1_0.actual_duration,
        ba1_0.channel_id,
        ba1_0.created_at,
        ba1_0.created_by,
        ba1_0.deleted_at,
        ba1_0.end_time,
        ba1_0.estimated_duration,
        ba1_0.pdi_task_id,
        ba1_0.site_id,
        ba1_0.start_time,
        ba1_0.status,
        ba1_0.updated_at 
    from
        behavior_archive ba1_0
2026-04-06T00:52:17.339+08:00 DEBUG 69205 --- [pdi-behavior-archive-test] [           main] org.hibernate.SQL                        : 
    /* <criteria> */ select
        pt1_0.id,
        pt1_0.actual_duration,
        pt1_0.channel_id,
        pt1_0.created_at,
        pt1_0.created_by,
        pt1_0.deleted_at,
        pt1_0.end_time,
        pt1_0.estimated_duration,
        pt1_0.result,
        pt1_0.site_id,
        pt1_0.start_time,
        pt1_0.updated_at 
    from
        pdi_task pt1_0
Hibernate: 
    /* <criteria> */ select
        pt1_0.id,
        pt1_0.actual_duration,
        pt1_0.channel_id,
        pt1_0.created_at,
        pt1_0.created_by,
        pt1_0.deleted_at,
        pt1_0.end_time,
        pt1_0.estimated_duration,
        pt1_0.result,
        pt1_0.site_id,
        pt1_0.start_time,
        pt1_0.updated_at 
    from
        pdi_task pt1_0
2026-04-06T00:52:17.340+08:00 DEBUG 69205 --- [pdi-behavior-archive-test] [           main] org.hibernate.SQL                        : 
    /* insert for
        com.vdc.pdi.behaviorarchive.domain.entity.PdiTask */insert 
    into
        pdi_task (actual_duration, channel_id, created_at, created_by, deleted_at, end_time, estimated_duration, result, site_id, start_time, updated_at, id) 
    values
        (?, ?, ?, ?, ?, ?, ?, ?, ?, ?, ?, default)
Hibernate: 
    /* insert for
        com.vdc.pdi.behaviorarchive.domain.entity.PdiTask */insert 
    into
        pdi_task (actual_duration, channel_id, created_at, created_by, deleted_at, end_time, estimated_duration, result, site_id, start_time, updated_at, id) 
    values
        (?, ?, ?, ?, ?, ?, ?, ?, ?, ?, ?, default)
2026-04-06T00:52:17.341+08:00 DEBUG 69205 --- [pdi-behavior-archive-test] [           main] org.hibernate.SQL                        : 
    /* insert for
        com.vdc.pdi.behaviorarchive.domain.entity.BehaviorArchive */insert 
    into
        behavior_archive (actual_duration, channel_id, created_at, created_by, deleted_at, end_time, estimated_duration, pdi_task_id, site_id, start_time, status, updated_at, id) 
    values
        (?, ?, ?, ?, ?, ?, ?, ?, ?, ?, ?, ?, default)
Hibernate: 
    /* insert for
        com.vdc.pdi.behaviorarchive.domain.entity.BehaviorArchive */insert 
    into
        behavior_archive (actual_duration, channel_id, created_at, created_by, deleted_at, end_time, estimated_duration, pdi_task_id, site_id, start_time, status, updated_at, id) 
    values
        (?, ?, ?, ?, ?, ?, ?, ?, ?, ?, ?, ?, default)
2026-04-06T00:52:17.341+08:00 DEBUG 69205 --- [pdi-behavior-archive-test] [           main] org.hibernate.SQL                        : 
    /* insert for
        com.vdc.pdi.behaviorarchive.domain.entity.PdiTask */insert 
    into
        pdi_task (actual_duration, channel_id, created_at, created_by, deleted_at, end_time, estimated_duration, result, site_id, start_time, updated_at, id) 
    values
        (?, ?, ?, ?, ?, ?, ?, ?, ?, ?, ?, default)
Hibernate: 
    /* insert for
        com.vdc.pdi.behaviorarchive.domain.entity.PdiTask */insert 
    into
        pdi_task (actual_duration, channel_id, created_at, created_by, deleted_at, end_time, estimated_duration, result, site_id, start_time, updated_at, id) 
    values
        (?, ?, ?, ?, ?, ?, ?, ?, ?, ?, ?, default)
2026-04-06T00:52:17.342+08:00 DEBUG 69205 --- [pdi-behavior-archive-test] [           main] org.hibernate.SQL                        : 
    /* insert for
        com.vdc.pdi.behaviorarchive.domain.entity.BehaviorArchive */insert 
    into
        behavior_archive (actual_duration, channel_id, created_at, created_by, deleted_at, end_time, estimated_duration, pdi_task_id, site_id, start_time, status, updated_at, id) 
    values
        (?, ?, ?, ?, ?, ?, ?, ?, ?, ?, ?, ?, default)
Hibernate: 
    /* insert for
        com.vdc.pdi.behaviorarchive.domain.entity.BehaviorArchive */insert 
    into
        behavior_archive (actual_duration, channel_id, created_at, created_by, deleted_at, end_time, estimated_duration, pdi_task_id, site_id, start_time, status, updated_at, id) 
    values
        (?, ?, ?, ?, ?, ?, ?, ?, ?, ?, ?, ?, default)
2026-04-06T00:52:17.342+08:00 DEBUG 69205 --- [pdi-behavior-archive-test] [           main] org.hibernate.SQL                        : 
    /* insert for
        com.vdc.pdi.behaviorarchive.domain.entity.PdiTask */insert 
    into
        pdi_task (actual_duration, channel_id, created_at, created_by, deleted_at, end_time, estimated_duration, result, site_id, start_time, updated_at, id) 
    values
        (?, ?, ?, ?, ?, ?, ?, ?, ?, ?, ?, default)
Hibernate: 
    /* insert for
        com.vdc.pdi.behaviorarchive.domain.entity.PdiTask */insert 
    into
        pdi_task (actual_duration, channel_id, created_at, created_by, deleted_at, end_time, estimated_duration, result, site_id, start_time, updated_at, id) 
    values
        (?, ?, ?, ?, ?, ?, ?, ?, ?, ?, ?, default)
2026-04-06T00:52:17.342+08:00 DEBUG 69205 --- [pdi-behavior-archive-test] [           main] org.hibernate.SQL                        : 
    /* insert for
        com.vdc.pdi.behaviorarchive.domain.entity.BehaviorArchive */insert 
    into
        behavior_archive (actual_duration, channel_id, created_at, created_by, deleted_at, end_time, estimated_duration, pdi_task_id, site_id, start_time, status, updated_at, id) 
    values
        (?, ?, ?, ?, ?, ?, ?, ?, ?, ?, ?, ?, default)
Hibernate: 
    /* insert for
        com.vdc.pdi.behaviorarchive.domain.entity.BehaviorArchive */insert 
    into
        behavior_archive (actual_duration, channel_id, created_at, created_by, deleted_at, end_time, estimated_duration, pdi_task_id, site_id, start_time, status, updated_at, id) 
    values
        (?, ?, ?, ?, ?, ?, ?, ?, ?, ?, ?, ?, default)
2026-04-06T00:52:17.343+08:00 DEBUG 69205 --- [pdi-behavior-archive-test] [           main] org.hibernate.SQL                        : 
    /* insert for
        com.vdc.pdi.behaviorarchive.domain.entity.PdiTask */insert 
    into
        pdi_task (actual_duration, channel_id, created_at, created_by, deleted_at, end_time, estimated_duration, result, site_id, start_time, updated_at, id) 
    values
        (?, ?, ?, ?, ?, ?, ?, ?, ?, ?, ?, default)
Hibernate: 
    /* insert for
        com.vdc.pdi.behaviorarchive.domain.entity.PdiTask */insert 
    into
        pdi_task (actual_duration, channel_id, created_at, created_by, deleted_at, end_time, estimated_duration, result, site_id, start_time, updated_at, id) 
    values
        (?, ?, ?, ?, ?, ?, ?, ?, ?, ?, ?, default)
2026-04-06T00:52:17.343+08:00 DEBUG 69205 --- [pdi-behavior-archive-test] [           main] org.hibernate.SQL                        : 
    /* insert for
        com.vdc.pdi.behaviorarchive.domain.entity.BehaviorArchive */insert 
    into
        behavior_archive (actual_duration, channel_id, created_at, created_by, deleted_at, end_time, estimated_duration, pdi_task_id, site_id, start_time, status, updated_at, id) 
    values
        (?, ?, ?, ?, ?, ?, ?, ?, ?, ?, ?, ?, default)
Hibernate: 
    /* insert for
        com.vdc.pdi.behaviorarchive.domain.entity.BehaviorArchive */insert 
    into
        behavior_archive (actual_duration, channel_id, created_at, created_by, deleted_at, end_time, estimated_duration, pdi_task_id, site_id, start_time, status, updated_at, id) 
    values
        (?, ?, ?, ?, ?, ?, ?, ?, ?, ?, ?, ?, default)
2026-04-06T00:52:17.343+08:00 DEBUG 69205 --- [pdi-behavior-archive-test] [           main] org.hibernate.SQL                        : 
    /* insert for
        com.vdc.pdi.behaviorarchive.domain.entity.PdiTask */insert 
    into
        pdi_task (actual_duration, channel_id, created_at, created_by, deleted_at, end_time, estimated_duration, result, site_id, start_time, updated_at, id) 
    values
        (?, ?, ?, ?, ?, ?, ?, ?, ?, ?, ?, default)
Hibernate: 
    /* insert for
        com.vdc.pdi.behaviorarchive.domain.entity.PdiTask */insert 
    into
        pdi_task (actual_duration, channel_id, created_at, created_by, deleted_at, end_time, estimated_duration, result, site_id, start_time, updated_at, id) 
    values
        (?, ?, ?, ?, ?, ?, ?, ?, ?, ?, ?, default)
2026-04-06T00:52:17.344+08:00 DEBUG 69205 --- [pdi-behavior-archive-test] [           main] org.hibernate.SQL                        : 
    /* insert for
        com.vdc.pdi.behaviorarchive.domain.entity.BehaviorArchive */insert 
    into
        behavior_archive (actual_duration, channel_id, created_at, created_by, deleted_at, end_time, estimated_duration, pdi_task_id, site_id, start_time, status, updated_at, id) 
    values
        (?, ?, ?, ?, ?, ?, ?, ?, ?, ?, ?, ?, default)
Hibernate: 
    /* insert for
        com.vdc.pdi.behaviorarchive.domain.entity.BehaviorArchive */insert 
    into
        behavior_archive (actual_duration, channel_id, created_at, created_by, deleted_at, end_time, estimated_duration, pdi_task_id, site_id, start_time, status, updated_at, id) 
    values
        (?, ?, ?, ?, ?, ?, ?, ?, ?, ?, ?, ?, default)
2026-04-06T00:52:17.417+08:00  INFO 69205 --- [pdi-behavior-archive-test] [o-auto-1-exec-1] o.a.c.c.C.[Tomcat].[localhost].[/]       : Initializing Spring DispatcherServlet 'dispatcherServlet'
2026-04-06T00:52:17.417+08:00  INFO 69205 --- [pdi-behavior-archive-test] [o-auto-1-exec-1] o.s.web.servlet.DispatcherServlet        : Initializing Servlet 'dispatcherServlet'
2026-04-06T00:52:17.417+08:00  INFO 69205 --- [pdi-behavior-archive-test] [o-auto-1-exec-1] o.s.web.servlet.DispatcherServlet        : Completed initialization in 0 ms
]]></system-out>
  </testcase>
  <testcase name="apiIntegration_ArchiveNotFound" classname="档案模块集成测试" time="0.007">
    <failure message="&#10;expected: 400 BAD_REQUEST&#10; but was: 401 UNAUTHORIZED" type="org.opentest4j.AssertionFailedError"><![CDATA[org.opentest4j.AssertionFailedError: 

expected: 400 BAD_REQUEST
 but was: 401 UNAUTHORIZED
	at java.base/jdk.internal.reflect.NativeConstructorAccessorImpl.newInstance0(Native Method)
	at java.base/jdk.internal.reflect.NativeConstructorAccessorImpl.newInstance(NativeConstructorAccessorImpl.java:77)
	at java.base/jdk.internal.reflect.DelegatingConstructorAccessorImpl.newInstance(DelegatingConstructorAccessorImpl.java:45)
	at java.base/java.lang.reflect.Constructor.newInstanceWithCaller(Constructor.java:499)
	at com.vdc.pdi.behaviorarchive.integration.ArchiveIntegrationTest.apiIntegration_ArchiveNotFound(ArchiveIntegrationTest.java:382)
	at java.base/java.lang.reflect.Method.invoke(Method.java:568)
	at java.base/java.util.ArrayList.forEach(ArrayList.java:1511)
	at java.base/java.util.ArrayList.forEach(ArrayList.java:1511)
]]></failure>
    <system-out><![CDATA[2026-04-06T00:52:17.446+08:00 DEBUG 69205 --- [pdi-behavior-archive-test] [           main] org.hibernate.SQL                        : 
    /* <criteria> */ select
        at1_0.id,
        at1_0.action,
        at1_0.archive_id,
        at1_0.created_at,
        at1_0.created_by,
        at1_0.deleted_at,
        at1_0.event_time,
        at1_0.image_url,
        at1_0.seq,
        at1_0.site_id,
        at1_0.updated_at 
    from
        archive_timeline at1_0
Hibernate: 
    /* <criteria> */ select
        at1_0.id,
        at1_0.action,
        at1_0.archive_id,
        at1_0.created_at,
        at1_0.created_by,
        at1_0.deleted_at,
        at1_0.event_time,
        at1_0.image_url,
        at1_0.seq,
        at1_0.site_id,
        at1_0.updated_at 
    from
        archive_timeline at1_0
2026-04-06T00:52:17.446+08:00 DEBUG 69205 --- [pdi-behavior-archive-test] [           main] org.hibernate.SQL                        : 
    /* <criteria> */ select
        ba1_0.id,
        ba1_0.actual_duration,
        ba1_0.channel_id,
        ba1_0.created_at,
        ba1_0.created_by,
        ba1_0.deleted_at,
        ba1_0.end_time,
        ba1_0.estimated_duration,
        ba1_0.pdi_task_id,
        ba1_0.site_id,
        ba1_0.start_time,
        ba1_0.status,
        ba1_0.updated_at 
    from
        behavior_archive ba1_0
Hibernate: 
    /* <criteria> */ select
        ba1_0.id,
        ba1_0.actual_duration,
        ba1_0.channel_id,
        ba1_0.created_at,
        ba1_0.created_by,
        ba1_0.deleted_at,
        ba1_0.end_time,
        ba1_0.estimated_duration,
        ba1_0.pdi_task_id,
        ba1_0.site_id,
        ba1_0.start_time,
        ba1_0.status,
        ba1_0.updated_at 
    from
        behavior_archive ba1_0
2026-04-06T00:52:17.446+08:00 DEBUG 69205 --- [pdi-behavior-archive-test] [           main] org.hibernate.SQL                        : 
    /* <criteria> */ select
        pt1_0.id,
        pt1_0.actual_duration,
        pt1_0.channel_id,
        pt1_0.created_at,
        pt1_0.created_by,
        pt1_0.deleted_at,
        pt1_0.end_time,
        pt1_0.estimated_duration,
        pt1_0.result,
        pt1_0.site_id,
        pt1_0.start_time,
        pt1_0.updated_at 
    from
        pdi_task pt1_0
Hibernate: 
    /* <criteria> */ select
        pt1_0.id,
        pt1_0.actual_duration,
        pt1_0.channel_id,
        pt1_0.created_at,
        pt1_0.created_by,
        pt1_0.deleted_at,
        pt1_0.end_time,
        pt1_0.estimated_duration,
        pt1_0.result,
        pt1_0.site_id,
        pt1_0.start_time,
        pt1_0.updated_at 
    from
        pdi_task pt1_0
]]></system-out>
  </testcase>
  <testcase name="timelineAssembly_FullFlow_InProgressTask" classname="档案模块集成测试" time="0.005">
    <error message="could not execute statement [NULL not allowed for column &quot;SITE_ID&quot;; SQL statement:&#10;/* insert for com.vdc.pdi.behaviorarchive.domain.entity.ArchiveTimeline */insert into archive_timeline (action,archive_id,created_at,created_by,deleted_at,event_time [23502-224]] [/* insert for com.vdc.pdi.behaviorarchive.domain.entity.ArchiveTimeline */insert into archive_timeline (action,archive_id,created_at,created_by,deleted_at,event_time,image_url,seq,site_id,updated_at,id) values (?,?,?,?,?,?,?,?,?,?,default)]; SQL [/* insert for com.vdc.pdi.behaviorarchive.domain.entity.ArchiveTimeline */insert into archive_timeline (action,archive_id,created_at,created_by,deleted_at,event_time,image_url,seq,site_id,updated_at,id) values (?,?,?,?,?,?,?,?,?,?,default)]; constraint [null]" type="org.springframework.dao.DataIntegrityViolationException"><![CDATA[org.springframework.dao.DataIntegrityViolationException: 
could not execute statement [NULL not allowed for column "SITE_ID"; SQL statement:
/* insert for com.vdc.pdi.behaviorarchive.domain.entity.ArchiveTimeline */insert into archive_timeline (action,archive_id,created_at,created_by,deleted_at,event_time [23502-224]] [/* insert for com.vdc.pdi.behaviorarchive.domain.entity.ArchiveTimeline */insert into archive_timeline (action,archive_id,created_at,created_by,deleted_at,event_time,image_url,seq,site_id,updated_at,id) values (?,?,?,?,?,?,?,?,?,?,default)]; SQL [/* insert for com.vdc.pdi.behaviorarchive.domain.entity.ArchiveTimeline */insert into archive_timeline (action,archive_id,created_at,created_by,deleted_at,event_time,image_url,seq,site_id,updated_at,id) values (?,?,?,?,?,?,?,?,?,?,default)]; constraint [null]
	at org.springframework.orm.jpa.vendor.HibernateJpaDialect.convertHibernateAccessException(HibernateJpaDialect.java:290)
	at org.springframework.orm.jpa.vendor.HibernateJpaDialect.translateExceptionIfPossible(HibernateJpaDialect.java:241)
	at org.springframework.orm.jpa.AbstractEntityManagerFactoryBean.translateExceptionIfPossible(AbstractEntityManagerFactoryBean.java:550)
	at org.springframework.dao.support.ChainedPersistenceExceptionTranslator.translateExceptionIfPossible(ChainedPersistenceExceptionTranslator.java:61)
	at org.springframework.dao.support.DataAccessUtils.translateIfNecessary(DataAccessUtils.java:335)
	at org.springframework.dao.support.PersistenceExceptionTranslationInterceptor.invoke(PersistenceExceptionTranslationInterceptor.java:152)
	at org.springframework.aop.framework.ReflectiveMethodInvocation.proceed(ReflectiveMethodInvocation.java:184)
	at org.springframework.data.jpa.repository.support.CrudMethodMetadataPostProcessor$CrudMethodMetadataPopulatingMethodInterceptor.invoke(CrudMethodMetadataPostProcessor.java:164)
	at org.springframework.aop.framework.ReflectiveMethodInvocation.proceed(ReflectiveMethodInvocation.java:184)
	at org.springframework.aop.interceptor.ExposeInvocationInterceptor.invoke(ExposeInvocationInterceptor.java:97)
	at org.springframework.aop.framework.ReflectiveMethodInvocation.proceed(ReflectiveMethodInvocation.java:184)
	at org.springframework.aop.framework.JdkDynamicAopProxy.invoke(JdkDynamicAopProxy.java:220)
	at jdk.proxy2/jdk.proxy2.$Proxy138.save(Unknown Source)
	at com.vdc.pdi.behaviorarchive.integration.ArchiveIntegrationTest.timelineAssembly_FullFlow_InProgressTask(ArchiveIntegrationTest.java:272)
	at java.base/java.lang.reflect.Method.invoke(Method.java:568)
	at java.base/java.util.ArrayList.forEach(ArrayList.java:1511)
	at java.base/java.util.ArrayList.forEach(ArrayList.java:1511)
Caused by: org.hibernate.exception.ConstraintViolationException: could not execute statement [NULL not allowed for column "SITE_ID"; SQL statement:
/* insert for com.vdc.pdi.behaviorarchive.domain.entity.ArchiveTimeline */insert into archive_timeline (action,archive_id,created_at,created_by,deleted_at,event_time [23502-224]] [/* insert for com.vdc.pdi.behaviorarchive.domain.entity.ArchiveTimeline */insert into archive_timeline (action,archive_id,created_at,created_by,deleted_at,event_time,image_url,seq,site_id,updated_at,id) values (?,?,?,?,?,?,?,?,?,?,default)]
	at org.hibernate.exception.internal.SQLExceptionTypeDelegate.convert(SQLExceptionTypeDelegate.java:62)
	at org.hibernate.exception.internal.StandardSQLExceptionConverter.convert(StandardSQLExceptionConverter.java:58)
	at org.hibernate.engine.jdbc.spi.SqlExceptionHelper.convert(SqlExceptionHelper.java:108)
	at org.hibernate.engine.jdbc.internal.ResultSetReturnImpl.executeUpdate(ResultSetReturnImpl.java:197)
	at org.hibernate.id.insert.GetGeneratedKeysDelegate.performInsert(GetGeneratedKeysDelegate.java:107)
	at org.hibernate.engine.jdbc.mutation.internal.MutationExecutorPostInsertSingleTable.execute(MutationExecutorPostInsertSingleTable.java:100)
	at org.hibernate.persister.entity.mutation.InsertCoordinator.doStaticInserts(InsertCoordinator.java:175)
	at org.hibernate.persister.entity.mutation.InsertCoordinator.coordinateInsert(InsertCoordinator.java:113)
	at org.hibernate.persister.entity.AbstractEntityPersister.insert(AbstractEntityPersister.java:2868)
	at org.hibernate.action.internal.EntityIdentityInsertAction.execute(EntityIdentityInsertAction.java:81)
	at org.hibernate.engine.spi.ActionQueue.execute(ActionQueue.java:670)
	at org.hibernate.engine.spi.ActionQueue.addResolvedEntityInsertAction(ActionQueue.java:291)
	at org.hibernate.engine.spi.ActionQueue.addInsertAction(ActionQueue.java:272)
	at org.hibernate.engine.spi.ActionQueue.addAction(ActionQueue.java:322)
	at org.hibernate.event.internal.AbstractSaveEventListener.addInsertAction(AbstractSaveEventListener.java:386)
	at org.hibernate.event.internal.AbstractSaveEventListener.performSaveOrReplicate(AbstractSaveEventListener.java:300)
	at org.hibernate.event.internal.AbstractSaveEventListener.performSave(AbstractSaveEventListener.java:219)
	at org.hibernate.event.internal.AbstractSaveEventListener.saveWithGeneratedId(AbstractSaveEventListener.java:134)
	at org.hibernate.event.internal.DefaultPersistEventListener.entityIsTransient(DefaultPersistEventListener.java:175)
	at org.hibernate.event.internal.DefaultPersistEventListener.persist(DefaultPersistEventListener.java:93)
	at org.hibernate.event.internal.DefaultPersistEventListener.onPersist(DefaultPersistEventListener.java:77)
	at org.hibernate.event.internal.DefaultPersistEventListener.onPersist(DefaultPersistEventListener.java:54)
	at org.hibernate.event.service.internal.EventListenerGroupImpl.fireEventOnEachListener(EventListenerGroupImpl.java:127)
	at org.hibernate.internal.SessionImpl.firePersist(SessionImpl.java:754)
	at org.hibernate.internal.SessionImpl.persist(SessionImpl.java:738)
	at jdk.internal.reflect.GeneratedMethodAccessor50.invoke(Unknown Source)
	at java.base/jdk.internal.reflect.DelegatingMethodAccessorImpl.invoke(DelegatingMethodAccessorImpl.java:43)
	at java.base/java.lang.reflect.Method.invoke(Method.java:568)
	at org.springframework.orm.jpa.SharedEntityManagerCreator$SharedEntityManagerInvocationHandler.invoke(SharedEntityManagerCreator.java:319)
	at jdk.proxy2/jdk.proxy2.$Proxy128.persist(Unknown Source)
	at org.springframework.data.jpa.repository.support.SimpleJpaRepository.save(SimpleJpaRepository.java:618)
	at jdk.internal.reflect.GeneratedMethodAccessor49.invoke(Unknown Source)
	at java.base/jdk.internal.reflect.DelegatingMethodAccessorImpl.invoke(DelegatingMethodAccessorImpl.java:43)
	at java.base/java.lang.reflect.Method.invoke(Method.java:568)
	at org.springframework.aop.support.AopUtils.invokeJoinpointUsingReflection(AopUtils.java:351)
	at org.springframework.data.repository.core.support.RepositoryMethodInvoker$RepositoryFragmentMethodInvoker.lambda$new$0(RepositoryMethodInvoker.java:277)
	at org.springframework.data.repository.core.support.RepositoryMethodInvoker.doInvoke(RepositoryMethodInvoker.java:170)
	at org.springframework.data.repository.core.support.RepositoryMethodInvoker.invoke(RepositoryMethodInvoker.java:158)
	at org.springframework.data.repository.core.support.RepositoryComposition$RepositoryFragments.invoke(RepositoryComposition.java:516)
	at org.springframework.data.repository.core.support.RepositoryComposition.invoke(RepositoryComposition.java:285)
	at org.springframework.data.repository.core.support.RepositoryFactorySupport$ImplementationMethodExecutionInterceptor.invoke(RepositoryFactorySupport.java:628)
	at org.springframework.aop.framework.ReflectiveMethodInvocation.proceed(ReflectiveMethodInvocation.java:184)
	at org.springframework.data.repository.core.support.QueryExecutorMethodInterceptor.doInvoke(QueryExecutorMethodInterceptor.java:168)
	at org.springframework.data.repository.core.support.QueryExecutorMethodInterceptor.invoke(QueryExecutorMethodInterceptor.java:143)
	at org.springframework.aop.framework.ReflectiveMethodInvocation.proceed(ReflectiveMethodInvocation.java:184)
	at org.springframework.data.projection.DefaultMethodInvokingMethodInterceptor.invoke(DefaultMethodInvokingMethodInterceptor.java:70)
	at org.springframework.aop.framework.ReflectiveMethodInvocation.proceed(ReflectiveMethodInvocation.java:184)
	at org.springframework.transaction.interceptor.TransactionInterceptor$1.proceedWithInvocation(TransactionInterceptor.java:123)
	at org.springframework.transaction.interceptor.TransactionAspectSupport.invokeWithinTransaction(TransactionAspectSupport.java:392)
	at org.springframework.transaction.interceptor.TransactionInterceptor.invoke(TransactionInterceptor.java:119)
	at org.springframework.aop.framework.ReflectiveMethodInvocation.proceed(ReflectiveMethodInvocation.java:184)
	at org.springframework.dao.support.PersistenceExceptionTranslationInterceptor.invoke(PersistenceExceptionTranslationInterceptor.java:137)
	... 11 more
Caused by: org.h2.jdbc.JdbcSQLIntegrityConstraintViolationException: NULL not allowed for column "SITE_ID"; SQL statement:
/* insert for com.vdc.pdi.behaviorarchive.domain.entity.ArchiveTimeline */insert into archive_timeline (action,archive_id,created_at,created_by,deleted_at,event_time [23502-224]
	at org.h2.message.DbException.getJdbcSQLException(DbException.java:520)
	at org.h2.message.DbException.getJdbcSQLException(DbException.java:489)
	at org.h2.message.DbException.get(DbException.java:223)
	at org.h2.message.DbException.get(DbException.java:199)
	at org.h2.table.Column.validateConvertUpdateSequence(Column.java:365)
	at org.h2.table.Table.convertInsertRow(Table.java:936)
	at org.h2.command.dml.Insert.insertRows(Insert.java:167)
	at org.h2.command.dml.Insert.update(Insert.java:135)
	at org.h2.command.CommandContainer.executeUpdateWithGeneratedKeys(CommandContainer.java:242)
	at org.h2.command.CommandContainer.update(CommandContainer.java:163)
	at org.h2.command.Command.executeUpdate(Command.java:256)
	at org.h2.jdbc.JdbcPreparedStatement.executeUpdateInternal(JdbcPreparedStatement.java:216)
	at org.h2.jdbc.JdbcPreparedStatement.executeUpdate(JdbcPreparedStatement.java:174)
	at com.zaxxer.hikari.pool.ProxyPreparedStatement.executeUpdate(ProxyPreparedStatement.java:61)
	at com.zaxxer.hikari.pool.HikariProxyPreparedStatement.executeUpdate(HikariProxyPreparedStatement.java)
	at org.hibernate.engine.jdbc.internal.ResultSetReturnImpl.executeUpdate(ResultSetReturnImpl.java:194)
	... 59 more
]]></error>
    <system-out><![CDATA[2026-04-06T00:52:17.453+08:00 DEBUG 69205 --- [pdi-behavior-archive-test] [           main] org.hibernate.SQL                        : 
    /* <criteria> */ select
        at1_0.id,
        at1_0.action,
        at1_0.archive_id,
        at1_0.created_at,
        at1_0.created_by,
        at1_0.deleted_at,
        at1_0.event_time,
        at1_0.image_url,
        at1_0.seq,
        at1_0.site_id,
        at1_0.updated_at 
    from
        archive_timeline at1_0
Hibernate: 
    /* <criteria> */ select
        at1_0.id,
        at1_0.action,
        at1_0.archive_id,
        at1_0.created_at,
        at1_0.created_by,
        at1_0.deleted_at,
        at1_0.event_time,
        at1_0.image_url,
        at1_0.seq,
        at1_0.site_id,
        at1_0.updated_at 
    from
        archive_timeline at1_0
2026-04-06T00:52:17.454+08:00 DEBUG 69205 --- [pdi-behavior-archive-test] [           main] org.hibernate.SQL                        : 
    /* <criteria> */ select
        ba1_0.id,
        ba1_0.actual_duration,
        ba1_0.channel_id,
        ba1_0.created_at,
        ba1_0.created_by,
        ba1_0.deleted_at,
        ba1_0.end_time,
        ba1_0.estimated_duration,
        ba1_0.pdi_task_id,
        ba1_0.site_id,
        ba1_0.start_time,
        ba1_0.status,
        ba1_0.updated_at 
    from
        behavior_archive ba1_0
Hibernate: 
    /* <criteria> */ select
        ba1_0.id,
        ba1_0.actual_duration,
        ba1_0.channel_id,
        ba1_0.created_at,
        ba1_0.created_by,
        ba1_0.deleted_at,
        ba1_0.end_time,
        ba1_0.estimated_duration,
        ba1_0.pdi_task_id,
        ba1_0.site_id,
        ba1_0.start_time,
        ba1_0.status,
        ba1_0.updated_at 
    from
        behavior_archive ba1_0
2026-04-06T00:52:17.454+08:00 DEBUG 69205 --- [pdi-behavior-archive-test] [           main] org.hibernate.SQL                        : 
    /* <criteria> */ select
        pt1_0.id,
        pt1_0.actual_duration,
        pt1_0.channel_id,
        pt1_0.created_at,
        pt1_0.created_by,
        pt1_0.deleted_at,
        pt1_0.end_time,
        pt1_0.estimated_duration,
        pt1_0.result,
        pt1_0.site_id,
        pt1_0.start_time,
        pt1_0.updated_at 
    from
        pdi_task pt1_0
Hibernate: 
    /* <criteria> */ select
        pt1_0.id,
        pt1_0.actual_duration,
        pt1_0.channel_id,
        pt1_0.created_at,
        pt1_0.created_by,
        pt1_0.deleted_at,
        pt1_0.end_time,
        pt1_0.estimated_duration,
        pt1_0.result,
        pt1_0.site_id,
        pt1_0.start_time,
        pt1_0.updated_at 
    from
        pdi_task pt1_0
2026-04-06T00:52:17.455+08:00 DEBUG 69205 --- [pdi-behavior-archive-test] [           main] org.hibernate.SQL                        : 
    /* insert for
        com.vdc.pdi.behaviorarchive.domain.entity.PdiTask */insert 
    into
        pdi_task (actual_duration, channel_id, created_at, created_by, deleted_at, end_time, estimated_duration, result, site_id, start_time, updated_at, id) 
    values
        (?, ?, ?, ?, ?, ?, ?, ?, ?, ?, ?, default)
Hibernate: 
    /* insert for
        com.vdc.pdi.behaviorarchive.domain.entity.PdiTask */insert 
    into
        pdi_task (actual_duration, channel_id, created_at, created_by, deleted_at, end_time, estimated_duration, result, site_id, start_time, updated_at, id) 
    values
        (?, ?, ?, ?, ?, ?, ?, ?, ?, ?, ?, default)
2026-04-06T00:52:17.455+08:00 DEBUG 69205 --- [pdi-behavior-archive-test] [           main] org.hibernate.SQL                        : 
    /* insert for
        com.vdc.pdi.behaviorarchive.domain.entity.BehaviorArchive */insert 
    into
        behavior_archive (actual_duration, channel_id, created_at, created_by, deleted_at, end_time, estimated_duration, pdi_task_id, site_id, start_time, status, updated_at, id) 
    values
        (?, ?, ?, ?, ?, ?, ?, ?, ?, ?, ?, ?, default)
Hibernate: 
    /* insert for
        com.vdc.pdi.behaviorarchive.domain.entity.BehaviorArchive */insert 
    into
        behavior_archive (actual_duration, channel_id, created_at, created_by, deleted_at, end_time, estimated_duration, pdi_task_id, site_id, start_time, status, updated_at, id) 
    values
        (?, ?, ?, ?, ?, ?, ?, ?, ?, ?, ?, ?, default)
2026-04-06T00:52:17.456+08:00 DEBUG 69205 --- [pdi-behavior-archive-test] [           main] org.hibernate.SQL                        : 
    /* insert for
        com.vdc.pdi.behaviorarchive.domain.entity.ArchiveTimeline */insert 
    into
        archive_timeline (action, archive_id, created_at, created_by, deleted_at, event_time, image_url, seq, site_id, updated_at, id) 
    values
        (?, ?, ?, ?, ?, ?, ?, ?, ?, ?, default)
Hibernate: 
    /* insert for
        com.vdc.pdi.behaviorarchive.domain.entity.ArchiveTimeline */insert 
    into
        archive_timeline (action, archive_id, created_at, created_by, deleted_at, event_time, image_url, seq, site_id, updated_at, id) 
    values
        (?, ?, ?, ?, ?, ?, ?, ?, ?, ?, default)
2026-04-06T00:52:17.456+08:00  WARN 69205 --- [pdi-behavior-archive-test] [           main] o.h.engine.jdbc.spi.SqlExceptionHelper   : SQL Error: 23502, SQLState: 23502
2026-04-06T00:52:17.456+08:00 ERROR 69205 --- [pdi-behavior-archive-test] [           main] o.h.engine.jdbc.spi.SqlExceptionHelper   : NULL not allowed for column "SITE_ID"; SQL statement:
/* insert for com.vdc.pdi.behaviorarchive.domain.entity.ArchiveTimeline */insert into archive_timeline (action,archive_id,created_at,created_by,deleted_at,event_time [23502-224]
]]></system-out>
  </testcase>
  <testcase name="apiIntegration_GetArchiveDetail" classname="档案模块集成测试" time="0.008">
    <failure message="&#10;expected: 200 OK&#10; but was: 401 UNAUTHORIZED" type="org.opentest4j.AssertionFailedError"><![CDATA[org.opentest4j.AssertionFailedError: 

expected: 200 OK
 but was: 401 UNAUTHORIZED
	at java.base/jdk.internal.reflect.NativeConstructorAccessorImpl.newInstance0(Native Method)
	at java.base/jdk.internal.reflect.NativeConstructorAccessorImpl.newInstance(NativeConstructorAccessorImpl.java:77)
	at java.base/jdk.internal.reflect.DelegatingConstructorAccessorImpl.newInstance(DelegatingConstructorAccessorImpl.java:45)
	at java.base/java.lang.reflect.Constructor.newInstanceWithCaller(Constructor.java:499)
	at com.vdc.pdi.behaviorarchive.integration.ArchiveIntegrationTest.apiIntegration_GetArchiveDetail(ArchiveIntegrationTest.java:369)
	at java.base/java.lang.reflect.Method.invoke(Method.java:568)
	at java.base/java.util.ArrayList.forEach(ArrayList.java:1511)
	at java.base/java.util.ArrayList.forEach(ArrayList.java:1511)
]]></failure>
    <system-out><![CDATA[2026-04-06T00:52:17.460+08:00 DEBUG 69205 --- [pdi-behavior-archive-test] [           main] org.hibernate.SQL                        : 
    /* <criteria> */ select
        at1_0.id,
        at1_0.action,
        at1_0.archive_id,
        at1_0.created_at,
        at1_0.created_by,
        at1_0.deleted_at,
        at1_0.event_time,
        at1_0.image_url,
        at1_0.seq,
        at1_0.site_id,
        at1_0.updated_at 
    from
        archive_timeline at1_0
Hibernate: 
    /* <criteria> */ select
        at1_0.id,
        at1_0.action,
        at1_0.archive_id,
        at1_0.created_at,
        at1_0.created_by,
        at1_0.deleted_at,
        at1_0.event_time,
        at1_0.image_url,
        at1_0.seq,
        at1_0.site_id,
        at1_0.updated_at 
    from
        archive_timeline at1_0
2026-04-06T00:52:17.460+08:00 DEBUG 69205 --- [pdi-behavior-archive-test] [           main] org.hibernate.SQL                        : 
    /* <criteria> */ select
        ba1_0.id,
        ba1_0.actual_duration,
        ba1_0.channel_id,
        ba1_0.created_at,
        ba1_0.created_by,
        ba1_0.deleted_at,
        ba1_0.end_time,
        ba1_0.estimated_duration,
        ba1_0.pdi_task_id,
        ba1_0.site_id,
        ba1_0.start_time,
        ba1_0.status,
        ba1_0.updated_at 
    from
        behavior_archive ba1_0
Hibernate: 
    /* <criteria> */ select
        ba1_0.id,
        ba1_0.actual_duration,
        ba1_0.channel_id,
        ba1_0.created_at,
        ba1_0.created_by,
        ba1_0.deleted_at,
        ba1_0.end_time,
        ba1_0.estimated_duration,
        ba1_0.pdi_task_id,
        ba1_0.site_id,
        ba1_0.start_time,
        ba1_0.status,
        ba1_0.updated_at 
    from
        behavior_archive ba1_0
2026-04-06T00:52:17.460+08:00 DEBUG 69205 --- [pdi-behavior-archive-test] [           main] org.hibernate.SQL                        : 
    /* <criteria> */ select
        pt1_0.id,
        pt1_0.actual_duration,
        pt1_0.channel_id,
        pt1_0.created_at,
        pt1_0.created_by,
        pt1_0.deleted_at,
        pt1_0.end_time,
        pt1_0.estimated_duration,
        pt1_0.result,
        pt1_0.site_id,
        pt1_0.start_time,
        pt1_0.updated_at 
    from
        pdi_task pt1_0
Hibernate: 
    /* <criteria> */ select
        pt1_0.id,
        pt1_0.actual_duration,
        pt1_0.channel_id,
        pt1_0.created_at,
        pt1_0.created_by,
        pt1_0.deleted_at,
        pt1_0.end_time,
        pt1_0.estimated_duration,
        pt1_0.result,
        pt1_0.site_id,
        pt1_0.start_time,
        pt1_0.updated_at 
    from
        pdi_task pt1_0
2026-04-06T00:52:17.461+08:00 DEBUG 69205 --- [pdi-behavior-archive-test] [           main] org.hibernate.SQL                        : 
    /* insert for
        com.vdc.pdi.behaviorarchive.domain.entity.PdiTask */insert 
    into
        pdi_task (actual_duration, channel_id, created_at, created_by, deleted_at, end_time, estimated_duration, result, site_id, start_time, updated_at, id) 
    values
        (?, ?, ?, ?, ?, ?, ?, ?, ?, ?, ?, default)
Hibernate: 
    /* insert for
        com.vdc.pdi.behaviorarchive.domain.entity.PdiTask */insert 
    into
        pdi_task (actual_duration, channel_id, created_at, created_by, deleted_at, end_time, estimated_duration, result, site_id, start_time, updated_at, id) 
    values
        (?, ?, ?, ?, ?, ?, ?, ?, ?, ?, ?, default)
2026-04-06T00:52:17.462+08:00 DEBUG 69205 --- [pdi-behavior-archive-test] [           main] org.hibernate.SQL                        : 
    /* insert for
        com.vdc.pdi.behaviorarchive.domain.entity.BehaviorArchive */insert 
    into
        behavior_archive (actual_duration, channel_id, created_at, created_by, deleted_at, end_time, estimated_duration, pdi_task_id, site_id, start_time, status, updated_at, id) 
    values
        (?, ?, ?, ?, ?, ?, ?, ?, ?, ?, ?, ?, default)
Hibernate: 
    /* insert for
        com.vdc.pdi.behaviorarchive.domain.entity.BehaviorArchive */insert 
    into
        behavior_archive (actual_duration, channel_id, created_at, created_by, deleted_at, end_time, estimated_duration, pdi_task_id, site_id, start_time, status, updated_at, id) 
    values
        (?, ?, ?, ?, ?, ?, ?, ?, ?, ?, ?, ?, default)
]]></system-out>
  </testcase>
</testsuite>